INFO: [HLS 200-10] Running '/share/reconfig/xilinx_2022/Vitis_HLS/2022.2/bin/unwrapped/lnx64.o/vitis_hls'
INFO: [HLS 200-10] For user 'jbakos' on host 'tachyon.cse.sc.edu' (Linux_x86_64 version 5.8.0-53-generic) on Mon Nov 20 13:30:13 EST 2023
INFO: [HLS 200-10] On os Ubuntu 20.04.6 LTS
INFO: [HLS 200-10] In directory '/share/jbakos/data/designs/ellipse_solver'
Sourcing Tcl script '/share/jbakos/data/designs/ellipse_solver/ellipse_solver/solution1/csynth.tcl'
INFO: [HLS 200-1510] Running: source /share/jbakos/data/designs/ellipse_solver/ellipse_solver/solution1/csynth.tcl
INFO: [HLS 200-1510] Running: open_project ellipse_solver 
INFO: [HLS 200-10] Opening project '/share/jbakos/data/designs/ellipse_solver/ellipse_solver'.
INFO: [HLS 200-1510] Running: set_top ellipse_solver 
INFO: [HLS 200-1510] Running: add_files ellipse_solver.cpp 
INFO: [HLS 200-10] Adding design file 'ellipse_solver.cpp' to the project
INFO: [HLS 200-1510] Running: open_solution solution1 -flow_target vivado 
INFO: [HLS 200-10] Opening solution '/share/jbakos/data/designs/ellipse_solver/ellipse_solver/solution1'.
INFO: [SYN 201-201] Setting up clock 'default' with a period of 10ns.
INFO: [HLS 200-1611] Setting target device to 'xczu7ev-ffvc1156-2-e'
INFO: [HLS 200-1505] Using flow_target 'vivado'
Resolution: For help on HLS 200-1505 see www.xilinx.com/cgi-bin/docs/rdoc?v=2022.2;t=hls+guidance;d=200-1505.html
INFO: [HLS 200-1510] Running: set_part xczu7ev-ffvc1156-2-e 
INFO: [HLS 200-1510] Running: create_clock -period 10 -name default 
INFO: [HLS 200-1510] Running: csynth_design 
Running Dispatch Server on port: 46739
INFO: [HLS 200-111] Finished File checks and directory preparation: CPU user time: 0.01 seconds. CPU system time: 0.02 seconds. Elapsed time: 10.05 seconds; current allocated memory: 751.051 MB.
INFO: [HLS 200-10] Analyzing design file 'ellipse_solver.cpp' ... 
WARNING: [HLS 207-5554] unexpected pragma parameter 'bundle' (ellipse_solver.cpp:10:40)
WARNING: [HLS 207-5554] unexpected pragma parameter 'bundle' (ellipse_solver.cpp:11:40)
INFO: [HLS 200-111] Finished Source Code Analysis and Preprocessing: CPU user time: 2.91 seconds. CPU system time: 0.87 seconds. Elapsed time: 3.78 seconds; current allocated memory: 751.051 MB.
INFO: [HLS 200-777] Using interface defaults for 'Vivado' flow target.
INFO: [HLS 214-291] Loop 'inner_second_loop' is marked as complete unroll implied by the pipeline pragma (ellipse_solver.cpp:39:20)
INFO: [HLS 214-186] Unrolling loop 'inner_second_loop' (ellipse_solver.cpp:39:20) in function 'ellipse_solver' completely with a factor of 8 (ellipse_solver.cpp:5:0)
INFO: [HLS 214-248] Applying array_partition to 'dataHard': Complete partitioning on dimension 1. Complete partitioning on dimension 2. (ellipse_solver.cpp:13:13)
INFO: [HLS 214-248] Applying array_partition to 'outData': Complete partitioning on dimension 1. (ellipse_solver.cpp:17:6)
INFO: [HLS 214-241] Aggregating bram variable 'matrix' with compact=bit mode in 32-bits (ellipse_solver.cpp:5:0)
INFO: [HLS 200-111] Finished Compiling Optimization and Transform: CPU user time: 3.06 seconds. CPU system time: 0.57 seconds. Elapsed time: 3.64 seconds; current allocated memory: 752.031 MB.
INFO: [HLS 200-111] Finished Checking Pragmas: CPU user time: 0 seconds. CPU system time: 0 seconds. Elapsed time: 0 seconds; current allocated memory: 752.031 MB.
INFO: [HLS 200-10] Starting code transformations ...
INFO: [HLS 200-111] Finished Standard Transforms: CPU user time: 0.07 seconds. CPU system time: 0 seconds. Elapsed time: 0.07 seconds; current allocated memory: 756.270 MB.
INFO: [HLS 200-10] Checking synthesizability ...
INFO: [HLS 200-111] Finished Checking Synthesizability: CPU user time: 0.08 seconds. CPU system time: 0.01 seconds. Elapsed time: 0.09 seconds; current allocated memory: 760.113 MB.
INFO: [XFORM 203-510] Pipelining loop 'Loop-2' in function 'ellipse_solver' automatically.
INFO: [XFORM 203-11] Balancing expressions in function 'ellipse_solver' (ellipse_solver.cpp:5:14)...15 expression(s) balanced.
INFO: [HLS 200-111] Finished Loop, function and other optimizations: CPU user time: 0.17 seconds. CPU system time: 0 seconds. Elapsed time: 0.17 seconds; current allocated memory: 787.555 MB.
INFO: [HLS 200-111] Finished Architecture Synthesis: CPU user time: 0.14 seconds. CPU system time: 0.01 seconds. Elapsed time: 0.14 seconds; current allocated memory: 809.184 MB.
INFO: [HLS 200-10] Starting hardware synthesis ...
INFO: [HLS 200-10] Synthesizing 'ellipse_solver' ...
INFO: [HLS 200-10] ----------------------------------------------------------------
INFO: [HLS 200-42] -- Implementing module 'ellipse_solver_Pipeline_1' 
INFO: [HLS 200-10] ----------------------------------------------------------------
INFO: [SCHED 204-11] Starting scheduling ...
INFO: [SCHED 204-61] Pipelining loop 'Loop 1'.
INFO: [HLS 200-1470] Pipelining result : Target II = NA, Final II = 1, Depth = 1, loop 'Loop 1'
INFO: [SCHED 204-11] Finished scheduling.
INFO: [HLS 200-111] Finished Scheduling: CPU user time: 0.1 seconds. CPU system time: 0.03 seconds. Elapsed time: 0.14 seconds; current allocated memory: 811.105 MB.
INFO: [BIND 205-100] Starting micro-architecture generation ...
INFO: [BIND 205-101] Performing variable lifetime analysis.
INFO: [BIND 205-101] Exploring resource sharing.
INFO: [BIND 205-101] Binding ...
INFO: [BIND 205-100] Finished micro-architecture generation.
INFO: [HLS 200-111] Finished Binding: CPU user time: 0.02 seconds. CPU system time: 0 seconds. Elapsed time: 0.01 seconds; current allocated memory: 811.105 MB.
INFO: [HLS 200-10] ----------------------------------------------------------------
INFO: [HLS 200-42] -- Implementing module 'ellipse_solver_Pipeline_first_loop' 
INFO: [HLS 200-10] ----------------------------------------------------------------
INFO: [SCHED 204-11] Starting scheduling ...
INFO: [SCHED 204-61] Pipelining loop 'first_loop'.
INFO: [HLS 200-1470] Pipelining result : Target II = NA, Final II = 1, Depth = 3, loop 'first_loop'
INFO: [SCHED 204-11] Finished scheduling.
INFO: [HLS 200-111] Finished Scheduling: CPU user time: 0.16 seconds. CPU system time: 0.01 seconds. Elapsed time: 0.17 seconds; current allocated memory: 814.113 MB.
INFO: [BIND 205-100] Starting micro-architecture generation ...
INFO: [BIND 205-101] Performing variable lifetime analysis.
INFO: [BIND 205-101] Exploring resource sharing.
INFO: [BIND 205-101] Binding ...
INFO: [BIND 205-100] Finished micro-architecture generation.
INFO: [HLS 200-111] Finished Binding: CPU user time: 0.06 seconds. CPU system time: 0 seconds. Elapsed time: 0.06 seconds; current allocated memory: 814.113 MB.
INFO: [HLS 200-10] ----------------------------------------------------------------
INFO: [HLS 200-42] -- Implementing module 'ellipse_solver_Pipeline_second_loop' 
INFO: [HLS 200-10] ----------------------------------------------------------------
INFO: [SCHED 204-11] Starting scheduling ...
INFO: [SCHED 204-61] Pipelining loop 'second_loop'.
INFO: [HLS 200-1470] Pipelining result : Target II = NA, Final II = 1, Depth = 2, loop 'second_loop'
INFO: [SCHED 204-11] Finished scheduling.
INFO: [HLS 200-111] Finished Scheduling: CPU user time: 0.21 seconds. CPU system time: 0 seconds. Elapsed time: 0.22 seconds; current allocated memory: 816.602 MB.
INFO: [BIND 205-100] Starting micro-architecture generation ...
INFO: [BIND 205-101] Performing variable lifetime analysis.
INFO: [BIND 205-101] Exploring resource sharing.
INFO: [BIND 205-101] Binding ...
INFO: [BIND 205-100] Finished micro-architecture generation.
INFO: [HLS 200-111] Finished Binding: CPU user time: 0.04 seconds. CPU system time: 0 seconds. Elapsed time: 0.04 seconds; current allocated memory: 816.602 MB.
INFO: [HLS 200-10] ----------------------------------------------------------------
INFO: [HLS 200-42] -- Implementing module 'ellipse_solver' 
INFO: [HLS 200-10] ----------------------------------------------------------------
INFO: [SCHED 204-11] Starting scheduling ...
INFO: [SCHED 204-11] Finished scheduling.
INFO: [HLS 200-111] Finished Scheduling: CPU user time: 0.21 seconds. CPU system time: 0 seconds. Elapsed time: 0.2 seconds; current allocated memory: 818.133 MB.
INFO: [BIND 205-100] Starting micro-architecture generation ...
INFO: [BIND 205-101] Performing variable lifetime analysis.
INFO: [BIND 205-101] Exploring resource sharing.
INFO: [BIND 205-101] Binding ...
INFO: [BIND 205-100] Finished micro-architecture generation.
INFO: [HLS 200-111] Finished Binding: CPU user time: 0.11 seconds. CPU system time: 0 seconds. Elapsed time: 0.12 seconds; current allocated memory: 818.133 MB.
INFO: [HLS 200-10] ----------------------------------------------------------------
INFO: [HLS 200-10] -- Generating RTL for module 'ellipse_solver_Pipeline_1' 
INFO: [HLS 200-10] ----------------------------------------------------------------
INFO: [RTGEN 206-100] Finished creating RTL model for 'ellipse_solver_Pipeline_1'.
INFO: [HLS 200-111] Finished Creating RTL model: CPU user time: 0.1 seconds. CPU system time: 0.01 seconds. Elapsed time: 0.11 seconds; current allocated memory: 818.133 MB.
INFO: [HLS 200-10] ----------------------------------------------------------------
INFO: [HLS 200-10] -- Generating RTL for module 'ellipse_solver_Pipeline_first_loop' 
INFO: [HLS 200-10] ----------------------------------------------------------------
INFO: [HLS 200-1030] Apply Unified Pipeline Control on module 'ellipse_solver_Pipeline_first_loop' pipeline 'first_loop' pipeline type 'loop pipeline'
INFO: [RTGEN 206-100] Generating core module 'mul_32s_32s_32_1_1': 11 instance(s).
INFO: [RTGEN 206-100] Finished creating RTL model for 'ellipse_solver_Pipeline_first_loop'.
INFO: [HLS 200-111] Finished Creating RTL model: CPU user time: 0.08 seconds. CPU system time: 0.01 seconds. Elapsed time: 0.09 seconds; current allocated memory: 822.051 MB.
INFO: [HLS 200-10] ----------------------------------------------------------------
INFO: [HLS 200-10] -- Generating RTL for module 'ellipse_solver_Pipeline_second_loop' 
INFO: [HLS 200-10] ----------------------------------------------------------------
INFO: [HLS 200-1030] Apply Unified Pipeline Control on module 'ellipse_solver_Pipeline_second_loop' pipeline 'second_loop' pipeline type 'loop pipeline'
INFO: [RTGEN 206-100] Generating core module 'mux_134_32_1_1': 9 instance(s).
INFO: [RTGEN 206-100] Finished creating RTL model for 'ellipse_solver_Pipeline_second_loop'.
INFO: [HLS 200-111] Finished Creating RTL model: CPU user time: 0.24 seconds. CPU system time: 0.01 seconds. Elapsed time: 0.25 seconds; current allocated memory: 830.062 MB.
INFO: [HLS 200-10] ----------------------------------------------------------------
INFO: [HLS 200-10] -- Generating RTL for module 'ellipse_solver' 
INFO: [HLS 200-10] ----------------------------------------------------------------
WARNING: [RTGEN 206-101] Design contains AXI ports. Reset is fixed to synchronous and active low.
INFO: [RTGEN 206-500] Setting interface mode on port 'ellipse_solver/dataPoints' to 'ap_memory'.
INFO: [RTGEN 206-500] Setting interface mode on port 'ellipse_solver/matrix' to 'ap_memory'.
INFO: [RTGEN 206-500] Setting interface mode on function 'ellipse_solver' to 's_axilite & ap_ctrl_hs'.
INFO: [RTGEN 206-100] Bundling port 'return' to AXI-Lite port control.
INFO: [RTGEN 206-100] Finished creating RTL model for 'ellipse_solver'.
INFO: [HLS 200-111] Finished Creating RTL model: CPU user time: 0.22 seconds. CPU system time: 0 seconds. Elapsed time: 0.22 seconds; current allocated memory: 837.398 MB.
INFO: [HLS 200-111] Finished Generating all RTL models: CPU user time: 0.39 seconds. CPU system time: 0.03 seconds. Elapsed time: 0.42 seconds; current allocated memory: 844.715 MB.
INFO: [HLS 200-111] Finished Updating report files: CPU user time: 0.27 seconds. CPU system time: 0.02 seconds. Elapsed time: 0.29 seconds; current allocated memory: 853.828 MB.
INFO: [VHDL 208-304] Generating VHDL RTL for ellipse_solver.
INFO: [VLOG 209-307] Generating Verilog RTL for ellipse_solver.
INFO: [HLS 200-790] **** Loop Constraint Status: All loop constraints were satisfied.
INFO: [HLS 200-789] **** Estimated Fmax: 146.20 MHz
INFO: [HLS 200-111] Finished Command csynth_design CPU user time: 8.66 seconds. CPU system time: 1.59 seconds. Elapsed time: 10.26 seconds; current allocated memory: 102.953 MB.
INFO: [HLS 200-112] Total CPU user time: 11.07 seconds. Total CPU system time: 2.14 seconds. Total elapsed time: 22.97 seconds; peak allocated memory: 854.004 MB.
