

================================================================
== Vitis HLS Report for 'ellipse_solver'
================================================================
* Date:           Mon Nov 20 13:30:34 2023

* Version:        2022.2 (Build 3670227 on Oct 13 2022)
* Project:        ellipse_solver
* Solution:       solution1 (Vivado IP Flow Target)
* Product family: zynquplus
* Target device:  xczu7ev-ffvc1156-2-e


================================================================
== Performance Estimates
================================================================
+ Timing: 
    * Summary: 
    +--------+----------+----------+------------+
    |  Clock |  Target  | Estimated| Uncertainty|
    +--------+----------+----------+------------+
    |ap_clk  |  10.00 ns|  6.840 ns|     2.70 ns|
    +--------+----------+----------+------------+

+ Latency: 
    * Summary: 
    +---------+---------+----------+----------+-----+-----+---------+
    |  Latency (cycles) |  Latency (absolute) |  Interval | Pipeline|
    |   min   |   max   |    min   |    max   | min | max |   Type  |
    +---------+---------+----------+----------+-----+-----+---------+
    |       49|       49|  0.490 us|  0.490 us|   50|   50|       no|
    +---------+---------+----------+----------+-----+-----+---------+

    + Detail: 
        * Instance: 
        +-------------------------------------------------+-------------------------------------+---------+---------+----------+----------+-----+-----+---------+
        |                                                 |                                     |  Latency (cycles) |  Latency (absolute) |  Interval | Pipeline|
        |                     Instance                    |                Module               |   min   |   max   |    min   |    max   | min | max |   Type  |
        +-------------------------------------------------+-------------------------------------+---------+---------+----------+----------+-----+-----+---------+
        |grp_ellipse_solver_Pipeline_1_fu_892             |ellipse_solver_Pipeline_1            |       16|       16|  0.160 us|  0.160 us|   16|   16|       no|
        |grp_ellipse_solver_Pipeline_first_loop_fu_909    |ellipse_solver_Pipeline_first_loop   |       11|       11|  0.110 us|  0.110 us|   11|   11|       no|
        |grp_ellipse_solver_Pipeline_second_loop_fu_1019  |ellipse_solver_Pipeline_second_loop  |       15|       15|  0.150 us|  0.150 us|   15|   15|       no|
        +-------------------------------------------------+-------------------------------------+---------+---------+----------+----------+-----+-----+---------+

        * Loop: 
        N/A



================================================================
== Utilization Estimates
================================================================
* Summary: 
+-----------------+---------+------+--------+--------+-----+
|       Name      | BRAM_18K|  DSP |   FF   |   LUT  | URAM|
+-----------------+---------+------+--------+--------+-----+
|DSP              |        -|     -|       -|       -|    -|
|Expression       |        -|     -|       0|     197|    -|
|FIFO             |        -|     -|       -|       -|    -|
|Instance         |        0|    33|    3937|    1438|    0|
|Memory           |        -|     -|       -|       -|    -|
|Multiplexer      |        -|     -|       -|     355|    -|
|Register         |        -|     -|      22|       -|    -|
+-----------------+---------+------+--------+--------+-----+
|Total            |        0|    33|    3959|    1990|    0|
+-----------------+---------+------+--------+--------+-----+
|Available        |      624|  1728|  460800|  230400|   96|
+-----------------+---------+------+--------+--------+-----+
|Utilization (%)  |        0|     1|      ~0|      ~0|    0|
+-----------------+---------+------+--------+--------+-----+

+ Detail: 
    * Instance: 
    +-------------------------------------------------+-------------------------------------+---------+----+------+------+-----+
    |                     Instance                    |                Module               | BRAM_18K| DSP|  FF  |  LUT | URAM|
    +-------------------------------------------------+-------------------------------------+---------+----+------+------+-----+
    |control_s_axi_U                                  |control_s_axi                        |        0|   0|    36|    40|    0|
    |grp_ellipse_solver_Pipeline_1_fu_892             |ellipse_solver_Pipeline_1            |        0|   0|     6|    48|    0|
    |grp_ellipse_solver_Pipeline_first_loop_fu_909    |ellipse_solver_Pipeline_first_loop   |        0|  33|  3472|   288|    0|
    |grp_ellipse_solver_Pipeline_second_loop_fu_1019  |ellipse_solver_Pipeline_second_loop  |        0|   0|   423|  1062|    0|
    +-------------------------------------------------+-------------------------------------+---------+----+------+------+-----+
    |Total                                            |                                     |        0|  33|  3937|  1438|    0|
    +-------------------------------------------------+-------------------------------------+---------+----+------+------+-----+

    * DSP: 
    N/A

    * Memory: 
    N/A

    * FIFO: 
    N/A

    * Expression: 
    +---------------------------------+----------+----+---+----+------------+------------+
    |          Variable Name          | Operation| DSP| FF| LUT| Bitwidth P0| Bitwidth P1|
    +---------------------------------+----------+----+---+----+------------+------------+
    |sub_ln52_fu_1644_p2              |         -|   0|  0|  39|           1|          32|
    |sub_ln58_fu_1662_p2              |         -|   0|  0|  39|           1|          32|
    |sub_ln64_fu_1680_p2              |         -|   0|  0|  39|           1|          32|
    |sub_ln70_fu_1691_p2              |         -|   0|  0|  39|           1|          32|
    |sub_ln76_fu_1697_p2              |         -|   0|  0|  39|           1|          32|
    |ap_block_state2_on_subcall_done  |        or|   0|  0|   2|           1|           1|
    +---------------------------------+----------+----+---+----+------------+------------+
    |Total                            |          |   0|  0| 197|           6|         161|
    +---------------------------------+----------+----+---+----+------------+------------+

    * Multiplexer: 
    +-----------------+-----+-----------+-----+-----------+
    |       Name      | LUT | Input Size| Bits| Total Bits|
    +-----------------+-----+-----------+-----+-----------+
    |ap_NS_fsm        |  101|         20|    1|         20|
    |matrix_address0  |   65|         16|    5|         80|
    |matrix_address1  |   65|         16|    5|         80|
    |matrix_d0        |   59|         11|   32|        352|
    |matrix_d1        |   65|         14|   32|        448|
    +-----------------+-----+-----------+-----+-----------+
    |Total            |  355|         77|   75|        980|
    +-----------------+-----+-----------+-----+-----------+

    * Register: 
    +--------------------------------------------------------------+----+----+-----+-----------+
    |                             Name                             | FF | LUT| Bits| Const Bits|
    +--------------------------------------------------------------+----+----+-----+-----------+
    |ap_CS_fsm                                                     |  19|   0|   19|          0|
    |grp_ellipse_solver_Pipeline_1_fu_892_ap_start_reg             |   1|   0|    1|          0|
    |grp_ellipse_solver_Pipeline_first_loop_fu_909_ap_start_reg    |   1|   0|    1|          0|
    |grp_ellipse_solver_Pipeline_second_loop_fu_1019_ap_start_reg  |   1|   0|    1|          0|
    +--------------------------------------------------------------+----+----+-----+-----------+
    |Total                                                         |  22|   0|   22|          0|
    +--------------------------------------------------------------+----+----+-----+-----------+



================================================================
== Interface
================================================================
* Summary: 
+-----------------------+-----+-----+------------+----------------+--------------+
|       RTL Ports       | Dir | Bits|  Protocol  |  Source Object |    C Type    |
+-----------------------+-----+-----+------------+----------------+--------------+
|s_axi_control_AWVALID  |   in|    1|       s_axi|         control|   return void|
|s_axi_control_AWREADY  |  out|    1|       s_axi|         control|   return void|
|s_axi_control_AWADDR   |   in|    4|       s_axi|         control|   return void|
|s_axi_control_WVALID   |   in|    1|       s_axi|         control|   return void|
|s_axi_control_WREADY   |  out|    1|       s_axi|         control|   return void|
|s_axi_control_WDATA    |   in|   32|       s_axi|         control|   return void|
|s_axi_control_WSTRB    |   in|    4|       s_axi|         control|   return void|
|s_axi_control_ARVALID  |   in|    1|       s_axi|         control|   return void|
|s_axi_control_ARREADY  |  out|    1|       s_axi|         control|   return void|
|s_axi_control_ARADDR   |   in|    4|       s_axi|         control|   return void|
|s_axi_control_RVALID   |  out|    1|       s_axi|         control|   return void|
|s_axi_control_RREADY   |   in|    1|       s_axi|         control|   return void|
|s_axi_control_RDATA    |  out|   32|       s_axi|         control|   return void|
|s_axi_control_RRESP    |  out|    2|       s_axi|         control|   return void|
|s_axi_control_BVALID   |  out|    1|       s_axi|         control|   return void|
|s_axi_control_BREADY   |   in|    1|       s_axi|         control|   return void|
|s_axi_control_BRESP    |  out|    2|       s_axi|         control|   return void|
|ap_clk                 |   in|    1|  ap_ctrl_hs|  ellipse_solver|  return value|
|ap_rst_n               |   in|    1|  ap_ctrl_hs|  ellipse_solver|  return value|
|interrupt              |  out|    1|  ap_ctrl_hs|  ellipse_solver|  return value|
|dataPoints_address0    |  out|    3|   ap_memory|      dataPoints|         array|
|dataPoints_ce0         |  out|    1|   ap_memory|      dataPoints|         array|
|dataPoints_q0          |   in|   64|   ap_memory|      dataPoints|         array|
|matrix_address0        |  out|    5|   ap_memory|          matrix|         array|
|matrix_ce0             |  out|    1|   ap_memory|          matrix|         array|
|matrix_we0             |  out|    1|   ap_memory|          matrix|         array|
|matrix_d0              |  out|   32|   ap_memory|          matrix|         array|
|matrix_address1        |  out|    5|   ap_memory|          matrix|         array|
|matrix_ce1             |  out|    1|   ap_memory|          matrix|         array|
|matrix_we1             |  out|    1|   ap_memory|          matrix|         array|
|matrix_d1              |  out|   32|   ap_memory|          matrix|         array|
+-----------------------+-----+-----+------------+----------------+--------------+

