

================================================================
== Vitis HLS Report for 'ellipse_solver_Pipeline_first_loop'
================================================================
* Date:           Mon Nov 20 13:30:34 2023

* Version:        2022.2 (Build 3670227 on Oct 13 2022)
* Project:        ellipse_solver
* Solution:       solution1 (Vivado IP Flow Target)
* Product family: zynquplus
* Target device:  xczu7ev-ffvc1156-2-e


================================================================
== Performance Estimates
================================================================
+ Timing: 
    * Summary: 
    +--------+----------+----------+------------+
    |  Clock |  Target  | Estimated| Uncertainty|
    +--------+----------+----------+------------+
    |ap_clk  |  10.00 ns|  6.840 ns|     2.70 ns|
    +--------+----------+----------+------------+

+ Latency: 
    * Summary: 
    +---------+---------+----------+----------+-----+-----+---------+
    |  Latency (cycles) |  Latency (absolute) |  Interval | Pipeline|
    |   min   |   max   |    min   |    max   | min | max |   Type  |
    +---------+---------+----------+----------+-----+-----+---------+
    |       11|       11|  0.110 us|  0.110 us|   11|   11|       no|
    +---------+---------+----------+----------+-----+-----+---------+

    + Detail: 
        * Instance: 
        N/A

        * Loop: 
        +--------------+---------+---------+----------+-----------+-----------+------+----------+
        |              |  Latency (cycles) | Iteration|  Initiation Interval  | Trip |          |
        |   Loop Name  |   min   |   max   |  Latency |  achieved |   target  | Count| Pipelined|
        +--------------+---------+---------+----------+-----------+-----------+------+----------+
        |- first_loop  |        9|        9|         3|          1|          1|     8|       yes|
        +--------------+---------+---------+----------+-----------+-----------+------+----------+



================================================================
== Utilization Estimates
================================================================
* Summary: 
+-----------------+---------+------+--------+--------+-----+
|       Name      | BRAM_18K|  DSP |   FF   |   LUT  | URAM|
+-----------------+---------+------+--------+--------+-----+
|DSP              |        -|     -|       -|       -|    -|
|Expression       |        -|     -|       0|      23|    -|
|FIFO             |        -|     -|       -|       -|    -|
|Instance         |        -|    33|       0|     220|    -|
|Memory           |        -|     -|       -|       -|    -|
|Multiplexer      |        -|     -|       -|      45|    -|
|Register         |        -|     -|    3472|       -|    -|
+-----------------+---------+------+--------+--------+-----+
|Total            |        0|    33|    3472|     288|    0|
+-----------------+---------+------+--------+--------+-----+
|Available        |      624|  1728|  460800|  230400|   96|
+-----------------+---------+------+--------+--------+-----+
|Utilization (%)  |        0|     1|      ~0|      ~0|    0|
+-----------------+---------+------+--------+--------+-----+

+ Detail: 
    * Instance: 
    +------------------------+--------------------+---------+----+---+----+-----+
    |        Instance        |       Module       | BRAM_18K| DSP| FF| LUT| URAM|
    +------------------------+--------------------+---------+----+---+----+-----+
    |mul_32s_32s_32_1_1_U14  |mul_32s_32s_32_1_1  |        0|   3|  0|  20|    0|
    |mul_32s_32s_32_1_1_U15  |mul_32s_32s_32_1_1  |        0|   3|  0|  20|    0|
    |mul_32s_32s_32_1_1_U16  |mul_32s_32s_32_1_1  |        0|   3|  0|  20|    0|
    |mul_32s_32s_32_1_1_U17  |mul_32s_32s_32_1_1  |        0|   3|  0|  20|    0|
    |mul_32s_32s_32_1_1_U18  |mul_32s_32s_32_1_1  |        0|   3|  0|  20|    0|
    |mul_32s_32s_32_1_1_U19  |mul_32s_32s_32_1_1  |        0|   3|  0|  20|    0|
    |mul_32s_32s_32_1_1_U20  |mul_32s_32s_32_1_1  |        0|   3|  0|  20|    0|
    |mul_32s_32s_32_1_1_U21  |mul_32s_32s_32_1_1  |        0|   3|  0|  20|    0|
    |mul_32s_32s_32_1_1_U22  |mul_32s_32s_32_1_1  |        0|   3|  0|  20|    0|
    |mul_32s_32s_32_1_1_U23  |mul_32s_32s_32_1_1  |        0|   3|  0|  20|    0|
    |mul_32s_32s_32_1_1_U24  |mul_32s_32s_32_1_1  |        0|   3|  0|  20|    0|
    +------------------------+--------------------+---------+----+---+----+-----+
    |Total                   |                    |        0|  33|  0| 220|    0|
    +------------------------+--------------------+---------+----+---+----+-----+

    * DSP: 
    N/A

    * Memory: 
    N/A

    * FIFO: 
    N/A

    * Expression: 
    +----------------------+----------+----+---+----+------------+------------+
    |     Variable Name    | Operation| DSP| FF| LUT| Bitwidth P0| Bitwidth P1|
    +----------------------+----------+----+---+----+------------+------------+
    |add_ln20_fu_1442_p2   |         +|   0|  0|  12|           4|           1|
    |icmp_ln20_fu_1436_p2  |      icmp|   0|  0|   9|           4|           5|
    |ap_enable_pp0         |       xor|   0|  0|   2|           1|           2|
    +----------------------+----------+----+---+----+------------+------------+
    |Total                 |          |   0|  0|  23|           9|           8|
    +----------------------+----------+----+---+----+------------+------------+

    * Multiplexer: 
    +-------------------------+----+-----------+-----+-----------+
    |           Name          | LUT| Input Size| Bits| Total Bits|
    +-------------------------+----+-----------+-----+-----------+
    |ap_done_int              |   9|          2|    1|          2|
    |ap_enable_reg_pp0_iter1  |   9|          2|    1|          2|
    |ap_sig_allocacmp_i_2     |   9|          2|    4|          8|
    |dataHard_V_fu_266        |   9|          2|   32|         64|
    |i_fu_262                 |   9|          2|    4|          8|
    +-------------------------+----+-----------+-----+-----------+
    |Total                    |  45|         10|   42|         84|
    +-------------------------+----+-----------+-----+-----------+

    * Register: 
    +-----------------------------------+----+----+-----+-----------+
    |                Name               | FF | LUT| Bits| Const Bits|
    +-----------------------------------+----+----+-----+-----------+
    |ap_CS_fsm                          |   1|   0|    1|          0|
    |ap_done_reg                        |   1|   0|    1|          0|
    |ap_enable_reg_pp0_iter1            |   1|   0|    1|          0|
    |ap_enable_reg_pp0_iter2            |   1|   0|    1|          0|
    |ap_loop_exit_ready_pp0_iter1_reg   |   1|   0|    1|          0|
    |dataHard_V_100_fu_666              |  32|   0|   32|          0|
    |dataHard_V_101_fu_670              |  32|   0|   32|          0|
    |dataHard_V_102_fu_674              |  32|   0|   32|          0|
    |dataHard_V_103_fu_678              |  32|   0|   32|          0|
    |dataHard_V_104_reg_3076            |  32|   0|   32|          0|
    |dataHard_V_105_reg_3092            |  32|   0|   32|          0|
    |dataHard_V_10_fu_306               |  32|   0|   32|          0|
    |dataHard_V_111_reg_3107            |  32|   0|   32|          0|
    |dataHard_V_118_reg_3124            |  32|   0|   32|          0|
    |dataHard_V_11_fu_310               |  32|   0|   32|          0|
    |dataHard_V_12_fu_314               |  32|   0|   32|          0|
    |dataHard_V_13_fu_318               |  32|   0|   32|          0|
    |dataHard_V_14_fu_322               |  32|   0|   32|          0|
    |dataHard_V_15_fu_326               |  32|   0|   32|          0|
    |dataHard_V_16_fu_330               |  32|   0|   32|          0|
    |dataHard_V_17_fu_334               |  32|   0|   32|          0|
    |dataHard_V_18_fu_338               |  32|   0|   32|          0|
    |dataHard_V_19_fu_342               |  32|   0|   32|          0|
    |dataHard_V_1_fu_270                |  32|   0|   32|          0|
    |dataHard_V_20_fu_346               |  32|   0|   32|          0|
    |dataHard_V_21_fu_350               |  32|   0|   32|          0|
    |dataHard_V_22_fu_354               |  32|   0|   32|          0|
    |dataHard_V_23_fu_358               |  32|   0|   32|          0|
    |dataHard_V_24_fu_362               |  32|   0|   32|          0|
    |dataHard_V_25_fu_366               |  32|   0|   32|          0|
    |dataHard_V_26_fu_370               |  32|   0|   32|          0|
    |dataHard_V_27_fu_374               |  32|   0|   32|          0|
    |dataHard_V_28_fu_378               |  32|   0|   32|          0|
    |dataHard_V_29_fu_382               |  32|   0|   32|          0|
    |dataHard_V_2_fu_274                |  32|   0|   32|          0|
    |dataHard_V_30_fu_386               |  32|   0|   32|          0|
    |dataHard_V_31_fu_390               |  32|   0|   32|          0|
    |dataHard_V_32_fu_394               |  32|   0|   32|          0|
    |dataHard_V_33_fu_398               |  32|   0|   32|          0|
    |dataHard_V_34_fu_402               |  32|   0|   32|          0|
    |dataHard_V_35_fu_406               |  32|   0|   32|          0|
    |dataHard_V_36_fu_410               |  32|   0|   32|          0|
    |dataHard_V_37_fu_414               |  32|   0|   32|          0|
    |dataHard_V_38_fu_418               |  32|   0|   32|          0|
    |dataHard_V_39_fu_422               |  32|   0|   32|          0|
    |dataHard_V_3_fu_278                |  32|   0|   32|          0|
    |dataHard_V_40_fu_426               |  32|   0|   32|          0|
    |dataHard_V_41_fu_430               |  32|   0|   32|          0|
    |dataHard_V_42_fu_434               |  32|   0|   32|          0|
    |dataHard_V_43_fu_438               |  32|   0|   32|          0|
    |dataHard_V_44_fu_442               |  32|   0|   32|          0|
    |dataHard_V_45_fu_446               |  32|   0|   32|          0|
    |dataHard_V_46_fu_450               |  32|   0|   32|          0|
    |dataHard_V_47_fu_454               |  32|   0|   32|          0|
    |dataHard_V_48_fu_458               |  32|   0|   32|          0|
    |dataHard_V_49_fu_462               |  32|   0|   32|          0|
    |dataHard_V_4_fu_282                |  32|   0|   32|          0|
    |dataHard_V_50_fu_466               |  32|   0|   32|          0|
    |dataHard_V_51_fu_470               |  32|   0|   32|          0|
    |dataHard_V_52_fu_474               |  32|   0|   32|          0|
    |dataHard_V_53_fu_478               |  32|   0|   32|          0|
    |dataHard_V_54_fu_482               |  32|   0|   32|          0|
    |dataHard_V_55_fu_486               |  32|   0|   32|          0|
    |dataHard_V_56_fu_490               |  32|   0|   32|          0|
    |dataHard_V_57_fu_494               |  32|   0|   32|          0|
    |dataHard_V_58_fu_498               |  32|   0|   32|          0|
    |dataHard_V_59_fu_502               |  32|   0|   32|          0|
    |dataHard_V_5_fu_286                |  32|   0|   32|          0|
    |dataHard_V_60_fu_506               |  32|   0|   32|          0|
    |dataHard_V_61_fu_510               |  32|   0|   32|          0|
    |dataHard_V_62_fu_514               |  32|   0|   32|          0|
    |dataHard_V_63_fu_518               |  32|   0|   32|          0|
    |dataHard_V_64_fu_522               |  32|   0|   32|          0|
    |dataHard_V_65_fu_526               |  32|   0|   32|          0|
    |dataHard_V_66_fu_530               |  32|   0|   32|          0|
    |dataHard_V_67_fu_534               |  32|   0|   32|          0|
    |dataHard_V_68_fu_538               |  32|   0|   32|          0|
    |dataHard_V_69_fu_542               |  32|   0|   32|          0|
    |dataHard_V_6_fu_290                |  32|   0|   32|          0|
    |dataHard_V_70_fu_546               |  32|   0|   32|          0|
    |dataHard_V_71_fu_550               |  32|   0|   32|          0|
    |dataHard_V_72_fu_554               |  32|   0|   32|          0|
    |dataHard_V_73_fu_558               |  32|   0|   32|          0|
    |dataHard_V_74_fu_562               |  32|   0|   32|          0|
    |dataHard_V_75_fu_566               |  32|   0|   32|          0|
    |dataHard_V_76_fu_570               |  32|   0|   32|          0|
    |dataHard_V_77_fu_574               |  32|   0|   32|          0|
    |dataHard_V_78_fu_578               |  32|   0|   32|          0|
    |dataHard_V_79_fu_582               |  32|   0|   32|          0|
    |dataHard_V_7_fu_294                |  32|   0|   32|          0|
    |dataHard_V_80_fu_586               |  32|   0|   32|          0|
    |dataHard_V_81_fu_590               |  32|   0|   32|          0|
    |dataHard_V_82_fu_594               |  32|   0|   32|          0|
    |dataHard_V_83_fu_598               |  32|   0|   32|          0|
    |dataHard_V_84_fu_602               |  32|   0|   32|          0|
    |dataHard_V_85_fu_606               |  32|   0|   32|          0|
    |dataHard_V_86_fu_610               |  32|   0|   32|          0|
    |dataHard_V_87_fu_614               |  32|   0|   32|          0|
    |dataHard_V_88_fu_618               |  32|   0|   32|          0|
    |dataHard_V_89_fu_622               |  32|   0|   32|          0|
    |dataHard_V_8_fu_298                |  32|   0|   32|          0|
    |dataHard_V_90_fu_626               |  32|   0|   32|          0|
    |dataHard_V_91_fu_630               |  32|   0|   32|          0|
    |dataHard_V_92_fu_634               |  32|   0|   32|          0|
    |dataHard_V_93_fu_638               |  32|   0|   32|          0|
    |dataHard_V_94_fu_642               |  32|   0|   32|          0|
    |dataHard_V_95_fu_646               |  32|   0|   32|          0|
    |dataHard_V_96_fu_650               |  32|   0|   32|          0|
    |dataHard_V_97_fu_654               |  32|   0|   32|          0|
    |dataHard_V_98_fu_658               |  32|   0|   32|          0|
    |dataHard_V_99_fu_662               |  32|   0|   32|          0|
    |dataHard_V_9_fu_302                |  32|   0|   32|          0|
    |dataHard_V_fu_266                  |  32|   0|   32|          0|
    |i_fu_262                           |   4|   0|    4|          0|
    |icmp_ln20_reg_3063                 |   1|   0|    1|          0|
    |trunc_ln22_reg_3072                |   3|   0|    3|          0|
    |trunc_ln22_reg_3072_pp0_iter1_reg  |   3|   0|    3|          0|
    +-----------------------------------+----+----+-----+-----------+
    |Total                              |3472|   0| 3472|          0|
    +-----------------------------------+----+----+-----+-----------+



================================================================
== Interface
================================================================
* Summary: 
+---------------------------+-----+-----+------------+------------------------------------+--------------+
|         RTL Ports         | Dir | Bits|  Protocol  |            Source Object           |    C Type    |
+---------------------------+-----+-----+------------+------------------------------------+--------------+
|ap_clk                     |   in|    1|  ap_ctrl_hs|  ellipse_solver_Pipeline_first_loop|  return value|
|ap_rst                     |   in|    1|  ap_ctrl_hs|  ellipse_solver_Pipeline_first_loop|  return value|
|ap_start                   |   in|    1|  ap_ctrl_hs|  ellipse_solver_Pipeline_first_loop|  return value|
|ap_done                    |  out|    1|  ap_ctrl_hs|  ellipse_solver_Pipeline_first_loop|  return value|
|ap_idle                    |  out|    1|  ap_ctrl_hs|  ellipse_solver_Pipeline_first_loop|  return value|
|ap_ready                   |  out|    1|  ap_ctrl_hs|  ellipse_solver_Pipeline_first_loop|  return value|
|dataPoints_address0        |  out|    3|   ap_memory|                          dataPoints|         array|
|dataPoints_ce0             |  out|    1|   ap_memory|                          dataPoints|         array|
|dataPoints_q0              |   in|   64|   ap_memory|                          dataPoints|         array|
|dataHard_V_103_out         |  out|   32|      ap_vld|                  dataHard_V_103_out|       pointer|
|dataHard_V_103_out_ap_vld  |  out|    1|      ap_vld|                  dataHard_V_103_out|       pointer|
|dataHard_V_102_out         |  out|   32|      ap_vld|                  dataHard_V_102_out|       pointer|
|dataHard_V_102_out_ap_vld  |  out|    1|      ap_vld|                  dataHard_V_102_out|       pointer|
|dataHard_V_101_out         |  out|   32|      ap_vld|                  dataHard_V_101_out|       pointer|
|dataHard_V_101_out_ap_vld  |  out|    1|      ap_vld|                  dataHard_V_101_out|       pointer|
|dataHard_V_100_out         |  out|   32|      ap_vld|                  dataHard_V_100_out|       pointer|
|dataHard_V_100_out_ap_vld  |  out|    1|      ap_vld|                  dataHard_V_100_out|       pointer|
|dataHard_V_99_out          |  out|   32|      ap_vld|                   dataHard_V_99_out|       pointer|
|dataHard_V_99_out_ap_vld   |  out|    1|      ap_vld|                   dataHard_V_99_out|       pointer|
|dataHard_V_98_out          |  out|   32|      ap_vld|                   dataHard_V_98_out|       pointer|
|dataHard_V_98_out_ap_vld   |  out|    1|      ap_vld|                   dataHard_V_98_out|       pointer|
|dataHard_V_97_out          |  out|   32|      ap_vld|                   dataHard_V_97_out|       pointer|
|dataHard_V_97_out_ap_vld   |  out|    1|      ap_vld|                   dataHard_V_97_out|       pointer|
|dataHard_V_96_out          |  out|   32|      ap_vld|                   dataHard_V_96_out|       pointer|
|dataHard_V_96_out_ap_vld   |  out|    1|      ap_vld|                   dataHard_V_96_out|       pointer|
|dataHard_V_95_out          |  out|   32|      ap_vld|                   dataHard_V_95_out|       pointer|
|dataHard_V_95_out_ap_vld   |  out|    1|      ap_vld|                   dataHard_V_95_out|       pointer|
|dataHard_V_94_out          |  out|   32|      ap_vld|                   dataHard_V_94_out|       pointer|
|dataHard_V_94_out_ap_vld   |  out|    1|      ap_vld|                   dataHard_V_94_out|       pointer|
|dataHard_V_93_out          |  out|   32|      ap_vld|                   dataHard_V_93_out|       pointer|
|dataHard_V_93_out_ap_vld   |  out|    1|      ap_vld|                   dataHard_V_93_out|       pointer|
|dataHard_V_92_out          |  out|   32|      ap_vld|                   dataHard_V_92_out|       pointer|
|dataHard_V_92_out_ap_vld   |  out|    1|      ap_vld|                   dataHard_V_92_out|       pointer|
|dataHard_V_91_out          |  out|   32|      ap_vld|                   dataHard_V_91_out|       pointer|
|dataHard_V_91_out_ap_vld   |  out|    1|      ap_vld|                   dataHard_V_91_out|       pointer|
|dataHard_V_90_out          |  out|   32|      ap_vld|                   dataHard_V_90_out|       pointer|
|dataHard_V_90_out_ap_vld   |  out|    1|      ap_vld|                   dataHard_V_90_out|       pointer|
|dataHard_V_89_out          |  out|   32|      ap_vld|                   dataHard_V_89_out|       pointer|
|dataHard_V_89_out_ap_vld   |  out|    1|      ap_vld|                   dataHard_V_89_out|       pointer|
|dataHard_V_88_out          |  out|   32|      ap_vld|                   dataHard_V_88_out|       pointer|
|dataHard_V_88_out_ap_vld   |  out|    1|      ap_vld|                   dataHard_V_88_out|       pointer|
|dataHard_V_87_out          |  out|   32|      ap_vld|                   dataHard_V_87_out|       pointer|
|dataHard_V_87_out_ap_vld   |  out|    1|      ap_vld|                   dataHard_V_87_out|       pointer|
|dataHard_V_86_out          |  out|   32|      ap_vld|                   dataHard_V_86_out|       pointer|
|dataHard_V_86_out_ap_vld   |  out|    1|      ap_vld|                   dataHard_V_86_out|       pointer|
|dataHard_V_85_out          |  out|   32|      ap_vld|                   dataHard_V_85_out|       pointer|
|dataHard_V_85_out_ap_vld   |  out|    1|      ap_vld|                   dataHard_V_85_out|       pointer|
|dataHard_V_84_out          |  out|   32|      ap_vld|                   dataHard_V_84_out|       pointer|
|dataHard_V_84_out_ap_vld   |  out|    1|      ap_vld|                   dataHard_V_84_out|       pointer|
|dataHard_V_83_out          |  out|   32|      ap_vld|                   dataHard_V_83_out|       pointer|
|dataHard_V_83_out_ap_vld   |  out|    1|      ap_vld|                   dataHard_V_83_out|       pointer|
|dataHard_V_82_out          |  out|   32|      ap_vld|                   dataHard_V_82_out|       pointer|
|dataHard_V_82_out_ap_vld   |  out|    1|      ap_vld|                   dataHard_V_82_out|       pointer|
|dataHard_V_81_out          |  out|   32|      ap_vld|                   dataHard_V_81_out|       pointer|
|dataHard_V_81_out_ap_vld   |  out|    1|      ap_vld|                   dataHard_V_81_out|       pointer|
|dataHard_V_80_out          |  out|   32|      ap_vld|                   dataHard_V_80_out|       pointer|
|dataHard_V_80_out_ap_vld   |  out|    1|      ap_vld|                   dataHard_V_80_out|       pointer|
|dataHard_V_79_out          |  out|   32|      ap_vld|                   dataHard_V_79_out|       pointer|
|dataHard_V_79_out_ap_vld   |  out|    1|      ap_vld|                   dataHard_V_79_out|       pointer|
|dataHard_V_78_out          |  out|   32|      ap_vld|                   dataHard_V_78_out|       pointer|
|dataHard_V_78_out_ap_vld   |  out|    1|      ap_vld|                   dataHard_V_78_out|       pointer|
|dataHard_V_77_out          |  out|   32|      ap_vld|                   dataHard_V_77_out|       pointer|
|dataHard_V_77_out_ap_vld   |  out|    1|      ap_vld|                   dataHard_V_77_out|       pointer|
|dataHard_V_76_out          |  out|   32|      ap_vld|                   dataHard_V_76_out|       pointer|
|dataHard_V_76_out_ap_vld   |  out|    1|      ap_vld|                   dataHard_V_76_out|       pointer|
|dataHard_V_75_out          |  out|   32|      ap_vld|                   dataHard_V_75_out|       pointer|
|dataHard_V_75_out_ap_vld   |  out|    1|      ap_vld|                   dataHard_V_75_out|       pointer|
|dataHard_V_74_out          |  out|   32|      ap_vld|                   dataHard_V_74_out|       pointer|
|dataHard_V_74_out_ap_vld   |  out|    1|      ap_vld|                   dataHard_V_74_out|       pointer|
|dataHard_V_73_out          |  out|   32|      ap_vld|                   dataHard_V_73_out|       pointer|
|dataHard_V_73_out_ap_vld   |  out|    1|      ap_vld|                   dataHard_V_73_out|       pointer|
|dataHard_V_72_out          |  out|   32|      ap_vld|                   dataHard_V_72_out|       pointer|
|dataHard_V_72_out_ap_vld   |  out|    1|      ap_vld|                   dataHard_V_72_out|       pointer|
|dataHard_V_71_out          |  out|   32|      ap_vld|                   dataHard_V_71_out|       pointer|
|dataHard_V_71_out_ap_vld   |  out|    1|      ap_vld|                   dataHard_V_71_out|       pointer|
|dataHard_V_70_out          |  out|   32|      ap_vld|                   dataHard_V_70_out|       pointer|
|dataHard_V_70_out_ap_vld   |  out|    1|      ap_vld|                   dataHard_V_70_out|       pointer|
|dataHard_V_69_out          |  out|   32|      ap_vld|                   dataHard_V_69_out|       pointer|
|dataHard_V_69_out_ap_vld   |  out|    1|      ap_vld|                   dataHard_V_69_out|       pointer|
|dataHard_V_68_out          |  out|   32|      ap_vld|                   dataHard_V_68_out|       pointer|
|dataHard_V_68_out_ap_vld   |  out|    1|      ap_vld|                   dataHard_V_68_out|       pointer|
|dataHard_V_67_out          |  out|   32|      ap_vld|                   dataHard_V_67_out|       pointer|
|dataHard_V_67_out_ap_vld   |  out|    1|      ap_vld|                   dataHard_V_67_out|       pointer|
|dataHard_V_66_out          |  out|   32|      ap_vld|                   dataHard_V_66_out|       pointer|
|dataHard_V_66_out_ap_vld   |  out|    1|      ap_vld|                   dataHard_V_66_out|       pointer|
|dataHard_V_65_out          |  out|   32|      ap_vld|                   dataHard_V_65_out|       pointer|
|dataHard_V_65_out_ap_vld   |  out|    1|      ap_vld|                   dataHard_V_65_out|       pointer|
|dataHard_V_64_out          |  out|   32|      ap_vld|                   dataHard_V_64_out|       pointer|
|dataHard_V_64_out_ap_vld   |  out|    1|      ap_vld|                   dataHard_V_64_out|       pointer|
|dataHard_V_63_out          |  out|   32|      ap_vld|                   dataHard_V_63_out|       pointer|
|dataHard_V_63_out_ap_vld   |  out|    1|      ap_vld|                   dataHard_V_63_out|       pointer|
|dataHard_V_62_out          |  out|   32|      ap_vld|                   dataHard_V_62_out|       pointer|
|dataHard_V_62_out_ap_vld   |  out|    1|      ap_vld|                   dataHard_V_62_out|       pointer|
|dataHard_V_61_out          |  out|   32|      ap_vld|                   dataHard_V_61_out|       pointer|
|dataHard_V_61_out_ap_vld   |  out|    1|      ap_vld|                   dataHard_V_61_out|       pointer|
|dataHard_V_60_out          |  out|   32|      ap_vld|                   dataHard_V_60_out|       pointer|
|dataHard_V_60_out_ap_vld   |  out|    1|      ap_vld|                   dataHard_V_60_out|       pointer|
|dataHard_V_59_out          |  out|   32|      ap_vld|                   dataHard_V_59_out|       pointer|
|dataHard_V_59_out_ap_vld   |  out|    1|      ap_vld|                   dataHard_V_59_out|       pointer|
|dataHard_V_58_out          |  out|   32|      ap_vld|                   dataHard_V_58_out|       pointer|
|dataHard_V_58_out_ap_vld   |  out|    1|      ap_vld|                   dataHard_V_58_out|       pointer|
|dataHard_V_57_out          |  out|   32|      ap_vld|                   dataHard_V_57_out|       pointer|
|dataHard_V_57_out_ap_vld   |  out|    1|      ap_vld|                   dataHard_V_57_out|       pointer|
|dataHard_V_56_out          |  out|   32|      ap_vld|                   dataHard_V_56_out|       pointer|
|dataHard_V_56_out_ap_vld   |  out|    1|      ap_vld|                   dataHard_V_56_out|       pointer|
|dataHard_V_55_out          |  out|   32|      ap_vld|                   dataHard_V_55_out|       pointer|
|dataHard_V_55_out_ap_vld   |  out|    1|      ap_vld|                   dataHard_V_55_out|       pointer|
|dataHard_V_54_out          |  out|   32|      ap_vld|                   dataHard_V_54_out|       pointer|
|dataHard_V_54_out_ap_vld   |  out|    1|      ap_vld|                   dataHard_V_54_out|       pointer|
|dataHard_V_53_out          |  out|   32|      ap_vld|                   dataHard_V_53_out|       pointer|
|dataHard_V_53_out_ap_vld   |  out|    1|      ap_vld|                   dataHard_V_53_out|       pointer|
|dataHard_V_52_out          |  out|   32|      ap_vld|                   dataHard_V_52_out|       pointer|
|dataHard_V_52_out_ap_vld   |  out|    1|      ap_vld|                   dataHard_V_52_out|       pointer|
|dataHard_V_51_out          |  out|   32|      ap_vld|                   dataHard_V_51_out|       pointer|
|dataHard_V_51_out_ap_vld   |  out|    1|      ap_vld|                   dataHard_V_51_out|       pointer|
|dataHard_V_50_out          |  out|   32|      ap_vld|                   dataHard_V_50_out|       pointer|
|dataHard_V_50_out_ap_vld   |  out|    1|      ap_vld|                   dataHard_V_50_out|       pointer|
|dataHard_V_49_out          |  out|   32|      ap_vld|                   dataHard_V_49_out|       pointer|
|dataHard_V_49_out_ap_vld   |  out|    1|      ap_vld|                   dataHard_V_49_out|       pointer|
|dataHard_V_48_out          |  out|   32|      ap_vld|                   dataHard_V_48_out|       pointer|
|dataHard_V_48_out_ap_vld   |  out|    1|      ap_vld|                   dataHard_V_48_out|       pointer|
|dataHard_V_47_out          |  out|   32|      ap_vld|                   dataHard_V_47_out|       pointer|
|dataHard_V_47_out_ap_vld   |  out|    1|      ap_vld|                   dataHard_V_47_out|       pointer|
|dataHard_V_46_out          |  out|   32|      ap_vld|                   dataHard_V_46_out|       pointer|
|dataHard_V_46_out_ap_vld   |  out|    1|      ap_vld|                   dataHard_V_46_out|       pointer|
|dataHard_V_45_out          |  out|   32|      ap_vld|                   dataHard_V_45_out|       pointer|
|dataHard_V_45_out_ap_vld   |  out|    1|      ap_vld|                   dataHard_V_45_out|       pointer|
|dataHard_V_44_out          |  out|   32|      ap_vld|                   dataHard_V_44_out|       pointer|
|dataHard_V_44_out_ap_vld   |  out|    1|      ap_vld|                   dataHard_V_44_out|       pointer|
|dataHard_V_43_out          |  out|   32|      ap_vld|                   dataHard_V_43_out|       pointer|
|dataHard_V_43_out_ap_vld   |  out|    1|      ap_vld|                   dataHard_V_43_out|       pointer|
|dataHard_V_42_out          |  out|   32|      ap_vld|                   dataHard_V_42_out|       pointer|
|dataHard_V_42_out_ap_vld   |  out|    1|      ap_vld|                   dataHard_V_42_out|       pointer|
|dataHard_V_41_out          |  out|   32|      ap_vld|                   dataHard_V_41_out|       pointer|
|dataHard_V_41_out_ap_vld   |  out|    1|      ap_vld|                   dataHard_V_41_out|       pointer|
|dataHard_V_40_out          |  out|   32|      ap_vld|                   dataHard_V_40_out|       pointer|
|dataHard_V_40_out_ap_vld   |  out|    1|      ap_vld|                   dataHard_V_40_out|       pointer|
|dataHard_V_39_out          |  out|   32|      ap_vld|                   dataHard_V_39_out|       pointer|
|dataHard_V_39_out_ap_vld   |  out|    1|      ap_vld|                   dataHard_V_39_out|       pointer|
|dataHard_V_38_out          |  out|   32|      ap_vld|                   dataHard_V_38_out|       pointer|
|dataHard_V_38_out_ap_vld   |  out|    1|      ap_vld|                   dataHard_V_38_out|       pointer|
|dataHard_V_37_out          |  out|   32|      ap_vld|                   dataHard_V_37_out|       pointer|
|dataHard_V_37_out_ap_vld   |  out|    1|      ap_vld|                   dataHard_V_37_out|       pointer|
|dataHard_V_36_out          |  out|   32|      ap_vld|                   dataHard_V_36_out|       pointer|
|dataHard_V_36_out_ap_vld   |  out|    1|      ap_vld|                   dataHard_V_36_out|       pointer|
|dataHard_V_35_out          |  out|   32|      ap_vld|                   dataHard_V_35_out|       pointer|
|dataHard_V_35_out_ap_vld   |  out|    1|      ap_vld|                   dataHard_V_35_out|       pointer|
|dataHard_V_34_out          |  out|   32|      ap_vld|                   dataHard_V_34_out|       pointer|
|dataHard_V_34_out_ap_vld   |  out|    1|      ap_vld|                   dataHard_V_34_out|       pointer|
|dataHard_V_33_out          |  out|   32|      ap_vld|                   dataHard_V_33_out|       pointer|
|dataHard_V_33_out_ap_vld   |  out|    1|      ap_vld|                   dataHard_V_33_out|       pointer|
|dataHard_V_32_out          |  out|   32|      ap_vld|                   dataHard_V_32_out|       pointer|
|dataHard_V_32_out_ap_vld   |  out|    1|      ap_vld|                   dataHard_V_32_out|       pointer|
|dataHard_V_31_out          |  out|   32|      ap_vld|                   dataHard_V_31_out|       pointer|
|dataHard_V_31_out_ap_vld   |  out|    1|      ap_vld|                   dataHard_V_31_out|       pointer|
|dataHard_V_30_out          |  out|   32|      ap_vld|                   dataHard_V_30_out|       pointer|
|dataHard_V_30_out_ap_vld   |  out|    1|      ap_vld|                   dataHard_V_30_out|       pointer|
|dataHard_V_29_out          |  out|   32|      ap_vld|                   dataHard_V_29_out|       pointer|
|dataHard_V_29_out_ap_vld   |  out|    1|      ap_vld|                   dataHard_V_29_out|       pointer|
|dataHard_V_28_out          |  out|   32|      ap_vld|                   dataHard_V_28_out|       pointer|
|dataHard_V_28_out_ap_vld   |  out|    1|      ap_vld|                   dataHard_V_28_out|       pointer|
|dataHard_V_27_out          |  out|   32|      ap_vld|                   dataHard_V_27_out|       pointer|
|dataHard_V_27_out_ap_vld   |  out|    1|      ap_vld|                   dataHard_V_27_out|       pointer|
|dataHard_V_26_out          |  out|   32|      ap_vld|                   dataHard_V_26_out|       pointer|
|dataHard_V_26_out_ap_vld   |  out|    1|      ap_vld|                   dataHard_V_26_out|       pointer|
|dataHard_V_25_out          |  out|   32|      ap_vld|                   dataHard_V_25_out|       pointer|
|dataHard_V_25_out_ap_vld   |  out|    1|      ap_vld|                   dataHard_V_25_out|       pointer|
|dataHard_V_24_out          |  out|   32|      ap_vld|                   dataHard_V_24_out|       pointer|
|dataHard_V_24_out_ap_vld   |  out|    1|      ap_vld|                   dataHard_V_24_out|       pointer|
|dataHard_V_23_out          |  out|   32|      ap_vld|                   dataHard_V_23_out|       pointer|
|dataHard_V_23_out_ap_vld   |  out|    1|      ap_vld|                   dataHard_V_23_out|       pointer|
|dataHard_V_22_out          |  out|   32|      ap_vld|                   dataHard_V_22_out|       pointer|
|dataHard_V_22_out_ap_vld   |  out|    1|      ap_vld|                   dataHard_V_22_out|       pointer|
|dataHard_V_21_out          |  out|   32|      ap_vld|                   dataHard_V_21_out|       pointer|
|dataHard_V_21_out_ap_vld   |  out|    1|      ap_vld|                   dataHard_V_21_out|       pointer|
|dataHard_V_20_out          |  out|   32|      ap_vld|                   dataHard_V_20_out|       pointer|
|dataHard_V_20_out_ap_vld   |  out|    1|      ap_vld|                   dataHard_V_20_out|       pointer|
|dataHard_V_19_out          |  out|   32|      ap_vld|                   dataHard_V_19_out|       pointer|
|dataHard_V_19_out_ap_vld   |  out|    1|      ap_vld|                   dataHard_V_19_out|       pointer|
|dataHard_V_18_out          |  out|   32|      ap_vld|                   dataHard_V_18_out|       pointer|
|dataHard_V_18_out_ap_vld   |  out|    1|      ap_vld|                   dataHard_V_18_out|       pointer|
|dataHard_V_17_out          |  out|   32|      ap_vld|                   dataHard_V_17_out|       pointer|
|dataHard_V_17_out_ap_vld   |  out|    1|      ap_vld|                   dataHard_V_17_out|       pointer|
|dataHard_V_16_out          |  out|   32|      ap_vld|                   dataHard_V_16_out|       pointer|
|dataHard_V_16_out_ap_vld   |  out|    1|      ap_vld|                   dataHard_V_16_out|       pointer|
|dataHard_V_15_out          |  out|   32|      ap_vld|                   dataHard_V_15_out|       pointer|
|dataHard_V_15_out_ap_vld   |  out|    1|      ap_vld|                   dataHard_V_15_out|       pointer|
|dataHard_V_14_out          |  out|   32|      ap_vld|                   dataHard_V_14_out|       pointer|
|dataHard_V_14_out_ap_vld   |  out|    1|      ap_vld|                   dataHard_V_14_out|       pointer|
|dataHard_V_13_out          |  out|   32|      ap_vld|                   dataHard_V_13_out|       pointer|
|dataHard_V_13_out_ap_vld   |  out|    1|      ap_vld|                   dataHard_V_13_out|       pointer|
|dataHard_V_12_out          |  out|   32|      ap_vld|                   dataHard_V_12_out|       pointer|
|dataHard_V_12_out_ap_vld   |  out|    1|      ap_vld|                   dataHard_V_12_out|       pointer|
|dataHard_V_11_out          |  out|   32|      ap_vld|                   dataHard_V_11_out|       pointer|
|dataHard_V_11_out_ap_vld   |  out|    1|      ap_vld|                   dataHard_V_11_out|       pointer|
|dataHard_V_10_out          |  out|   32|      ap_vld|                   dataHard_V_10_out|       pointer|
|dataHard_V_10_out_ap_vld   |  out|    1|      ap_vld|                   dataHard_V_10_out|       pointer|
|dataHard_V_9_out           |  out|   32|      ap_vld|                    dataHard_V_9_out|       pointer|
|dataHard_V_9_out_ap_vld    |  out|    1|      ap_vld|                    dataHard_V_9_out|       pointer|
|dataHard_V_8_out           |  out|   32|      ap_vld|                    dataHard_V_8_out|       pointer|
|dataHard_V_8_out_ap_vld    |  out|    1|      ap_vld|                    dataHard_V_8_out|       pointer|
|dataHard_V_7_out           |  out|   32|      ap_vld|                    dataHard_V_7_out|       pointer|
|dataHard_V_7_out_ap_vld    |  out|    1|      ap_vld|                    dataHard_V_7_out|       pointer|
|dataHard_V_6_out           |  out|   32|      ap_vld|                    dataHard_V_6_out|       pointer|
|dataHard_V_6_out_ap_vld    |  out|    1|      ap_vld|                    dataHard_V_6_out|       pointer|
|dataHard_V_5_out           |  out|   32|      ap_vld|                    dataHard_V_5_out|       pointer|
|dataHard_V_5_out_ap_vld    |  out|    1|      ap_vld|                    dataHard_V_5_out|       pointer|
|dataHard_V_4_out           |  out|   32|      ap_vld|                    dataHard_V_4_out|       pointer|
|dataHard_V_4_out_ap_vld    |  out|    1|      ap_vld|                    dataHard_V_4_out|       pointer|
|dataHard_V_3_out           |  out|   32|      ap_vld|                    dataHard_V_3_out|       pointer|
|dataHard_V_3_out_ap_vld    |  out|    1|      ap_vld|                    dataHard_V_3_out|       pointer|
|dataHard_V_2_out           |  out|   32|      ap_vld|                    dataHard_V_2_out|       pointer|
|dataHard_V_2_out_ap_vld    |  out|    1|      ap_vld|                    dataHard_V_2_out|       pointer|
|dataHard_V_1_out           |  out|   32|      ap_vld|                    dataHard_V_1_out|       pointer|
|dataHard_V_1_out_ap_vld    |  out|    1|      ap_vld|                    dataHard_V_1_out|       pointer|
|dataHard_V_out             |  out|   32|      ap_vld|                      dataHard_V_out|       pointer|
|dataHard_V_out_ap_vld      |  out|    1|      ap_vld|                      dataHard_V_out|       pointer|
+---------------------------+-----+-----+------------+------------------------------------+--------------+

