Mon Nov 20 13:30:16 2023: Running xcd server. This server was built by gradle.
Mon Nov 20 13:30:16 2023: Server was asked to start on port: '46739'
Mon Nov 20 13:30:16 2023: Server is using token UUID: '64d58bb5-fe38-4cf8-9bce-290c1dceb76d'
Mon Nov 20 13:30:16 2023: SESSION_MGR: creating session with session uuid: '6d04a3e9-ade5-4ab9-8d63-1f78fcd2ec76' and name 'default'
Mon Nov 20 13:30:16 2023: Attempting to start server on port '46739'
Mon Nov 20 13:30:16 2023: XCD main fifo: created main fifo '/tmp/xcdmain64d58bb5-fe38-4cf8-9bce-290c1dceb76d', fd read = 13
Mon Nov 20 13:30:16 2023: Running Dispatch Server
Mon Nov 20 13:30:16 2023: Version 2.2.0
Mon Nov 20 13:30:25 2023: Dispatch Server: Accepted socket connection from client
Mon Nov 20 13:30:25 2023: Starting Socket connection
Mon Nov 20 13:30:25 2023: EXCHANGE_TOKEN received, server token: 64d58bb5-fe38-4cf8-9bce-290c1dceb76d, passed token: 64d58bb5-fe38-4cf8-9bce-290c1dceb76d
Mon Nov 20 13:30:25 2023: SESSION_MGR: creating session with session uuid: '807373fe-fe2f-4b99-947a-9c1673234663' and name 'vitis_hls'
Mon Nov 20 13:30:25 2023: KERNEL_SVC: creating session with uuid: '807373fe-fe2f-4b99-947a-9c1673234663' and name 'vitis_hls'
Mon Nov 20 13:30:25 2023: GUIDANCE_SMGR: creating guidance session with uuid: '807373fe-fe2f-4b99-947a-9c1673234663' and name 'vitis_hls'
Mon Nov 20 13:30:35 2023: STOP_SERVER received, server token: 64d58bb5-fe38-4cf8-9bce-290c1dceb76d, passed token: 64d58bb5-fe38-4cf8-9bce-290c1dceb76d
Mon Nov 20 13:30:35 2023: Socket received request to stop server.
Mon Nov 20 13:30:35 2023: Dispatch Server: do_await_stop
Mon Nov 20 13:30:35 2023: Dispatch Server: stopping mainFifo_
Mon Nov 20 13:30:35 2023: XCD main fifo: Stopping
Mon Nov 20 13:30:35 2023: XCD main fifo: do_read error code: Operation canceled
Mon Nov 20 13:30:35 2023: XCD main fifo: bytes_transferred: 0
Mon Nov 20 13:30:35 2023: SERVER: destructor for server bound to port 46739
Mon Nov 20 13:30:35 2023: XCD main fifo: Good unlink of /tmp/xcdmain64d58bb5-fe38-4cf8-9bce-290c1dceb76d
Mon Nov 20 13:30:35 2023: Server exiting with status 0.
Mon Nov 20 13:30:35 2023: Closing log file.
