

================================================================
== Vitis HLS Report for 'ellipse_solver_Pipeline_first_loop'
================================================================
* Date:           Mon Nov 20 13:30:33 2023

* Version:        2022.2 (Build 3670227 on Oct 13 2022)
* Project:        ellipse_solver
* Solution:       solution1 (Vivado IP Flow Target)
* Product family: zynquplus
* Target device:  xczu7ev-ffvc1156-2-e


================================================================
== Performance Estimates
================================================================
+ Timing: 
    * Summary: 
    +--------+----------+----------+------------+
    |  Clock |  Target  | Estimated| Uncertainty|
    +--------+----------+----------+------------+
    |ap_clk  |  10.00 ns|  6.840 ns|     2.70 ns|
    +--------+----------+----------+------------+

+ Latency: 
    * Summary: 
    +---------+---------+----------+----------+-----+-----+---------+
    |  Latency (cycles) |  Latency (absolute) |  Interval | Pipeline|
    |   min   |   max   |    min   |    max   | min | max |   Type  |
    +---------+---------+----------+----------+-----+-----+---------+
    |       11|       11|  0.110 us|  0.110 us|   11|   11|       no|
    +---------+---------+----------+----------+-----+-----+---------+

    + Detail: 
        * Instance: 
        N/A

        * Loop: 
        +--------------+---------+---------+----------+-----------+-----------+------+----------+
        |              |  Latency (cycles) | Iteration|  Initiation Interval  | Trip |          |
        |   Loop Name  |   min   |   max   |  Latency |  achieved |   target  | Count| Pipelined|
        +--------------+---------+---------+----------+-----------+-----------+------+----------+
        |- first_loop  |        9|        9|         3|          1|          1|     8|       yes|
        +--------------+---------+---------+----------+-----------+-----------+------+----------+

============================================================
+ Verbose Summary: Synthesis Manager
============================================================
InlineROM: 1
ExposeGlobal: 0
============================================================
+ Verbose Summary: CDFG Model
============================================================
IsTopModel: 0
ResetActiveHigh: 1
IsCombinational: 0
IsDatapathOnly: 0
HasWiredReturn: 1
HasMFsm: 2
HasVarLatency: 1
IsPipeline: 0
IsRtlPipelined: 0
IsInstanceOverlapped: 0
IsDontTouch: 0
HasImplIP: 0
IsGatedGlobalClock: 0

+ Individual pipeline summary: 
  * Pipeline-0: initiation interval (II) = 1, depth = 3


============================================================
+ Verbose Summary: Schedule
============================================================
* Number of FSM states : 3
* Pipeline : 1
  Pipeline-0 : II = 1, D = 3, States = { 1 2 3 }
* Dataflow Pipeline: 0

* FSM state transitions: 
1 --> 2 
2 --> 3 
3 --> 

* FSM state operations: 

State 1 <SV = 0> <Delay = 1.22>
ST_1 : Operation 6 [1/1] (0.00ns)   --->   "%i = alloca i32 1"   --->   Operation 6 'alloca' 'i' <Predicate = true> <Delay = 0.00>
ST_1 : Operation 7 [1/1] (0.00ns)   --->   "%dataHard_V = alloca i32 1"   --->   Operation 7 'alloca' 'dataHard_V' <Predicate = true> <Delay = 0.00>
ST_1 : Operation 8 [1/1] (0.00ns)   --->   "%dataHard_V_1 = alloca i32 1"   --->   Operation 8 'alloca' 'dataHard_V_1' <Predicate = true> <Delay = 0.00>
ST_1 : Operation 9 [1/1] (0.00ns)   --->   "%dataHard_V_2 = alloca i32 1"   --->   Operation 9 'alloca' 'dataHard_V_2' <Predicate = true> <Delay = 0.00>
ST_1 : Operation 10 [1/1] (0.00ns)   --->   "%dataHard_V_3 = alloca i32 1"   --->   Operation 10 'alloca' 'dataHard_V_3' <Predicate = true> <Delay = 0.00>
ST_1 : Operation 11 [1/1] (0.00ns)   --->   "%dataHard_V_4 = alloca i32 1"   --->   Operation 11 'alloca' 'dataHard_V_4' <Predicate = true> <Delay = 0.00>
ST_1 : Operation 12 [1/1] (0.00ns)   --->   "%dataHard_V_5 = alloca i32 1"   --->   Operation 12 'alloca' 'dataHard_V_5' <Predicate = true> <Delay = 0.00>
ST_1 : Operation 13 [1/1] (0.00ns)   --->   "%dataHard_V_6 = alloca i32 1"   --->   Operation 13 'alloca' 'dataHard_V_6' <Predicate = true> <Delay = 0.00>
ST_1 : Operation 14 [1/1] (0.00ns)   --->   "%dataHard_V_7 = alloca i32 1"   --->   Operation 14 'alloca' 'dataHard_V_7' <Predicate = true> <Delay = 0.00>
ST_1 : Operation 15 [1/1] (0.00ns)   --->   "%dataHard_V_8 = alloca i32 1"   --->   Operation 15 'alloca' 'dataHard_V_8' <Predicate = true> <Delay = 0.00>
ST_1 : Operation 16 [1/1] (0.00ns)   --->   "%dataHard_V_9 = alloca i32 1"   --->   Operation 16 'alloca' 'dataHard_V_9' <Predicate = true> <Delay = 0.00>
ST_1 : Operation 17 [1/1] (0.00ns)   --->   "%dataHard_V_10 = alloca i32 1"   --->   Operation 17 'alloca' 'dataHard_V_10' <Predicate = true> <Delay = 0.00>
ST_1 : Operation 18 [1/1] (0.00ns)   --->   "%dataHard_V_11 = alloca i32 1"   --->   Operation 18 'alloca' 'dataHard_V_11' <Predicate = true> <Delay = 0.00>
ST_1 : Operation 19 [1/1] (0.00ns)   --->   "%dataHard_V_12 = alloca i32 1"   --->   Operation 19 'alloca' 'dataHard_V_12' <Predicate = true> <Delay = 0.00>
ST_1 : Operation 20 [1/1] (0.00ns)   --->   "%dataHard_V_13 = alloca i32 1"   --->   Operation 20 'alloca' 'dataHard_V_13' <Predicate = true> <Delay = 0.00>
ST_1 : Operation 21 [1/1] (0.00ns)   --->   "%dataHard_V_14 = alloca i32 1"   --->   Operation 21 'alloca' 'dataHard_V_14' <Predicate = true> <Delay = 0.00>
ST_1 : Operation 22 [1/1] (0.00ns)   --->   "%dataHard_V_15 = alloca i32 1"   --->   Operation 22 'alloca' 'dataHard_V_15' <Predicate = true> <Delay = 0.00>
ST_1 : Operation 23 [1/1] (0.00ns)   --->   "%dataHard_V_16 = alloca i32 1"   --->   Operation 23 'alloca' 'dataHard_V_16' <Predicate = true> <Delay = 0.00>
ST_1 : Operation 24 [1/1] (0.00ns)   --->   "%dataHard_V_17 = alloca i32 1"   --->   Operation 24 'alloca' 'dataHard_V_17' <Predicate = true> <Delay = 0.00>
ST_1 : Operation 25 [1/1] (0.00ns)   --->   "%dataHard_V_18 = alloca i32 1"   --->   Operation 25 'alloca' 'dataHard_V_18' <Predicate = true> <Delay = 0.00>
ST_1 : Operation 26 [1/1] (0.00ns)   --->   "%dataHard_V_19 = alloca i32 1"   --->   Operation 26 'alloca' 'dataHard_V_19' <Predicate = true> <Delay = 0.00>
ST_1 : Operation 27 [1/1] (0.00ns)   --->   "%dataHard_V_20 = alloca i32 1"   --->   Operation 27 'alloca' 'dataHard_V_20' <Predicate = true> <Delay = 0.00>
ST_1 : Operation 28 [1/1] (0.00ns)   --->   "%dataHard_V_21 = alloca i32 1"   --->   Operation 28 'alloca' 'dataHard_V_21' <Predicate = true> <Delay = 0.00>
ST_1 : Operation 29 [1/1] (0.00ns)   --->   "%dataHard_V_22 = alloca i32 1"   --->   Operation 29 'alloca' 'dataHard_V_22' <Predicate = true> <Delay = 0.00>
ST_1 : Operation 30 [1/1] (0.00ns)   --->   "%dataHard_V_23 = alloca i32 1"   --->   Operation 30 'alloca' 'dataHard_V_23' <Predicate = true> <Delay = 0.00>
ST_1 : Operation 31 [1/1] (0.00ns)   --->   "%dataHard_V_24 = alloca i32 1"   --->   Operation 31 'alloca' 'dataHard_V_24' <Predicate = true> <Delay = 0.00>
ST_1 : Operation 32 [1/1] (0.00ns)   --->   "%dataHard_V_25 = alloca i32 1"   --->   Operation 32 'alloca' 'dataHard_V_25' <Predicate = true> <Delay = 0.00>
ST_1 : Operation 33 [1/1] (0.00ns)   --->   "%dataHard_V_26 = alloca i32 1"   --->   Operation 33 'alloca' 'dataHard_V_26' <Predicate = true> <Delay = 0.00>
ST_1 : Operation 34 [1/1] (0.00ns)   --->   "%dataHard_V_27 = alloca i32 1"   --->   Operation 34 'alloca' 'dataHard_V_27' <Predicate = true> <Delay = 0.00>
ST_1 : Operation 35 [1/1] (0.00ns)   --->   "%dataHard_V_28 = alloca i32 1"   --->   Operation 35 'alloca' 'dataHard_V_28' <Predicate = true> <Delay = 0.00>
ST_1 : Operation 36 [1/1] (0.00ns)   --->   "%dataHard_V_29 = alloca i32 1"   --->   Operation 36 'alloca' 'dataHard_V_29' <Predicate = true> <Delay = 0.00>
ST_1 : Operation 37 [1/1] (0.00ns)   --->   "%dataHard_V_30 = alloca i32 1"   --->   Operation 37 'alloca' 'dataHard_V_30' <Predicate = true> <Delay = 0.00>
ST_1 : Operation 38 [1/1] (0.00ns)   --->   "%dataHard_V_31 = alloca i32 1"   --->   Operation 38 'alloca' 'dataHard_V_31' <Predicate = true> <Delay = 0.00>
ST_1 : Operation 39 [1/1] (0.00ns)   --->   "%dataHard_V_32 = alloca i32 1"   --->   Operation 39 'alloca' 'dataHard_V_32' <Predicate = true> <Delay = 0.00>
ST_1 : Operation 40 [1/1] (0.00ns)   --->   "%dataHard_V_33 = alloca i32 1"   --->   Operation 40 'alloca' 'dataHard_V_33' <Predicate = true> <Delay = 0.00>
ST_1 : Operation 41 [1/1] (0.00ns)   --->   "%dataHard_V_34 = alloca i32 1"   --->   Operation 41 'alloca' 'dataHard_V_34' <Predicate = true> <Delay = 0.00>
ST_1 : Operation 42 [1/1] (0.00ns)   --->   "%dataHard_V_35 = alloca i32 1"   --->   Operation 42 'alloca' 'dataHard_V_35' <Predicate = true> <Delay = 0.00>
ST_1 : Operation 43 [1/1] (0.00ns)   --->   "%dataHard_V_36 = alloca i32 1"   --->   Operation 43 'alloca' 'dataHard_V_36' <Predicate = true> <Delay = 0.00>
ST_1 : Operation 44 [1/1] (0.00ns)   --->   "%dataHard_V_37 = alloca i32 1"   --->   Operation 44 'alloca' 'dataHard_V_37' <Predicate = true> <Delay = 0.00>
ST_1 : Operation 45 [1/1] (0.00ns)   --->   "%dataHard_V_38 = alloca i32 1"   --->   Operation 45 'alloca' 'dataHard_V_38' <Predicate = true> <Delay = 0.00>
ST_1 : Operation 46 [1/1] (0.00ns)   --->   "%dataHard_V_39 = alloca i32 1"   --->   Operation 46 'alloca' 'dataHard_V_39' <Predicate = true> <Delay = 0.00>
ST_1 : Operation 47 [1/1] (0.00ns)   --->   "%dataHard_V_40 = alloca i32 1"   --->   Operation 47 'alloca' 'dataHard_V_40' <Predicate = true> <Delay = 0.00>
ST_1 : Operation 48 [1/1] (0.00ns)   --->   "%dataHard_V_41 = alloca i32 1"   --->   Operation 48 'alloca' 'dataHard_V_41' <Predicate = true> <Delay = 0.00>
ST_1 : Operation 49 [1/1] (0.00ns)   --->   "%dataHard_V_42 = alloca i32 1"   --->   Operation 49 'alloca' 'dataHard_V_42' <Predicate = true> <Delay = 0.00>
ST_1 : Operation 50 [1/1] (0.00ns)   --->   "%dataHard_V_43 = alloca i32 1"   --->   Operation 50 'alloca' 'dataHard_V_43' <Predicate = true> <Delay = 0.00>
ST_1 : Operation 51 [1/1] (0.00ns)   --->   "%dataHard_V_44 = alloca i32 1"   --->   Operation 51 'alloca' 'dataHard_V_44' <Predicate = true> <Delay = 0.00>
ST_1 : Operation 52 [1/1] (0.00ns)   --->   "%dataHard_V_45 = alloca i32 1"   --->   Operation 52 'alloca' 'dataHard_V_45' <Predicate = true> <Delay = 0.00>
ST_1 : Operation 53 [1/1] (0.00ns)   --->   "%dataHard_V_46 = alloca i32 1"   --->   Operation 53 'alloca' 'dataHard_V_46' <Predicate = true> <Delay = 0.00>
ST_1 : Operation 54 [1/1] (0.00ns)   --->   "%dataHard_V_47 = alloca i32 1"   --->   Operation 54 'alloca' 'dataHard_V_47' <Predicate = true> <Delay = 0.00>
ST_1 : Operation 55 [1/1] (0.00ns)   --->   "%dataHard_V_48 = alloca i32 1"   --->   Operation 55 'alloca' 'dataHard_V_48' <Predicate = true> <Delay = 0.00>
ST_1 : Operation 56 [1/1] (0.00ns)   --->   "%dataHard_V_49 = alloca i32 1"   --->   Operation 56 'alloca' 'dataHard_V_49' <Predicate = true> <Delay = 0.00>
ST_1 : Operation 57 [1/1] (0.00ns)   --->   "%dataHard_V_50 = alloca i32 1"   --->   Operation 57 'alloca' 'dataHard_V_50' <Predicate = true> <Delay = 0.00>
ST_1 : Operation 58 [1/1] (0.00ns)   --->   "%dataHard_V_51 = alloca i32 1"   --->   Operation 58 'alloca' 'dataHard_V_51' <Predicate = true> <Delay = 0.00>
ST_1 : Operation 59 [1/1] (0.00ns)   --->   "%dataHard_V_52 = alloca i32 1"   --->   Operation 59 'alloca' 'dataHard_V_52' <Predicate = true> <Delay = 0.00>
ST_1 : Operation 60 [1/1] (0.00ns)   --->   "%dataHard_V_53 = alloca i32 1"   --->   Operation 60 'alloca' 'dataHard_V_53' <Predicate = true> <Delay = 0.00>
ST_1 : Operation 61 [1/1] (0.00ns)   --->   "%dataHard_V_54 = alloca i32 1"   --->   Operation 61 'alloca' 'dataHard_V_54' <Predicate = true> <Delay = 0.00>
ST_1 : Operation 62 [1/1] (0.00ns)   --->   "%dataHard_V_55 = alloca i32 1"   --->   Operation 62 'alloca' 'dataHard_V_55' <Predicate = true> <Delay = 0.00>
ST_1 : Operation 63 [1/1] (0.00ns)   --->   "%dataHard_V_56 = alloca i32 1"   --->   Operation 63 'alloca' 'dataHard_V_56' <Predicate = true> <Delay = 0.00>
ST_1 : Operation 64 [1/1] (0.00ns)   --->   "%dataHard_V_57 = alloca i32 1"   --->   Operation 64 'alloca' 'dataHard_V_57' <Predicate = true> <Delay = 0.00>
ST_1 : Operation 65 [1/1] (0.00ns)   --->   "%dataHard_V_58 = alloca i32 1"   --->   Operation 65 'alloca' 'dataHard_V_58' <Predicate = true> <Delay = 0.00>
ST_1 : Operation 66 [1/1] (0.00ns)   --->   "%dataHard_V_59 = alloca i32 1"   --->   Operation 66 'alloca' 'dataHard_V_59' <Predicate = true> <Delay = 0.00>
ST_1 : Operation 67 [1/1] (0.00ns)   --->   "%dataHard_V_60 = alloca i32 1"   --->   Operation 67 'alloca' 'dataHard_V_60' <Predicate = true> <Delay = 0.00>
ST_1 : Operation 68 [1/1] (0.00ns)   --->   "%dataHard_V_61 = alloca i32 1"   --->   Operation 68 'alloca' 'dataHard_V_61' <Predicate = true> <Delay = 0.00>
ST_1 : Operation 69 [1/1] (0.00ns)   --->   "%dataHard_V_62 = alloca i32 1"   --->   Operation 69 'alloca' 'dataHard_V_62' <Predicate = true> <Delay = 0.00>
ST_1 : Operation 70 [1/1] (0.00ns)   --->   "%dataHard_V_63 = alloca i32 1"   --->   Operation 70 'alloca' 'dataHard_V_63' <Predicate = true> <Delay = 0.00>
ST_1 : Operation 71 [1/1] (0.00ns)   --->   "%dataHard_V_64 = alloca i32 1"   --->   Operation 71 'alloca' 'dataHard_V_64' <Predicate = true> <Delay = 0.00>
ST_1 : Operation 72 [1/1] (0.00ns)   --->   "%dataHard_V_65 = alloca i32 1"   --->   Operation 72 'alloca' 'dataHard_V_65' <Predicate = true> <Delay = 0.00>
ST_1 : Operation 73 [1/1] (0.00ns)   --->   "%dataHard_V_66 = alloca i32 1"   --->   Operation 73 'alloca' 'dataHard_V_66' <Predicate = true> <Delay = 0.00>
ST_1 : Operation 74 [1/1] (0.00ns)   --->   "%dataHard_V_67 = alloca i32 1"   --->   Operation 74 'alloca' 'dataHard_V_67' <Predicate = true> <Delay = 0.00>
ST_1 : Operation 75 [1/1] (0.00ns)   --->   "%dataHard_V_68 = alloca i32 1"   --->   Operation 75 'alloca' 'dataHard_V_68' <Predicate = true> <Delay = 0.00>
ST_1 : Operation 76 [1/1] (0.00ns)   --->   "%dataHard_V_69 = alloca i32 1"   --->   Operation 76 'alloca' 'dataHard_V_69' <Predicate = true> <Delay = 0.00>
ST_1 : Operation 77 [1/1] (0.00ns)   --->   "%dataHard_V_70 = alloca i32 1"   --->   Operation 77 'alloca' 'dataHard_V_70' <Predicate = true> <Delay = 0.00>
ST_1 : Operation 78 [1/1] (0.00ns)   --->   "%dataHard_V_71 = alloca i32 1"   --->   Operation 78 'alloca' 'dataHard_V_71' <Predicate = true> <Delay = 0.00>
ST_1 : Operation 79 [1/1] (0.00ns)   --->   "%dataHard_V_72 = alloca i32 1"   --->   Operation 79 'alloca' 'dataHard_V_72' <Predicate = true> <Delay = 0.00>
ST_1 : Operation 80 [1/1] (0.00ns)   --->   "%dataHard_V_73 = alloca i32 1"   --->   Operation 80 'alloca' 'dataHard_V_73' <Predicate = true> <Delay = 0.00>
ST_1 : Operation 81 [1/1] (0.00ns)   --->   "%dataHard_V_74 = alloca i32 1"   --->   Operation 81 'alloca' 'dataHard_V_74' <Predicate = true> <Delay = 0.00>
ST_1 : Operation 82 [1/1] (0.00ns)   --->   "%dataHard_V_75 = alloca i32 1"   --->   Operation 82 'alloca' 'dataHard_V_75' <Predicate = true> <Delay = 0.00>
ST_1 : Operation 83 [1/1] (0.00ns)   --->   "%dataHard_V_76 = alloca i32 1"   --->   Operation 83 'alloca' 'dataHard_V_76' <Predicate = true> <Delay = 0.00>
ST_1 : Operation 84 [1/1] (0.00ns)   --->   "%dataHard_V_77 = alloca i32 1"   --->   Operation 84 'alloca' 'dataHard_V_77' <Predicate = true> <Delay = 0.00>
ST_1 : Operation 85 [1/1] (0.00ns)   --->   "%dataHard_V_78 = alloca i32 1"   --->   Operation 85 'alloca' 'dataHard_V_78' <Predicate = true> <Delay = 0.00>
ST_1 : Operation 86 [1/1] (0.00ns)   --->   "%dataHard_V_79 = alloca i32 1"   --->   Operation 86 'alloca' 'dataHard_V_79' <Predicate = true> <Delay = 0.00>
ST_1 : Operation 87 [1/1] (0.00ns)   --->   "%dataHard_V_80 = alloca i32 1"   --->   Operation 87 'alloca' 'dataHard_V_80' <Predicate = true> <Delay = 0.00>
ST_1 : Operation 88 [1/1] (0.00ns)   --->   "%dataHard_V_81 = alloca i32 1"   --->   Operation 88 'alloca' 'dataHard_V_81' <Predicate = true> <Delay = 0.00>
ST_1 : Operation 89 [1/1] (0.00ns)   --->   "%dataHard_V_82 = alloca i32 1"   --->   Operation 89 'alloca' 'dataHard_V_82' <Predicate = true> <Delay = 0.00>
ST_1 : Operation 90 [1/1] (0.00ns)   --->   "%dataHard_V_83 = alloca i32 1"   --->   Operation 90 'alloca' 'dataHard_V_83' <Predicate = true> <Delay = 0.00>
ST_1 : Operation 91 [1/1] (0.00ns)   --->   "%dataHard_V_84 = alloca i32 1"   --->   Operation 91 'alloca' 'dataHard_V_84' <Predicate = true> <Delay = 0.00>
ST_1 : Operation 92 [1/1] (0.00ns)   --->   "%dataHard_V_85 = alloca i32 1"   --->   Operation 92 'alloca' 'dataHard_V_85' <Predicate = true> <Delay = 0.00>
ST_1 : Operation 93 [1/1] (0.00ns)   --->   "%dataHard_V_86 = alloca i32 1"   --->   Operation 93 'alloca' 'dataHard_V_86' <Predicate = true> <Delay = 0.00>
ST_1 : Operation 94 [1/1] (0.00ns)   --->   "%dataHard_V_87 = alloca i32 1"   --->   Operation 94 'alloca' 'dataHard_V_87' <Predicate = true> <Delay = 0.00>
ST_1 : Operation 95 [1/1] (0.00ns)   --->   "%dataHard_V_88 = alloca i32 1"   --->   Operation 95 'alloca' 'dataHard_V_88' <Predicate = true> <Delay = 0.00>
ST_1 : Operation 96 [1/1] (0.00ns)   --->   "%dataHard_V_89 = alloca i32 1"   --->   Operation 96 'alloca' 'dataHard_V_89' <Predicate = true> <Delay = 0.00>
ST_1 : Operation 97 [1/1] (0.00ns)   --->   "%dataHard_V_90 = alloca i32 1"   --->   Operation 97 'alloca' 'dataHard_V_90' <Predicate = true> <Delay = 0.00>
ST_1 : Operation 98 [1/1] (0.00ns)   --->   "%dataHard_V_91 = alloca i32 1"   --->   Operation 98 'alloca' 'dataHard_V_91' <Predicate = true> <Delay = 0.00>
ST_1 : Operation 99 [1/1] (0.00ns)   --->   "%dataHard_V_92 = alloca i32 1"   --->   Operation 99 'alloca' 'dataHard_V_92' <Predicate = true> <Delay = 0.00>
ST_1 : Operation 100 [1/1] (0.00ns)   --->   "%dataHard_V_93 = alloca i32 1"   --->   Operation 100 'alloca' 'dataHard_V_93' <Predicate = true> <Delay = 0.00>
ST_1 : Operation 101 [1/1] (0.00ns)   --->   "%dataHard_V_94 = alloca i32 1"   --->   Operation 101 'alloca' 'dataHard_V_94' <Predicate = true> <Delay = 0.00>
ST_1 : Operation 102 [1/1] (0.00ns)   --->   "%dataHard_V_95 = alloca i32 1"   --->   Operation 102 'alloca' 'dataHard_V_95' <Predicate = true> <Delay = 0.00>
ST_1 : Operation 103 [1/1] (0.00ns)   --->   "%dataHard_V_96 = alloca i32 1"   --->   Operation 103 'alloca' 'dataHard_V_96' <Predicate = true> <Delay = 0.00>
ST_1 : Operation 104 [1/1] (0.00ns)   --->   "%dataHard_V_97 = alloca i32 1"   --->   Operation 104 'alloca' 'dataHard_V_97' <Predicate = true> <Delay = 0.00>
ST_1 : Operation 105 [1/1] (0.00ns)   --->   "%dataHard_V_98 = alloca i32 1"   --->   Operation 105 'alloca' 'dataHard_V_98' <Predicate = true> <Delay = 0.00>
ST_1 : Operation 106 [1/1] (0.00ns)   --->   "%dataHard_V_99 = alloca i32 1"   --->   Operation 106 'alloca' 'dataHard_V_99' <Predicate = true> <Delay = 0.00>
ST_1 : Operation 107 [1/1] (0.00ns)   --->   "%dataHard_V_100 = alloca i32 1"   --->   Operation 107 'alloca' 'dataHard_V_100' <Predicate = true> <Delay = 0.00>
ST_1 : Operation 108 [1/1] (0.00ns)   --->   "%dataHard_V_101 = alloca i32 1"   --->   Operation 108 'alloca' 'dataHard_V_101' <Predicate = true> <Delay = 0.00>
ST_1 : Operation 109 [1/1] (0.00ns)   --->   "%dataHard_V_102 = alloca i32 1"   --->   Operation 109 'alloca' 'dataHard_V_102' <Predicate = true> <Delay = 0.00>
ST_1 : Operation 110 [1/1] (0.00ns)   --->   "%dataHard_V_103 = alloca i32 1"   --->   Operation 110 'alloca' 'dataHard_V_103' <Predicate = true> <Delay = 0.00>
ST_1 : Operation 111 [1/1] (0.00ns)   --->   "%specinterface_ln0 = specinterface void @_ssdm_op_SpecInterface, i64 %dataPoints, void @empty, i32 0, i32 0, void @empty_0, i32 4294967295, i32 0, void @empty_0, void @empty_0, void @empty_0, i32 0, i32 0, i32 0, i32 0, void @empty_0, void @empty_0, i32 4294967295, i32 0"   --->   Operation 111 'specinterface' 'specinterface_ln0' <Predicate = true> <Delay = 0.00>
ST_1 : Operation 112 [1/1] (0.42ns)   --->   "%store_ln0 = store i32 0, i32 %dataHard_V"   --->   Operation 112 'store' 'store_ln0' <Predicate = true> <Delay = 0.42>
ST_1 : Operation 113 [1/1] (0.42ns)   --->   "%store_ln0 = store i4 0, i4 %i"   --->   Operation 113 'store' 'store_ln0' <Predicate = true> <Delay = 0.42>
ST_1 : Operation 114 [1/1] (0.00ns)   --->   "%br_ln0 = br void %for.inc"   --->   Operation 114 'br' 'br_ln0' <Predicate = true> <Delay = 0.00>
ST_1 : Operation 115 [1/1] (0.00ns)   --->   "%i_2 = load i4 %i" [ellipse_solver.cpp:22]   --->   Operation 115 'load' 'i_2' <Predicate = true> <Delay = 0.00>
ST_1 : Operation 116 [1/1] (0.72ns)   --->   "%icmp_ln20 = icmp_eq  i4 %i_2, i4 8" [ellipse_solver.cpp:20]   --->   Operation 116 'icmp' 'icmp_ln20' <Predicate = true> <Delay = 0.72> <CoreInst = "Cmp">   --->   Core 9 'Cmp' <Latency = 0> <II = 1> <Delay = 0.72> <FuncUnit> <Opcode : 'icmp'> <InPorts = 2> <OutPorts = 1>
ST_1 : Operation 117 [1/1] (0.00ns)   --->   "%empty = speclooptripcount i32 @_ssdm_op_SpecLoopTripCount, i64 8, i64 8, i64 8"   --->   Operation 117 'speclooptripcount' 'empty' <Predicate = true> <Delay = 0.00>
ST_1 : Operation 118 [1/1] (0.79ns)   --->   "%add_ln20 = add i4 %i_2, i4 1" [ellipse_solver.cpp:20]   --->   Operation 118 'add' 'add_ln20' <Predicate = true> <Delay = 0.79> <CoreInst = "Adder">   --->   Core 1 'Adder' <Latency = 0> <II = 1> <Delay = 0.79> <FuncUnit> <Opcode : 'add' 'sub'> <InPorts = 2> <OutPorts = 1>
ST_1 : Operation 119 [1/1] (0.00ns)   --->   "%br_ln20 = br i1 %icmp_ln20, void %for.inc.split, void %for.inc163.preheader.exitStub" [ellipse_solver.cpp:20]   --->   Operation 119 'br' 'br_ln20' <Predicate = true> <Delay = 0.00>
ST_1 : Operation 120 [1/1] (0.00ns)   --->   "%zext_ln20 = zext i4 %i_2" [ellipse_solver.cpp:20]   --->   Operation 120 'zext' 'zext_ln20' <Predicate = (!icmp_ln20)> <Delay = 0.00>
ST_1 : Operation 121 [1/1] (0.00ns)   --->   "%dataPoints_addr = getelementptr i64 %dataPoints, i64 0, i64 %zext_ln20"   --->   Operation 121 'getelementptr' 'dataPoints_addr' <Predicate = (!icmp_ln20)> <Delay = 0.00>
ST_1 : Operation 122 [2/2] (0.67ns)   --->   "%p_Val2_s = load i3 %dataPoints_addr"   --->   Operation 122 'load' 'p_Val2_s' <Predicate = (!icmp_ln20)> <Delay = 0.67> <CoreInst = "RAM">   --->   Core 83 'RAM' <Latency = 1> <II = 1> <Delay = 0.67> <Storage> <Opcode : 'load' 'store'> <Ports = 2> <Width = 64> <Depth = 8> <RAM>
ST_1 : Operation 123 [1/1] (0.00ns)   --->   "%trunc_ln22 = trunc i4 %i_2" [ellipse_solver.cpp:22]   --->   Operation 123 'trunc' 'trunc_ln22' <Predicate = (!icmp_ln20)> <Delay = 0.00>
ST_1 : Operation 124 [1/1] (0.44ns)   --->   "%switch_ln22 = switch i3 %trunc_ln22, void %arrayidx14677.case.7, i3 0, void %for.inc.split.arrayidx14677.exit_crit_edge2, i3 1, void %arrayidx14677.case.1, i3 2, void %arrayidx14677.case.2, i3 3, void %arrayidx14677.case.3, i3 4, void %arrayidx14677.case.4, i3 5, void %arrayidx14677.case.5, i3 6, void %for.inc.split.arrayidx14677.exit_crit_edge" [ellipse_solver.cpp:22]   --->   Operation 124 'switch' 'switch_ln22' <Predicate = (!icmp_ln20)> <Delay = 0.44>
ST_1 : Operation 125 [1/1] (0.42ns)   --->   "%store_ln20 = store i4 %add_ln20, i4 %i" [ellipse_solver.cpp:20]   --->   Operation 125 'store' 'store_ln20' <Predicate = (!icmp_ln20)> <Delay = 0.42>
ST_1 : Operation 126 [1/1] (0.00ns)   --->   "%br_ln20 = br void %for.inc" [ellipse_solver.cpp:20]   --->   Operation 126 'br' 'br_ln20' <Predicate = (!icmp_ln20)> <Delay = 0.00>

State 2 <SV = 1> <Delay = 4.09>
ST_2 : Operation 127 [1/2] (0.67ns)   --->   "%p_Val2_s = load i3 %dataPoints_addr"   --->   Operation 127 'load' 'p_Val2_s' <Predicate = true> <Delay = 0.67> <CoreInst = "RAM">   --->   Core 83 'RAM' <Latency = 1> <II = 1> <Delay = 0.67> <Storage> <Opcode : 'load' 'store'> <Ports = 2> <Width = 64> <Depth = 8> <RAM>
ST_2 : Operation 128 [1/1] (0.00ns)   --->   "%dataHard_V_104 = trunc i64 %p_Val2_s"   --->   Operation 128 'trunc' 'dataHard_V_104' <Predicate = true> <Delay = 0.00>
ST_2 : Operation 129 [1/1] (3.42ns)   --->   "%dataHard_V_105 = mul i32 %dataHard_V_104, i32 %dataHard_V_104" [ellipse_solver.cpp:25]   --->   Operation 129 'mul' 'dataHard_V_105' <Predicate = true> <Delay = 3.42> <CoreInst = "Multiplier">   --->   Core 3 'Multiplier' <Latency = 0> <II = 1> <Delay = 3.42> <FuncUnit> <Opcode : 'mul'> <InPorts = 2> <OutPorts = 1>
ST_2 : Operation 130 [1/1] (0.00ns)   --->   "%dataHard_V_111 = partselect i32 @_ssdm_op_PartSelect.i32.i64.i32.i32, i64 %p_Val2_s, i32 32, i32 63"   --->   Operation 130 'partselect' 'dataHard_V_111' <Predicate = true> <Delay = 0.00>
ST_2 : Operation 131 [1/1] (3.42ns)   --->   "%dataHard_V_118 = mul i32 %dataHard_V_111, i32 %dataHard_V_111" [ellipse_solver.cpp:26]   --->   Operation 131 'mul' 'dataHard_V_118' <Predicate = true> <Delay = 3.42> <CoreInst = "Multiplier">   --->   Core 3 'Multiplier' <Latency = 0> <II = 1> <Delay = 3.42> <FuncUnit> <Opcode : 'mul'> <InPorts = 2> <OutPorts = 1>
ST_2 : Operation 255 [1/1] (0.00ns)   --->   "%dataHard_V_load = load i32 %dataHard_V"   --->   Operation 255 'load' 'dataHard_V_load' <Predicate = (icmp_ln20)> <Delay = 0.00>
ST_2 : Operation 256 [1/1] (0.00ns)   --->   "%dataHard_V_1_load = load i32 %dataHard_V_1"   --->   Operation 256 'load' 'dataHard_V_1_load' <Predicate = (icmp_ln20)> <Delay = 0.00>
ST_2 : Operation 257 [1/1] (0.00ns)   --->   "%dataHard_V_2_load = load i32 %dataHard_V_2"   --->   Operation 257 'load' 'dataHard_V_2_load' <Predicate = (icmp_ln20)> <Delay = 0.00>
ST_2 : Operation 258 [1/1] (0.00ns)   --->   "%dataHard_V_3_load = load i32 %dataHard_V_3"   --->   Operation 258 'load' 'dataHard_V_3_load' <Predicate = (icmp_ln20)> <Delay = 0.00>
ST_2 : Operation 259 [1/1] (0.00ns)   --->   "%dataHard_V_4_load = load i32 %dataHard_V_4"   --->   Operation 259 'load' 'dataHard_V_4_load' <Predicate = (icmp_ln20)> <Delay = 0.00>
ST_2 : Operation 260 [1/1] (0.00ns)   --->   "%dataHard_V_5_load = load i32 %dataHard_V_5"   --->   Operation 260 'load' 'dataHard_V_5_load' <Predicate = (icmp_ln20)> <Delay = 0.00>
ST_2 : Operation 261 [1/1] (0.00ns)   --->   "%dataHard_V_6_load = load i32 %dataHard_V_6"   --->   Operation 261 'load' 'dataHard_V_6_load' <Predicate = (icmp_ln20)> <Delay = 0.00>
ST_2 : Operation 262 [1/1] (0.00ns)   --->   "%dataHard_V_7_load = load i32 %dataHard_V_7"   --->   Operation 262 'load' 'dataHard_V_7_load' <Predicate = (icmp_ln20)> <Delay = 0.00>
ST_2 : Operation 263 [1/1] (0.00ns)   --->   "%dataHard_V_8_load = load i32 %dataHard_V_8"   --->   Operation 263 'load' 'dataHard_V_8_load' <Predicate = (icmp_ln20)> <Delay = 0.00>
ST_2 : Operation 264 [1/1] (0.00ns)   --->   "%dataHard_V_9_load = load i32 %dataHard_V_9"   --->   Operation 264 'load' 'dataHard_V_9_load' <Predicate = (icmp_ln20)> <Delay = 0.00>
ST_2 : Operation 265 [1/1] (0.00ns)   --->   "%dataHard_V_10_load = load i32 %dataHard_V_10"   --->   Operation 265 'load' 'dataHard_V_10_load' <Predicate = (icmp_ln20)> <Delay = 0.00>
ST_2 : Operation 266 [1/1] (0.00ns)   --->   "%dataHard_V_11_load = load i32 %dataHard_V_11"   --->   Operation 266 'load' 'dataHard_V_11_load' <Predicate = (icmp_ln20)> <Delay = 0.00>
ST_2 : Operation 267 [1/1] (0.00ns)   --->   "%dataHard_V_12_load = load i32 %dataHard_V_12"   --->   Operation 267 'load' 'dataHard_V_12_load' <Predicate = (icmp_ln20)> <Delay = 0.00>
ST_2 : Operation 268 [1/1] (0.00ns)   --->   "%dataHard_V_13_load = load i32 %dataHard_V_13"   --->   Operation 268 'load' 'dataHard_V_13_load' <Predicate = (icmp_ln20)> <Delay = 0.00>
ST_2 : Operation 269 [1/1] (0.00ns)   --->   "%dataHard_V_14_load = load i32 %dataHard_V_14"   --->   Operation 269 'load' 'dataHard_V_14_load' <Predicate = (icmp_ln20)> <Delay = 0.00>
ST_2 : Operation 270 [1/1] (0.00ns)   --->   "%dataHard_V_15_load = load i32 %dataHard_V_15"   --->   Operation 270 'load' 'dataHard_V_15_load' <Predicate = (icmp_ln20)> <Delay = 0.00>
ST_2 : Operation 271 [1/1] (0.00ns)   --->   "%dataHard_V_16_load = load i32 %dataHard_V_16"   --->   Operation 271 'load' 'dataHard_V_16_load' <Predicate = (icmp_ln20)> <Delay = 0.00>
ST_2 : Operation 272 [1/1] (0.00ns)   --->   "%dataHard_V_17_load = load i32 %dataHard_V_17"   --->   Operation 272 'load' 'dataHard_V_17_load' <Predicate = (icmp_ln20)> <Delay = 0.00>
ST_2 : Operation 273 [1/1] (0.00ns)   --->   "%dataHard_V_18_load = load i32 %dataHard_V_18"   --->   Operation 273 'load' 'dataHard_V_18_load' <Predicate = (icmp_ln20)> <Delay = 0.00>
ST_2 : Operation 274 [1/1] (0.00ns)   --->   "%dataHard_V_19_load = load i32 %dataHard_V_19"   --->   Operation 274 'load' 'dataHard_V_19_load' <Predicate = (icmp_ln20)> <Delay = 0.00>
ST_2 : Operation 275 [1/1] (0.00ns)   --->   "%dataHard_V_20_load = load i32 %dataHard_V_20"   --->   Operation 275 'load' 'dataHard_V_20_load' <Predicate = (icmp_ln20)> <Delay = 0.00>
ST_2 : Operation 276 [1/1] (0.00ns)   --->   "%dataHard_V_21_load = load i32 %dataHard_V_21"   --->   Operation 276 'load' 'dataHard_V_21_load' <Predicate = (icmp_ln20)> <Delay = 0.00>
ST_2 : Operation 277 [1/1] (0.00ns)   --->   "%dataHard_V_22_load = load i32 %dataHard_V_22"   --->   Operation 277 'load' 'dataHard_V_22_load' <Predicate = (icmp_ln20)> <Delay = 0.00>
ST_2 : Operation 278 [1/1] (0.00ns)   --->   "%dataHard_V_23_load = load i32 %dataHard_V_23"   --->   Operation 278 'load' 'dataHard_V_23_load' <Predicate = (icmp_ln20)> <Delay = 0.00>
ST_2 : Operation 279 [1/1] (0.00ns)   --->   "%dataHard_V_24_load = load i32 %dataHard_V_24"   --->   Operation 279 'load' 'dataHard_V_24_load' <Predicate = (icmp_ln20)> <Delay = 0.00>
ST_2 : Operation 280 [1/1] (0.00ns)   --->   "%dataHard_V_25_load = load i32 %dataHard_V_25"   --->   Operation 280 'load' 'dataHard_V_25_load' <Predicate = (icmp_ln20)> <Delay = 0.00>
ST_2 : Operation 281 [1/1] (0.00ns)   --->   "%dataHard_V_26_load = load i32 %dataHard_V_26"   --->   Operation 281 'load' 'dataHard_V_26_load' <Predicate = (icmp_ln20)> <Delay = 0.00>
ST_2 : Operation 282 [1/1] (0.00ns)   --->   "%dataHard_V_27_load = load i32 %dataHard_V_27"   --->   Operation 282 'load' 'dataHard_V_27_load' <Predicate = (icmp_ln20)> <Delay = 0.00>
ST_2 : Operation 283 [1/1] (0.00ns)   --->   "%dataHard_V_28_load = load i32 %dataHard_V_28"   --->   Operation 283 'load' 'dataHard_V_28_load' <Predicate = (icmp_ln20)> <Delay = 0.00>
ST_2 : Operation 284 [1/1] (0.00ns)   --->   "%dataHard_V_29_load = load i32 %dataHard_V_29"   --->   Operation 284 'load' 'dataHard_V_29_load' <Predicate = (icmp_ln20)> <Delay = 0.00>
ST_2 : Operation 285 [1/1] (0.00ns)   --->   "%dataHard_V_30_load = load i32 %dataHard_V_30"   --->   Operation 285 'load' 'dataHard_V_30_load' <Predicate = (icmp_ln20)> <Delay = 0.00>
ST_2 : Operation 286 [1/1] (0.00ns)   --->   "%dataHard_V_31_load = load i32 %dataHard_V_31"   --->   Operation 286 'load' 'dataHard_V_31_load' <Predicate = (icmp_ln20)> <Delay = 0.00>
ST_2 : Operation 287 [1/1] (0.00ns)   --->   "%dataHard_V_32_load = load i32 %dataHard_V_32"   --->   Operation 287 'load' 'dataHard_V_32_load' <Predicate = (icmp_ln20)> <Delay = 0.00>
ST_2 : Operation 288 [1/1] (0.00ns)   --->   "%dataHard_V_33_load = load i32 %dataHard_V_33"   --->   Operation 288 'load' 'dataHard_V_33_load' <Predicate = (icmp_ln20)> <Delay = 0.00>
ST_2 : Operation 289 [1/1] (0.00ns)   --->   "%dataHard_V_34_load = load i32 %dataHard_V_34"   --->   Operation 289 'load' 'dataHard_V_34_load' <Predicate = (icmp_ln20)> <Delay = 0.00>
ST_2 : Operation 290 [1/1] (0.00ns)   --->   "%dataHard_V_35_load = load i32 %dataHard_V_35"   --->   Operation 290 'load' 'dataHard_V_35_load' <Predicate = (icmp_ln20)> <Delay = 0.00>
ST_2 : Operation 291 [1/1] (0.00ns)   --->   "%dataHard_V_36_load = load i32 %dataHard_V_36"   --->   Operation 291 'load' 'dataHard_V_36_load' <Predicate = (icmp_ln20)> <Delay = 0.00>
ST_2 : Operation 292 [1/1] (0.00ns)   --->   "%dataHard_V_37_load = load i32 %dataHard_V_37"   --->   Operation 292 'load' 'dataHard_V_37_load' <Predicate = (icmp_ln20)> <Delay = 0.00>
ST_2 : Operation 293 [1/1] (0.00ns)   --->   "%dataHard_V_38_load = load i32 %dataHard_V_38"   --->   Operation 293 'load' 'dataHard_V_38_load' <Predicate = (icmp_ln20)> <Delay = 0.00>
ST_2 : Operation 294 [1/1] (0.00ns)   --->   "%dataHard_V_39_load = load i32 %dataHard_V_39"   --->   Operation 294 'load' 'dataHard_V_39_load' <Predicate = (icmp_ln20)> <Delay = 0.00>
ST_2 : Operation 295 [1/1] (0.00ns)   --->   "%dataHard_V_40_load = load i32 %dataHard_V_40"   --->   Operation 295 'load' 'dataHard_V_40_load' <Predicate = (icmp_ln20)> <Delay = 0.00>
ST_2 : Operation 296 [1/1] (0.00ns)   --->   "%dataHard_V_41_load = load i32 %dataHard_V_41"   --->   Operation 296 'load' 'dataHard_V_41_load' <Predicate = (icmp_ln20)> <Delay = 0.00>
ST_2 : Operation 297 [1/1] (0.00ns)   --->   "%dataHard_V_42_load = load i32 %dataHard_V_42"   --->   Operation 297 'load' 'dataHard_V_42_load' <Predicate = (icmp_ln20)> <Delay = 0.00>
ST_2 : Operation 298 [1/1] (0.00ns)   --->   "%dataHard_V_43_load = load i32 %dataHard_V_43"   --->   Operation 298 'load' 'dataHard_V_43_load' <Predicate = (icmp_ln20)> <Delay = 0.00>
ST_2 : Operation 299 [1/1] (0.00ns)   --->   "%dataHard_V_44_load = load i32 %dataHard_V_44"   --->   Operation 299 'load' 'dataHard_V_44_load' <Predicate = (icmp_ln20)> <Delay = 0.00>
ST_2 : Operation 300 [1/1] (0.00ns)   --->   "%dataHard_V_45_load = load i32 %dataHard_V_45"   --->   Operation 300 'load' 'dataHard_V_45_load' <Predicate = (icmp_ln20)> <Delay = 0.00>
ST_2 : Operation 301 [1/1] (0.00ns)   --->   "%dataHard_V_46_load = load i32 %dataHard_V_46"   --->   Operation 301 'load' 'dataHard_V_46_load' <Predicate = (icmp_ln20)> <Delay = 0.00>
ST_2 : Operation 302 [1/1] (0.00ns)   --->   "%dataHard_V_47_load = load i32 %dataHard_V_47"   --->   Operation 302 'load' 'dataHard_V_47_load' <Predicate = (icmp_ln20)> <Delay = 0.00>
ST_2 : Operation 303 [1/1] (0.00ns)   --->   "%dataHard_V_48_load = load i32 %dataHard_V_48"   --->   Operation 303 'load' 'dataHard_V_48_load' <Predicate = (icmp_ln20)> <Delay = 0.00>
ST_2 : Operation 304 [1/1] (0.00ns)   --->   "%dataHard_V_49_load = load i32 %dataHard_V_49"   --->   Operation 304 'load' 'dataHard_V_49_load' <Predicate = (icmp_ln20)> <Delay = 0.00>
ST_2 : Operation 305 [1/1] (0.00ns)   --->   "%dataHard_V_50_load = load i32 %dataHard_V_50"   --->   Operation 305 'load' 'dataHard_V_50_load' <Predicate = (icmp_ln20)> <Delay = 0.00>
ST_2 : Operation 306 [1/1] (0.00ns)   --->   "%dataHard_V_51_load = load i32 %dataHard_V_51"   --->   Operation 306 'load' 'dataHard_V_51_load' <Predicate = (icmp_ln20)> <Delay = 0.00>
ST_2 : Operation 307 [1/1] (0.00ns)   --->   "%dataHard_V_52_load = load i32 %dataHard_V_52"   --->   Operation 307 'load' 'dataHard_V_52_load' <Predicate = (icmp_ln20)> <Delay = 0.00>
ST_2 : Operation 308 [1/1] (0.00ns)   --->   "%dataHard_V_53_load = load i32 %dataHard_V_53"   --->   Operation 308 'load' 'dataHard_V_53_load' <Predicate = (icmp_ln20)> <Delay = 0.00>
ST_2 : Operation 309 [1/1] (0.00ns)   --->   "%dataHard_V_54_load = load i32 %dataHard_V_54"   --->   Operation 309 'load' 'dataHard_V_54_load' <Predicate = (icmp_ln20)> <Delay = 0.00>
ST_2 : Operation 310 [1/1] (0.00ns)   --->   "%dataHard_V_55_load = load i32 %dataHard_V_55"   --->   Operation 310 'load' 'dataHard_V_55_load' <Predicate = (icmp_ln20)> <Delay = 0.00>
ST_2 : Operation 311 [1/1] (0.00ns)   --->   "%dataHard_V_56_load = load i32 %dataHard_V_56"   --->   Operation 311 'load' 'dataHard_V_56_load' <Predicate = (icmp_ln20)> <Delay = 0.00>
ST_2 : Operation 312 [1/1] (0.00ns)   --->   "%dataHard_V_57_load = load i32 %dataHard_V_57"   --->   Operation 312 'load' 'dataHard_V_57_load' <Predicate = (icmp_ln20)> <Delay = 0.00>
ST_2 : Operation 313 [1/1] (0.00ns)   --->   "%dataHard_V_58_load = load i32 %dataHard_V_58"   --->   Operation 313 'load' 'dataHard_V_58_load' <Predicate = (icmp_ln20)> <Delay = 0.00>
ST_2 : Operation 314 [1/1] (0.00ns)   --->   "%dataHard_V_59_load = load i32 %dataHard_V_59"   --->   Operation 314 'load' 'dataHard_V_59_load' <Predicate = (icmp_ln20)> <Delay = 0.00>
ST_2 : Operation 315 [1/1] (0.00ns)   --->   "%dataHard_V_60_load = load i32 %dataHard_V_60"   --->   Operation 315 'load' 'dataHard_V_60_load' <Predicate = (icmp_ln20)> <Delay = 0.00>
ST_2 : Operation 316 [1/1] (0.00ns)   --->   "%dataHard_V_61_load = load i32 %dataHard_V_61"   --->   Operation 316 'load' 'dataHard_V_61_load' <Predicate = (icmp_ln20)> <Delay = 0.00>
ST_2 : Operation 317 [1/1] (0.00ns)   --->   "%dataHard_V_62_load = load i32 %dataHard_V_62"   --->   Operation 317 'load' 'dataHard_V_62_load' <Predicate = (icmp_ln20)> <Delay = 0.00>
ST_2 : Operation 318 [1/1] (0.00ns)   --->   "%dataHard_V_63_load = load i32 %dataHard_V_63"   --->   Operation 318 'load' 'dataHard_V_63_load' <Predicate = (icmp_ln20)> <Delay = 0.00>
ST_2 : Operation 319 [1/1] (0.00ns)   --->   "%dataHard_V_64_load = load i32 %dataHard_V_64"   --->   Operation 319 'load' 'dataHard_V_64_load' <Predicate = (icmp_ln20)> <Delay = 0.00>
ST_2 : Operation 320 [1/1] (0.00ns)   --->   "%dataHard_V_65_load = load i32 %dataHard_V_65"   --->   Operation 320 'load' 'dataHard_V_65_load' <Predicate = (icmp_ln20)> <Delay = 0.00>
ST_2 : Operation 321 [1/1] (0.00ns)   --->   "%dataHard_V_66_load = load i32 %dataHard_V_66"   --->   Operation 321 'load' 'dataHard_V_66_load' <Predicate = (icmp_ln20)> <Delay = 0.00>
ST_2 : Operation 322 [1/1] (0.00ns)   --->   "%dataHard_V_67_load = load i32 %dataHard_V_67"   --->   Operation 322 'load' 'dataHard_V_67_load' <Predicate = (icmp_ln20)> <Delay = 0.00>
ST_2 : Operation 323 [1/1] (0.00ns)   --->   "%dataHard_V_68_load = load i32 %dataHard_V_68"   --->   Operation 323 'load' 'dataHard_V_68_load' <Predicate = (icmp_ln20)> <Delay = 0.00>
ST_2 : Operation 324 [1/1] (0.00ns)   --->   "%dataHard_V_69_load = load i32 %dataHard_V_69"   --->   Operation 324 'load' 'dataHard_V_69_load' <Predicate = (icmp_ln20)> <Delay = 0.00>
ST_2 : Operation 325 [1/1] (0.00ns)   --->   "%dataHard_V_70_load = load i32 %dataHard_V_70"   --->   Operation 325 'load' 'dataHard_V_70_load' <Predicate = (icmp_ln20)> <Delay = 0.00>
ST_2 : Operation 326 [1/1] (0.00ns)   --->   "%dataHard_V_71_load = load i32 %dataHard_V_71"   --->   Operation 326 'load' 'dataHard_V_71_load' <Predicate = (icmp_ln20)> <Delay = 0.00>
ST_2 : Operation 327 [1/1] (0.00ns)   --->   "%dataHard_V_72_load = load i32 %dataHard_V_72"   --->   Operation 327 'load' 'dataHard_V_72_load' <Predicate = (icmp_ln20)> <Delay = 0.00>
ST_2 : Operation 328 [1/1] (0.00ns)   --->   "%dataHard_V_73_load = load i32 %dataHard_V_73"   --->   Operation 328 'load' 'dataHard_V_73_load' <Predicate = (icmp_ln20)> <Delay = 0.00>
ST_2 : Operation 329 [1/1] (0.00ns)   --->   "%dataHard_V_74_load = load i32 %dataHard_V_74"   --->   Operation 329 'load' 'dataHard_V_74_load' <Predicate = (icmp_ln20)> <Delay = 0.00>
ST_2 : Operation 330 [1/1] (0.00ns)   --->   "%dataHard_V_75_load = load i32 %dataHard_V_75"   --->   Operation 330 'load' 'dataHard_V_75_load' <Predicate = (icmp_ln20)> <Delay = 0.00>
ST_2 : Operation 331 [1/1] (0.00ns)   --->   "%dataHard_V_76_load = load i32 %dataHard_V_76"   --->   Operation 331 'load' 'dataHard_V_76_load' <Predicate = (icmp_ln20)> <Delay = 0.00>
ST_2 : Operation 332 [1/1] (0.00ns)   --->   "%dataHard_V_77_load = load i32 %dataHard_V_77"   --->   Operation 332 'load' 'dataHard_V_77_load' <Predicate = (icmp_ln20)> <Delay = 0.00>
ST_2 : Operation 333 [1/1] (0.00ns)   --->   "%dataHard_V_78_load = load i32 %dataHard_V_78"   --->   Operation 333 'load' 'dataHard_V_78_load' <Predicate = (icmp_ln20)> <Delay = 0.00>
ST_2 : Operation 334 [1/1] (0.00ns)   --->   "%dataHard_V_79_load = load i32 %dataHard_V_79"   --->   Operation 334 'load' 'dataHard_V_79_load' <Predicate = (icmp_ln20)> <Delay = 0.00>
ST_2 : Operation 335 [1/1] (0.00ns)   --->   "%dataHard_V_80_load = load i32 %dataHard_V_80"   --->   Operation 335 'load' 'dataHard_V_80_load' <Predicate = (icmp_ln20)> <Delay = 0.00>
ST_2 : Operation 336 [1/1] (0.00ns)   --->   "%dataHard_V_81_load = load i32 %dataHard_V_81"   --->   Operation 336 'load' 'dataHard_V_81_load' <Predicate = (icmp_ln20)> <Delay = 0.00>
ST_2 : Operation 337 [1/1] (0.00ns)   --->   "%dataHard_V_82_load = load i32 %dataHard_V_82"   --->   Operation 337 'load' 'dataHard_V_82_load' <Predicate = (icmp_ln20)> <Delay = 0.00>
ST_2 : Operation 338 [1/1] (0.00ns)   --->   "%dataHard_V_83_load = load i32 %dataHard_V_83"   --->   Operation 338 'load' 'dataHard_V_83_load' <Predicate = (icmp_ln20)> <Delay = 0.00>
ST_2 : Operation 339 [1/1] (0.00ns)   --->   "%dataHard_V_84_load = load i32 %dataHard_V_84"   --->   Operation 339 'load' 'dataHard_V_84_load' <Predicate = (icmp_ln20)> <Delay = 0.00>
ST_2 : Operation 340 [1/1] (0.00ns)   --->   "%dataHard_V_85_load = load i32 %dataHard_V_85"   --->   Operation 340 'load' 'dataHard_V_85_load' <Predicate = (icmp_ln20)> <Delay = 0.00>
ST_2 : Operation 341 [1/1] (0.00ns)   --->   "%dataHard_V_86_load = load i32 %dataHard_V_86"   --->   Operation 341 'load' 'dataHard_V_86_load' <Predicate = (icmp_ln20)> <Delay = 0.00>
ST_2 : Operation 342 [1/1] (0.00ns)   --->   "%dataHard_V_87_load = load i32 %dataHard_V_87"   --->   Operation 342 'load' 'dataHard_V_87_load' <Predicate = (icmp_ln20)> <Delay = 0.00>
ST_2 : Operation 343 [1/1] (0.00ns)   --->   "%dataHard_V_88_load = load i32 %dataHard_V_88"   --->   Operation 343 'load' 'dataHard_V_88_load' <Predicate = (icmp_ln20)> <Delay = 0.00>
ST_2 : Operation 344 [1/1] (0.00ns)   --->   "%dataHard_V_89_load = load i32 %dataHard_V_89"   --->   Operation 344 'load' 'dataHard_V_89_load' <Predicate = (icmp_ln20)> <Delay = 0.00>
ST_2 : Operation 345 [1/1] (0.00ns)   --->   "%dataHard_V_90_load = load i32 %dataHard_V_90"   --->   Operation 345 'load' 'dataHard_V_90_load' <Predicate = (icmp_ln20)> <Delay = 0.00>
ST_2 : Operation 346 [1/1] (0.00ns)   --->   "%dataHard_V_91_load = load i32 %dataHard_V_91"   --->   Operation 346 'load' 'dataHard_V_91_load' <Predicate = (icmp_ln20)> <Delay = 0.00>
ST_2 : Operation 347 [1/1] (0.00ns)   --->   "%dataHard_V_92_load = load i32 %dataHard_V_92"   --->   Operation 347 'load' 'dataHard_V_92_load' <Predicate = (icmp_ln20)> <Delay = 0.00>
ST_2 : Operation 348 [1/1] (0.00ns)   --->   "%dataHard_V_93_load = load i32 %dataHard_V_93"   --->   Operation 348 'load' 'dataHard_V_93_load' <Predicate = (icmp_ln20)> <Delay = 0.00>
ST_2 : Operation 349 [1/1] (0.00ns)   --->   "%dataHard_V_94_load = load i32 %dataHard_V_94"   --->   Operation 349 'load' 'dataHard_V_94_load' <Predicate = (icmp_ln20)> <Delay = 0.00>
ST_2 : Operation 350 [1/1] (0.00ns)   --->   "%dataHard_V_95_load = load i32 %dataHard_V_95"   --->   Operation 350 'load' 'dataHard_V_95_load' <Predicate = (icmp_ln20)> <Delay = 0.00>
ST_2 : Operation 351 [1/1] (0.00ns)   --->   "%dataHard_V_96_load = load i32 %dataHard_V_96"   --->   Operation 351 'load' 'dataHard_V_96_load' <Predicate = (icmp_ln20)> <Delay = 0.00>
ST_2 : Operation 352 [1/1] (0.00ns)   --->   "%dataHard_V_97_load = load i32 %dataHard_V_97"   --->   Operation 352 'load' 'dataHard_V_97_load' <Predicate = (icmp_ln20)> <Delay = 0.00>
ST_2 : Operation 353 [1/1] (0.00ns)   --->   "%dataHard_V_98_load = load i32 %dataHard_V_98"   --->   Operation 353 'load' 'dataHard_V_98_load' <Predicate = (icmp_ln20)> <Delay = 0.00>
ST_2 : Operation 354 [1/1] (0.00ns)   --->   "%dataHard_V_99_load = load i32 %dataHard_V_99"   --->   Operation 354 'load' 'dataHard_V_99_load' <Predicate = (icmp_ln20)> <Delay = 0.00>
ST_2 : Operation 355 [1/1] (0.00ns)   --->   "%dataHard_V_100_load = load i32 %dataHard_V_100"   --->   Operation 355 'load' 'dataHard_V_100_load' <Predicate = (icmp_ln20)> <Delay = 0.00>
ST_2 : Operation 356 [1/1] (0.00ns)   --->   "%dataHard_V_101_load = load i32 %dataHard_V_101"   --->   Operation 356 'load' 'dataHard_V_101_load' <Predicate = (icmp_ln20)> <Delay = 0.00>
ST_2 : Operation 357 [1/1] (0.00ns)   --->   "%dataHard_V_102_load = load i32 %dataHard_V_102"   --->   Operation 357 'load' 'dataHard_V_102_load' <Predicate = (icmp_ln20)> <Delay = 0.00>
ST_2 : Operation 358 [1/1] (0.00ns)   --->   "%dataHard_V_103_load = load i32 %dataHard_V_103"   --->   Operation 358 'load' 'dataHard_V_103_load' <Predicate = (icmp_ln20)> <Delay = 0.00>
ST_2 : Operation 359 [1/1] (0.00ns)   --->   "%write_ln0 = write void @_ssdm_op_Write.ap_auto.i32P0A, i32 %dataHard_V_103_out, i32 %dataHard_V_103_load"   --->   Operation 359 'write' 'write_ln0' <Predicate = (icmp_ln20)> <Delay = 0.00>
ST_2 : Operation 360 [1/1] (0.00ns)   --->   "%write_ln0 = write void @_ssdm_op_Write.ap_auto.i32P0A, i32 %dataHard_V_102_out, i32 %dataHard_V_102_load"   --->   Operation 360 'write' 'write_ln0' <Predicate = (icmp_ln20)> <Delay = 0.00>
ST_2 : Operation 361 [1/1] (0.00ns)   --->   "%write_ln0 = write void @_ssdm_op_Write.ap_auto.i32P0A, i32 %dataHard_V_101_out, i32 %dataHard_V_101_load"   --->   Operation 361 'write' 'write_ln0' <Predicate = (icmp_ln20)> <Delay = 0.00>
ST_2 : Operation 362 [1/1] (0.00ns)   --->   "%write_ln0 = write void @_ssdm_op_Write.ap_auto.i32P0A, i32 %dataHard_V_100_out, i32 %dataHard_V_100_load"   --->   Operation 362 'write' 'write_ln0' <Predicate = (icmp_ln20)> <Delay = 0.00>
ST_2 : Operation 363 [1/1] (0.00ns)   --->   "%write_ln0 = write void @_ssdm_op_Write.ap_auto.i32P0A, i32 %dataHard_V_99_out, i32 %dataHard_V_99_load"   --->   Operation 363 'write' 'write_ln0' <Predicate = (icmp_ln20)> <Delay = 0.00>
ST_2 : Operation 364 [1/1] (0.00ns)   --->   "%write_ln0 = write void @_ssdm_op_Write.ap_auto.i32P0A, i32 %dataHard_V_98_out, i32 %dataHard_V_98_load"   --->   Operation 364 'write' 'write_ln0' <Predicate = (icmp_ln20)> <Delay = 0.00>
ST_2 : Operation 365 [1/1] (0.00ns)   --->   "%write_ln0 = write void @_ssdm_op_Write.ap_auto.i32P0A, i32 %dataHard_V_97_out, i32 %dataHard_V_97_load"   --->   Operation 365 'write' 'write_ln0' <Predicate = (icmp_ln20)> <Delay = 0.00>
ST_2 : Operation 366 [1/1] (0.00ns)   --->   "%write_ln0 = write void @_ssdm_op_Write.ap_auto.i32P0A, i32 %dataHard_V_96_out, i32 %dataHard_V_96_load"   --->   Operation 366 'write' 'write_ln0' <Predicate = (icmp_ln20)> <Delay = 0.00>
ST_2 : Operation 367 [1/1] (0.00ns)   --->   "%write_ln0 = write void @_ssdm_op_Write.ap_auto.i32P0A, i32 %dataHard_V_95_out, i32 %dataHard_V_95_load"   --->   Operation 367 'write' 'write_ln0' <Predicate = (icmp_ln20)> <Delay = 0.00>
ST_2 : Operation 368 [1/1] (0.00ns)   --->   "%write_ln0 = write void @_ssdm_op_Write.ap_auto.i32P0A, i32 %dataHard_V_94_out, i32 %dataHard_V_94_load"   --->   Operation 368 'write' 'write_ln0' <Predicate = (icmp_ln20)> <Delay = 0.00>
ST_2 : Operation 369 [1/1] (0.00ns)   --->   "%write_ln0 = write void @_ssdm_op_Write.ap_auto.i32P0A, i32 %dataHard_V_93_out, i32 %dataHard_V_93_load"   --->   Operation 369 'write' 'write_ln0' <Predicate = (icmp_ln20)> <Delay = 0.00>
ST_2 : Operation 370 [1/1] (0.00ns)   --->   "%write_ln0 = write void @_ssdm_op_Write.ap_auto.i32P0A, i32 %dataHard_V_92_out, i32 %dataHard_V_92_load"   --->   Operation 370 'write' 'write_ln0' <Predicate = (icmp_ln20)> <Delay = 0.00>
ST_2 : Operation 371 [1/1] (0.00ns)   --->   "%write_ln0 = write void @_ssdm_op_Write.ap_auto.i32P0A, i32 %dataHard_V_91_out, i32 %dataHard_V_91_load"   --->   Operation 371 'write' 'write_ln0' <Predicate = (icmp_ln20)> <Delay = 0.00>
ST_2 : Operation 372 [1/1] (0.00ns)   --->   "%write_ln0 = write void @_ssdm_op_Write.ap_auto.i32P0A, i32 %dataHard_V_90_out, i32 %dataHard_V_90_load"   --->   Operation 372 'write' 'write_ln0' <Predicate = (icmp_ln20)> <Delay = 0.00>
ST_2 : Operation 373 [1/1] (0.00ns)   --->   "%write_ln0 = write void @_ssdm_op_Write.ap_auto.i32P0A, i32 %dataHard_V_89_out, i32 %dataHard_V_89_load"   --->   Operation 373 'write' 'write_ln0' <Predicate = (icmp_ln20)> <Delay = 0.00>
ST_2 : Operation 374 [1/1] (0.00ns)   --->   "%write_ln0 = write void @_ssdm_op_Write.ap_auto.i32P0A, i32 %dataHard_V_88_out, i32 %dataHard_V_88_load"   --->   Operation 374 'write' 'write_ln0' <Predicate = (icmp_ln20)> <Delay = 0.00>
ST_2 : Operation 375 [1/1] (0.00ns)   --->   "%write_ln0 = write void @_ssdm_op_Write.ap_auto.i32P0A, i32 %dataHard_V_87_out, i32 %dataHard_V_87_load"   --->   Operation 375 'write' 'write_ln0' <Predicate = (icmp_ln20)> <Delay = 0.00>
ST_2 : Operation 376 [1/1] (0.00ns)   --->   "%write_ln0 = write void @_ssdm_op_Write.ap_auto.i32P0A, i32 %dataHard_V_86_out, i32 %dataHard_V_86_load"   --->   Operation 376 'write' 'write_ln0' <Predicate = (icmp_ln20)> <Delay = 0.00>
ST_2 : Operation 377 [1/1] (0.00ns)   --->   "%write_ln0 = write void @_ssdm_op_Write.ap_auto.i32P0A, i32 %dataHard_V_85_out, i32 %dataHard_V_85_load"   --->   Operation 377 'write' 'write_ln0' <Predicate = (icmp_ln20)> <Delay = 0.00>
ST_2 : Operation 378 [1/1] (0.00ns)   --->   "%write_ln0 = write void @_ssdm_op_Write.ap_auto.i32P0A, i32 %dataHard_V_84_out, i32 %dataHard_V_84_load"   --->   Operation 378 'write' 'write_ln0' <Predicate = (icmp_ln20)> <Delay = 0.00>
ST_2 : Operation 379 [1/1] (0.00ns)   --->   "%write_ln0 = write void @_ssdm_op_Write.ap_auto.i32P0A, i32 %dataHard_V_83_out, i32 %dataHard_V_83_load"   --->   Operation 379 'write' 'write_ln0' <Predicate = (icmp_ln20)> <Delay = 0.00>
ST_2 : Operation 380 [1/1] (0.00ns)   --->   "%write_ln0 = write void @_ssdm_op_Write.ap_auto.i32P0A, i32 %dataHard_V_82_out, i32 %dataHard_V_82_load"   --->   Operation 380 'write' 'write_ln0' <Predicate = (icmp_ln20)> <Delay = 0.00>
ST_2 : Operation 381 [1/1] (0.00ns)   --->   "%write_ln0 = write void @_ssdm_op_Write.ap_auto.i32P0A, i32 %dataHard_V_81_out, i32 %dataHard_V_81_load"   --->   Operation 381 'write' 'write_ln0' <Predicate = (icmp_ln20)> <Delay = 0.00>
ST_2 : Operation 382 [1/1] (0.00ns)   --->   "%write_ln0 = write void @_ssdm_op_Write.ap_auto.i32P0A, i32 %dataHard_V_80_out, i32 %dataHard_V_80_load"   --->   Operation 382 'write' 'write_ln0' <Predicate = (icmp_ln20)> <Delay = 0.00>
ST_2 : Operation 383 [1/1] (0.00ns)   --->   "%write_ln0 = write void @_ssdm_op_Write.ap_auto.i32P0A, i32 %dataHard_V_79_out, i32 %dataHard_V_79_load"   --->   Operation 383 'write' 'write_ln0' <Predicate = (icmp_ln20)> <Delay = 0.00>
ST_2 : Operation 384 [1/1] (0.00ns)   --->   "%write_ln0 = write void @_ssdm_op_Write.ap_auto.i32P0A, i32 %dataHard_V_78_out, i32 %dataHard_V_78_load"   --->   Operation 384 'write' 'write_ln0' <Predicate = (icmp_ln20)> <Delay = 0.00>
ST_2 : Operation 385 [1/1] (0.00ns)   --->   "%write_ln0 = write void @_ssdm_op_Write.ap_auto.i32P0A, i32 %dataHard_V_77_out, i32 %dataHard_V_77_load"   --->   Operation 385 'write' 'write_ln0' <Predicate = (icmp_ln20)> <Delay = 0.00>
ST_2 : Operation 386 [1/1] (0.00ns)   --->   "%write_ln0 = write void @_ssdm_op_Write.ap_auto.i32P0A, i32 %dataHard_V_76_out, i32 %dataHard_V_76_load"   --->   Operation 386 'write' 'write_ln0' <Predicate = (icmp_ln20)> <Delay = 0.00>
ST_2 : Operation 387 [1/1] (0.00ns)   --->   "%write_ln0 = write void @_ssdm_op_Write.ap_auto.i32P0A, i32 %dataHard_V_75_out, i32 %dataHard_V_75_load"   --->   Operation 387 'write' 'write_ln0' <Predicate = (icmp_ln20)> <Delay = 0.00>
ST_2 : Operation 388 [1/1] (0.00ns)   --->   "%write_ln0 = write void @_ssdm_op_Write.ap_auto.i32P0A, i32 %dataHard_V_74_out, i32 %dataHard_V_74_load"   --->   Operation 388 'write' 'write_ln0' <Predicate = (icmp_ln20)> <Delay = 0.00>
ST_2 : Operation 389 [1/1] (0.00ns)   --->   "%write_ln0 = write void @_ssdm_op_Write.ap_auto.i32P0A, i32 %dataHard_V_73_out, i32 %dataHard_V_73_load"   --->   Operation 389 'write' 'write_ln0' <Predicate = (icmp_ln20)> <Delay = 0.00>
ST_2 : Operation 390 [1/1] (0.00ns)   --->   "%write_ln0 = write void @_ssdm_op_Write.ap_auto.i32P0A, i32 %dataHard_V_72_out, i32 %dataHard_V_72_load"   --->   Operation 390 'write' 'write_ln0' <Predicate = (icmp_ln20)> <Delay = 0.00>
ST_2 : Operation 391 [1/1] (0.00ns)   --->   "%write_ln0 = write void @_ssdm_op_Write.ap_auto.i32P0A, i32 %dataHard_V_71_out, i32 %dataHard_V_71_load"   --->   Operation 391 'write' 'write_ln0' <Predicate = (icmp_ln20)> <Delay = 0.00>
ST_2 : Operation 392 [1/1] (0.00ns)   --->   "%write_ln0 = write void @_ssdm_op_Write.ap_auto.i32P0A, i32 %dataHard_V_70_out, i32 %dataHard_V_70_load"   --->   Operation 392 'write' 'write_ln0' <Predicate = (icmp_ln20)> <Delay = 0.00>
ST_2 : Operation 393 [1/1] (0.00ns)   --->   "%write_ln0 = write void @_ssdm_op_Write.ap_auto.i32P0A, i32 %dataHard_V_69_out, i32 %dataHard_V_69_load"   --->   Operation 393 'write' 'write_ln0' <Predicate = (icmp_ln20)> <Delay = 0.00>
ST_2 : Operation 394 [1/1] (0.00ns)   --->   "%write_ln0 = write void @_ssdm_op_Write.ap_auto.i32P0A, i32 %dataHard_V_68_out, i32 %dataHard_V_68_load"   --->   Operation 394 'write' 'write_ln0' <Predicate = (icmp_ln20)> <Delay = 0.00>
ST_2 : Operation 395 [1/1] (0.00ns)   --->   "%write_ln0 = write void @_ssdm_op_Write.ap_auto.i32P0A, i32 %dataHard_V_67_out, i32 %dataHard_V_67_load"   --->   Operation 395 'write' 'write_ln0' <Predicate = (icmp_ln20)> <Delay = 0.00>
ST_2 : Operation 396 [1/1] (0.00ns)   --->   "%write_ln0 = write void @_ssdm_op_Write.ap_auto.i32P0A, i32 %dataHard_V_66_out, i32 %dataHard_V_66_load"   --->   Operation 396 'write' 'write_ln0' <Predicate = (icmp_ln20)> <Delay = 0.00>
ST_2 : Operation 397 [1/1] (0.00ns)   --->   "%write_ln0 = write void @_ssdm_op_Write.ap_auto.i32P0A, i32 %dataHard_V_65_out, i32 %dataHard_V_65_load"   --->   Operation 397 'write' 'write_ln0' <Predicate = (icmp_ln20)> <Delay = 0.00>
ST_2 : Operation 398 [1/1] (0.00ns)   --->   "%write_ln0 = write void @_ssdm_op_Write.ap_auto.i32P0A, i32 %dataHard_V_64_out, i32 %dataHard_V_64_load"   --->   Operation 398 'write' 'write_ln0' <Predicate = (icmp_ln20)> <Delay = 0.00>
ST_2 : Operation 399 [1/1] (0.00ns)   --->   "%write_ln0 = write void @_ssdm_op_Write.ap_auto.i32P0A, i32 %dataHard_V_63_out, i32 %dataHard_V_63_load"   --->   Operation 399 'write' 'write_ln0' <Predicate = (icmp_ln20)> <Delay = 0.00>
ST_2 : Operation 400 [1/1] (0.00ns)   --->   "%write_ln0 = write void @_ssdm_op_Write.ap_auto.i32P0A, i32 %dataHard_V_62_out, i32 %dataHard_V_62_load"   --->   Operation 400 'write' 'write_ln0' <Predicate = (icmp_ln20)> <Delay = 0.00>
ST_2 : Operation 401 [1/1] (0.00ns)   --->   "%write_ln0 = write void @_ssdm_op_Write.ap_auto.i32P0A, i32 %dataHard_V_61_out, i32 %dataHard_V_61_load"   --->   Operation 401 'write' 'write_ln0' <Predicate = (icmp_ln20)> <Delay = 0.00>
ST_2 : Operation 402 [1/1] (0.00ns)   --->   "%write_ln0 = write void @_ssdm_op_Write.ap_auto.i32P0A, i32 %dataHard_V_60_out, i32 %dataHard_V_60_load"   --->   Operation 402 'write' 'write_ln0' <Predicate = (icmp_ln20)> <Delay = 0.00>
ST_2 : Operation 403 [1/1] (0.00ns)   --->   "%write_ln0 = write void @_ssdm_op_Write.ap_auto.i32P0A, i32 %dataHard_V_59_out, i32 %dataHard_V_59_load"   --->   Operation 403 'write' 'write_ln0' <Predicate = (icmp_ln20)> <Delay = 0.00>
ST_2 : Operation 404 [1/1] (0.00ns)   --->   "%write_ln0 = write void @_ssdm_op_Write.ap_auto.i32P0A, i32 %dataHard_V_58_out, i32 %dataHard_V_58_load"   --->   Operation 404 'write' 'write_ln0' <Predicate = (icmp_ln20)> <Delay = 0.00>
ST_2 : Operation 405 [1/1] (0.00ns)   --->   "%write_ln0 = write void @_ssdm_op_Write.ap_auto.i32P0A, i32 %dataHard_V_57_out, i32 %dataHard_V_57_load"   --->   Operation 405 'write' 'write_ln0' <Predicate = (icmp_ln20)> <Delay = 0.00>
ST_2 : Operation 406 [1/1] (0.00ns)   --->   "%write_ln0 = write void @_ssdm_op_Write.ap_auto.i32P0A, i32 %dataHard_V_56_out, i32 %dataHard_V_56_load"   --->   Operation 406 'write' 'write_ln0' <Predicate = (icmp_ln20)> <Delay = 0.00>
ST_2 : Operation 407 [1/1] (0.00ns)   --->   "%write_ln0 = write void @_ssdm_op_Write.ap_auto.i32P0A, i32 %dataHard_V_55_out, i32 %dataHard_V_55_load"   --->   Operation 407 'write' 'write_ln0' <Predicate = (icmp_ln20)> <Delay = 0.00>
ST_2 : Operation 408 [1/1] (0.00ns)   --->   "%write_ln0 = write void @_ssdm_op_Write.ap_auto.i32P0A, i32 %dataHard_V_54_out, i32 %dataHard_V_54_load"   --->   Operation 408 'write' 'write_ln0' <Predicate = (icmp_ln20)> <Delay = 0.00>
ST_2 : Operation 409 [1/1] (0.00ns)   --->   "%write_ln0 = write void @_ssdm_op_Write.ap_auto.i32P0A, i32 %dataHard_V_53_out, i32 %dataHard_V_53_load"   --->   Operation 409 'write' 'write_ln0' <Predicate = (icmp_ln20)> <Delay = 0.00>
ST_2 : Operation 410 [1/1] (0.00ns)   --->   "%write_ln0 = write void @_ssdm_op_Write.ap_auto.i32P0A, i32 %dataHard_V_52_out, i32 %dataHard_V_52_load"   --->   Operation 410 'write' 'write_ln0' <Predicate = (icmp_ln20)> <Delay = 0.00>
ST_2 : Operation 411 [1/1] (0.00ns)   --->   "%write_ln0 = write void @_ssdm_op_Write.ap_auto.i32P0A, i32 %dataHard_V_51_out, i32 %dataHard_V_51_load"   --->   Operation 411 'write' 'write_ln0' <Predicate = (icmp_ln20)> <Delay = 0.00>
ST_2 : Operation 412 [1/1] (0.00ns)   --->   "%write_ln0 = write void @_ssdm_op_Write.ap_auto.i32P0A, i32 %dataHard_V_50_out, i32 %dataHard_V_50_load"   --->   Operation 412 'write' 'write_ln0' <Predicate = (icmp_ln20)> <Delay = 0.00>
ST_2 : Operation 413 [1/1] (0.00ns)   --->   "%write_ln0 = write void @_ssdm_op_Write.ap_auto.i32P0A, i32 %dataHard_V_49_out, i32 %dataHard_V_49_load"   --->   Operation 413 'write' 'write_ln0' <Predicate = (icmp_ln20)> <Delay = 0.00>
ST_2 : Operation 414 [1/1] (0.00ns)   --->   "%write_ln0 = write void @_ssdm_op_Write.ap_auto.i32P0A, i32 %dataHard_V_48_out, i32 %dataHard_V_48_load"   --->   Operation 414 'write' 'write_ln0' <Predicate = (icmp_ln20)> <Delay = 0.00>
ST_2 : Operation 415 [1/1] (0.00ns)   --->   "%write_ln0 = write void @_ssdm_op_Write.ap_auto.i32P0A, i32 %dataHard_V_47_out, i32 %dataHard_V_47_load"   --->   Operation 415 'write' 'write_ln0' <Predicate = (icmp_ln20)> <Delay = 0.00>
ST_2 : Operation 416 [1/1] (0.00ns)   --->   "%write_ln0 = write void @_ssdm_op_Write.ap_auto.i32P0A, i32 %dataHard_V_46_out, i32 %dataHard_V_46_load"   --->   Operation 416 'write' 'write_ln0' <Predicate = (icmp_ln20)> <Delay = 0.00>
ST_2 : Operation 417 [1/1] (0.00ns)   --->   "%write_ln0 = write void @_ssdm_op_Write.ap_auto.i32P0A, i32 %dataHard_V_45_out, i32 %dataHard_V_45_load"   --->   Operation 417 'write' 'write_ln0' <Predicate = (icmp_ln20)> <Delay = 0.00>
ST_2 : Operation 418 [1/1] (0.00ns)   --->   "%write_ln0 = write void @_ssdm_op_Write.ap_auto.i32P0A, i32 %dataHard_V_44_out, i32 %dataHard_V_44_load"   --->   Operation 418 'write' 'write_ln0' <Predicate = (icmp_ln20)> <Delay = 0.00>
ST_2 : Operation 419 [1/1] (0.00ns)   --->   "%write_ln0 = write void @_ssdm_op_Write.ap_auto.i32P0A, i32 %dataHard_V_43_out, i32 %dataHard_V_43_load"   --->   Operation 419 'write' 'write_ln0' <Predicate = (icmp_ln20)> <Delay = 0.00>
ST_2 : Operation 420 [1/1] (0.00ns)   --->   "%write_ln0 = write void @_ssdm_op_Write.ap_auto.i32P0A, i32 %dataHard_V_42_out, i32 %dataHard_V_42_load"   --->   Operation 420 'write' 'write_ln0' <Predicate = (icmp_ln20)> <Delay = 0.00>
ST_2 : Operation 421 [1/1] (0.00ns)   --->   "%write_ln0 = write void @_ssdm_op_Write.ap_auto.i32P0A, i32 %dataHard_V_41_out, i32 %dataHard_V_41_load"   --->   Operation 421 'write' 'write_ln0' <Predicate = (icmp_ln20)> <Delay = 0.00>
ST_2 : Operation 422 [1/1] (0.00ns)   --->   "%write_ln0 = write void @_ssdm_op_Write.ap_auto.i32P0A, i32 %dataHard_V_40_out, i32 %dataHard_V_40_load"   --->   Operation 422 'write' 'write_ln0' <Predicate = (icmp_ln20)> <Delay = 0.00>
ST_2 : Operation 423 [1/1] (0.00ns)   --->   "%write_ln0 = write void @_ssdm_op_Write.ap_auto.i32P0A, i32 %dataHard_V_39_out, i32 %dataHard_V_39_load"   --->   Operation 423 'write' 'write_ln0' <Predicate = (icmp_ln20)> <Delay = 0.00>
ST_2 : Operation 424 [1/1] (0.00ns)   --->   "%write_ln0 = write void @_ssdm_op_Write.ap_auto.i32P0A, i32 %dataHard_V_38_out, i32 %dataHard_V_38_load"   --->   Operation 424 'write' 'write_ln0' <Predicate = (icmp_ln20)> <Delay = 0.00>
ST_2 : Operation 425 [1/1] (0.00ns)   --->   "%write_ln0 = write void @_ssdm_op_Write.ap_auto.i32P0A, i32 %dataHard_V_37_out, i32 %dataHard_V_37_load"   --->   Operation 425 'write' 'write_ln0' <Predicate = (icmp_ln20)> <Delay = 0.00>
ST_2 : Operation 426 [1/1] (0.00ns)   --->   "%write_ln0 = write void @_ssdm_op_Write.ap_auto.i32P0A, i32 %dataHard_V_36_out, i32 %dataHard_V_36_load"   --->   Operation 426 'write' 'write_ln0' <Predicate = (icmp_ln20)> <Delay = 0.00>
ST_2 : Operation 427 [1/1] (0.00ns)   --->   "%write_ln0 = write void @_ssdm_op_Write.ap_auto.i32P0A, i32 %dataHard_V_35_out, i32 %dataHard_V_35_load"   --->   Operation 427 'write' 'write_ln0' <Predicate = (icmp_ln20)> <Delay = 0.00>
ST_2 : Operation 428 [1/1] (0.00ns)   --->   "%write_ln0 = write void @_ssdm_op_Write.ap_auto.i32P0A, i32 %dataHard_V_34_out, i32 %dataHard_V_34_load"   --->   Operation 428 'write' 'write_ln0' <Predicate = (icmp_ln20)> <Delay = 0.00>
ST_2 : Operation 429 [1/1] (0.00ns)   --->   "%write_ln0 = write void @_ssdm_op_Write.ap_auto.i32P0A, i32 %dataHard_V_33_out, i32 %dataHard_V_33_load"   --->   Operation 429 'write' 'write_ln0' <Predicate = (icmp_ln20)> <Delay = 0.00>
ST_2 : Operation 430 [1/1] (0.00ns)   --->   "%write_ln0 = write void @_ssdm_op_Write.ap_auto.i32P0A, i32 %dataHard_V_32_out, i32 %dataHard_V_32_load"   --->   Operation 430 'write' 'write_ln0' <Predicate = (icmp_ln20)> <Delay = 0.00>
ST_2 : Operation 431 [1/1] (0.00ns)   --->   "%write_ln0 = write void @_ssdm_op_Write.ap_auto.i32P0A, i32 %dataHard_V_31_out, i32 %dataHard_V_31_load"   --->   Operation 431 'write' 'write_ln0' <Predicate = (icmp_ln20)> <Delay = 0.00>
ST_2 : Operation 432 [1/1] (0.00ns)   --->   "%write_ln0 = write void @_ssdm_op_Write.ap_auto.i32P0A, i32 %dataHard_V_30_out, i32 %dataHard_V_30_load"   --->   Operation 432 'write' 'write_ln0' <Predicate = (icmp_ln20)> <Delay = 0.00>
ST_2 : Operation 433 [1/1] (0.00ns)   --->   "%write_ln0 = write void @_ssdm_op_Write.ap_auto.i32P0A, i32 %dataHard_V_29_out, i32 %dataHard_V_29_load"   --->   Operation 433 'write' 'write_ln0' <Predicate = (icmp_ln20)> <Delay = 0.00>
ST_2 : Operation 434 [1/1] (0.00ns)   --->   "%write_ln0 = write void @_ssdm_op_Write.ap_auto.i32P0A, i32 %dataHard_V_28_out, i32 %dataHard_V_28_load"   --->   Operation 434 'write' 'write_ln0' <Predicate = (icmp_ln20)> <Delay = 0.00>
ST_2 : Operation 435 [1/1] (0.00ns)   --->   "%write_ln0 = write void @_ssdm_op_Write.ap_auto.i32P0A, i32 %dataHard_V_27_out, i32 %dataHard_V_27_load"   --->   Operation 435 'write' 'write_ln0' <Predicate = (icmp_ln20)> <Delay = 0.00>
ST_2 : Operation 436 [1/1] (0.00ns)   --->   "%write_ln0 = write void @_ssdm_op_Write.ap_auto.i32P0A, i32 %dataHard_V_26_out, i32 %dataHard_V_26_load"   --->   Operation 436 'write' 'write_ln0' <Predicate = (icmp_ln20)> <Delay = 0.00>
ST_2 : Operation 437 [1/1] (0.00ns)   --->   "%write_ln0 = write void @_ssdm_op_Write.ap_auto.i32P0A, i32 %dataHard_V_25_out, i32 %dataHard_V_25_load"   --->   Operation 437 'write' 'write_ln0' <Predicate = (icmp_ln20)> <Delay = 0.00>
ST_2 : Operation 438 [1/1] (0.00ns)   --->   "%write_ln0 = write void @_ssdm_op_Write.ap_auto.i32P0A, i32 %dataHard_V_24_out, i32 %dataHard_V_24_load"   --->   Operation 438 'write' 'write_ln0' <Predicate = (icmp_ln20)> <Delay = 0.00>
ST_2 : Operation 439 [1/1] (0.00ns)   --->   "%write_ln0 = write void @_ssdm_op_Write.ap_auto.i32P0A, i32 %dataHard_V_23_out, i32 %dataHard_V_23_load"   --->   Operation 439 'write' 'write_ln0' <Predicate = (icmp_ln20)> <Delay = 0.00>
ST_2 : Operation 440 [1/1] (0.00ns)   --->   "%write_ln0 = write void @_ssdm_op_Write.ap_auto.i32P0A, i32 %dataHard_V_22_out, i32 %dataHard_V_22_load"   --->   Operation 440 'write' 'write_ln0' <Predicate = (icmp_ln20)> <Delay = 0.00>
ST_2 : Operation 441 [1/1] (0.00ns)   --->   "%write_ln0 = write void @_ssdm_op_Write.ap_auto.i32P0A, i32 %dataHard_V_21_out, i32 %dataHard_V_21_load"   --->   Operation 441 'write' 'write_ln0' <Predicate = (icmp_ln20)> <Delay = 0.00>
ST_2 : Operation 442 [1/1] (0.00ns)   --->   "%write_ln0 = write void @_ssdm_op_Write.ap_auto.i32P0A, i32 %dataHard_V_20_out, i32 %dataHard_V_20_load"   --->   Operation 442 'write' 'write_ln0' <Predicate = (icmp_ln20)> <Delay = 0.00>
ST_2 : Operation 443 [1/1] (0.00ns)   --->   "%write_ln0 = write void @_ssdm_op_Write.ap_auto.i32P0A, i32 %dataHard_V_19_out, i32 %dataHard_V_19_load"   --->   Operation 443 'write' 'write_ln0' <Predicate = (icmp_ln20)> <Delay = 0.00>
ST_2 : Operation 444 [1/1] (0.00ns)   --->   "%write_ln0 = write void @_ssdm_op_Write.ap_auto.i32P0A, i32 %dataHard_V_18_out, i32 %dataHard_V_18_load"   --->   Operation 444 'write' 'write_ln0' <Predicate = (icmp_ln20)> <Delay = 0.00>
ST_2 : Operation 445 [1/1] (0.00ns)   --->   "%write_ln0 = write void @_ssdm_op_Write.ap_auto.i32P0A, i32 %dataHard_V_17_out, i32 %dataHard_V_17_load"   --->   Operation 445 'write' 'write_ln0' <Predicate = (icmp_ln20)> <Delay = 0.00>
ST_2 : Operation 446 [1/1] (0.00ns)   --->   "%write_ln0 = write void @_ssdm_op_Write.ap_auto.i32P0A, i32 %dataHard_V_16_out, i32 %dataHard_V_16_load"   --->   Operation 446 'write' 'write_ln0' <Predicate = (icmp_ln20)> <Delay = 0.00>
ST_2 : Operation 447 [1/1] (0.00ns)   --->   "%write_ln0 = write void @_ssdm_op_Write.ap_auto.i32P0A, i32 %dataHard_V_15_out, i32 %dataHard_V_15_load"   --->   Operation 447 'write' 'write_ln0' <Predicate = (icmp_ln20)> <Delay = 0.00>
ST_2 : Operation 448 [1/1] (0.00ns)   --->   "%write_ln0 = write void @_ssdm_op_Write.ap_auto.i32P0A, i32 %dataHard_V_14_out, i32 %dataHard_V_14_load"   --->   Operation 448 'write' 'write_ln0' <Predicate = (icmp_ln20)> <Delay = 0.00>
ST_2 : Operation 449 [1/1] (0.00ns)   --->   "%write_ln0 = write void @_ssdm_op_Write.ap_auto.i32P0A, i32 %dataHard_V_13_out, i32 %dataHard_V_13_load"   --->   Operation 449 'write' 'write_ln0' <Predicate = (icmp_ln20)> <Delay = 0.00>
ST_2 : Operation 450 [1/1] (0.00ns)   --->   "%write_ln0 = write void @_ssdm_op_Write.ap_auto.i32P0A, i32 %dataHard_V_12_out, i32 %dataHard_V_12_load"   --->   Operation 450 'write' 'write_ln0' <Predicate = (icmp_ln20)> <Delay = 0.00>
ST_2 : Operation 451 [1/1] (0.00ns)   --->   "%write_ln0 = write void @_ssdm_op_Write.ap_auto.i32P0A, i32 %dataHard_V_11_out, i32 %dataHard_V_11_load"   --->   Operation 451 'write' 'write_ln0' <Predicate = (icmp_ln20)> <Delay = 0.00>
ST_2 : Operation 452 [1/1] (0.00ns)   --->   "%write_ln0 = write void @_ssdm_op_Write.ap_auto.i32P0A, i32 %dataHard_V_10_out, i32 %dataHard_V_10_load"   --->   Operation 452 'write' 'write_ln0' <Predicate = (icmp_ln20)> <Delay = 0.00>
ST_2 : Operation 453 [1/1] (0.00ns)   --->   "%write_ln0 = write void @_ssdm_op_Write.ap_auto.i32P0A, i32 %dataHard_V_9_out, i32 %dataHard_V_9_load"   --->   Operation 453 'write' 'write_ln0' <Predicate = (icmp_ln20)> <Delay = 0.00>
ST_2 : Operation 454 [1/1] (0.00ns)   --->   "%write_ln0 = write void @_ssdm_op_Write.ap_auto.i32P0A, i32 %dataHard_V_8_out, i32 %dataHard_V_8_load"   --->   Operation 454 'write' 'write_ln0' <Predicate = (icmp_ln20)> <Delay = 0.00>
ST_2 : Operation 455 [1/1] (0.00ns)   --->   "%write_ln0 = write void @_ssdm_op_Write.ap_auto.i32P0A, i32 %dataHard_V_7_out, i32 %dataHard_V_7_load"   --->   Operation 455 'write' 'write_ln0' <Predicate = (icmp_ln20)> <Delay = 0.00>
ST_2 : Operation 456 [1/1] (0.00ns)   --->   "%write_ln0 = write void @_ssdm_op_Write.ap_auto.i32P0A, i32 %dataHard_V_6_out, i32 %dataHard_V_6_load"   --->   Operation 456 'write' 'write_ln0' <Predicate = (icmp_ln20)> <Delay = 0.00>
ST_2 : Operation 457 [1/1] (0.00ns)   --->   "%write_ln0 = write void @_ssdm_op_Write.ap_auto.i32P0A, i32 %dataHard_V_5_out, i32 %dataHard_V_5_load"   --->   Operation 457 'write' 'write_ln0' <Predicate = (icmp_ln20)> <Delay = 0.00>
ST_2 : Operation 458 [1/1] (0.00ns)   --->   "%write_ln0 = write void @_ssdm_op_Write.ap_auto.i32P0A, i32 %dataHard_V_4_out, i32 %dataHard_V_4_load"   --->   Operation 458 'write' 'write_ln0' <Predicate = (icmp_ln20)> <Delay = 0.00>
ST_2 : Operation 459 [1/1] (0.00ns)   --->   "%write_ln0 = write void @_ssdm_op_Write.ap_auto.i32P0A, i32 %dataHard_V_3_out, i32 %dataHard_V_3_load"   --->   Operation 459 'write' 'write_ln0' <Predicate = (icmp_ln20)> <Delay = 0.00>
ST_2 : Operation 460 [1/1] (0.00ns)   --->   "%write_ln0 = write void @_ssdm_op_Write.ap_auto.i32P0A, i32 %dataHard_V_2_out, i32 %dataHard_V_2_load"   --->   Operation 460 'write' 'write_ln0' <Predicate = (icmp_ln20)> <Delay = 0.00>
ST_2 : Operation 461 [1/1] (0.00ns)   --->   "%write_ln0 = write void @_ssdm_op_Write.ap_auto.i32P0A, i32 %dataHard_V_1_out, i32 %dataHard_V_1_load"   --->   Operation 461 'write' 'write_ln0' <Predicate = (icmp_ln20)> <Delay = 0.00>
ST_2 : Operation 462 [1/1] (0.00ns)   --->   "%write_ln0 = write void @_ssdm_op_Write.ap_auto.i32P0A, i32 %dataHard_V_out, i32 %dataHard_V_load"   --->   Operation 462 'write' 'write_ln0' <Predicate = (icmp_ln20)> <Delay = 0.00>
ST_2 : Operation 463 [1/1] (0.00ns)   --->   "%ret_ln0 = ret"   --->   Operation 463 'ret' 'ret_ln0' <Predicate = (icmp_ln20)> <Delay = 0.00>

State 3 <SV = 2> <Delay = 6.84>
ST_3 : Operation 132 [1/1] (0.00ns)   --->   "%specpipeline_ln21 = specpipeline void @_ssdm_op_SpecPipeline, i32 4294967295, i32 0, i32 0, i32 0, void @empty_0" [ellipse_solver.cpp:21]   --->   Operation 132 'specpipeline' 'specpipeline_ln21' <Predicate = true> <Delay = 0.00>
ST_3 : Operation 133 [1/1] (0.00ns)   --->   "%specloopname_ln13 = specloopname void @_ssdm_op_SpecLoopName, void @empty_5" [ellipse_solver.cpp:13]   --->   Operation 133 'specloopname' 'specloopname_ln13' <Predicate = true> <Delay = 0.00>
ST_3 : Operation 134 [1/1] (3.42ns)   --->   "%dataHard_V_107 = mul i32 %dataHard_V_105, i32 %dataHard_V_104" [ellipse_solver.cpp:29]   --->   Operation 134 'mul' 'dataHard_V_107' <Predicate = true> <Delay = 3.42> <CoreInst = "Multiplier">   --->   Core 3 'Multiplier' <Latency = 0> <II = 1> <Delay = 3.42> <FuncUnit> <Opcode : 'mul'> <InPorts = 2> <OutPorts = 1>
ST_3 : Operation 135 [1/1] (3.42ns)   --->   "%dataHard_V_117 = mul i32 %dataHard_V_111, i32 %dataHard_V_104" [ellipse_solver.cpp:24]   --->   Operation 135 'mul' 'dataHard_V_117' <Predicate = true> <Delay = 3.42> <CoreInst = "Multiplier">   --->   Core 3 'Multiplier' <Latency = 0> <II = 1> <Delay = 3.42> <FuncUnit> <Opcode : 'mul'> <InPorts = 2> <OutPorts = 1>
ST_3 : Operation 136 [1/1] (3.42ns)   --->   "%dataHard_V_119 = mul i32 %dataHard_V_105, i32 %dataHard_V_111" [ellipse_solver.cpp:27]   --->   Operation 136 'mul' 'dataHard_V_119' <Predicate = true> <Delay = 3.42> <CoreInst = "Multiplier">   --->   Core 3 'Multiplier' <Latency = 0> <II = 1> <Delay = 3.42> <FuncUnit> <Opcode : 'mul'> <InPorts = 2> <OutPorts = 1>
ST_3 : Operation 137 [1/1] (3.42ns)   --->   "%dataHard_V_120 = mul i32 %dataHard_V_118, i32 %dataHard_V_104" [ellipse_solver.cpp:28]   --->   Operation 137 'mul' 'dataHard_V_120' <Predicate = true> <Delay = 3.42> <CoreInst = "Multiplier">   --->   Core 3 'Multiplier' <Latency = 0> <II = 1> <Delay = 3.42> <FuncUnit> <Opcode : 'mul'> <InPorts = 2> <OutPorts = 1>
ST_3 : Operation 138 [1/1] (3.42ns)   --->   "%dataHard_V_121 = mul i32 %dataHard_V_118, i32 %dataHard_V_111" [ellipse_solver.cpp:30]   --->   Operation 138 'mul' 'dataHard_V_121' <Predicate = true> <Delay = 3.42> <CoreInst = "Multiplier">   --->   Core 3 'Multiplier' <Latency = 0> <II = 1> <Delay = 3.42> <FuncUnit> <Opcode : 'mul'> <InPorts = 2> <OutPorts = 1>
ST_3 : Operation 139 [1/1] (3.42ns)   --->   "%dataHard_V_122 = mul i32 %dataHard_V_118, i32 %dataHard_V_105" [ellipse_solver.cpp:31]   --->   Operation 139 'mul' 'dataHard_V_122' <Predicate = true> <Delay = 3.42> <CoreInst = "Multiplier">   --->   Core 3 'Multiplier' <Latency = 0> <II = 1> <Delay = 3.42> <FuncUnit> <Opcode : 'mul'> <InPorts = 2> <OutPorts = 1>
ST_3 : Operation 140 [1/1] (3.42ns)   --->   "%dataHard_V_123 = mul i32 %dataHard_V_107, i32 %dataHard_V_111" [ellipse_solver.cpp:32]   --->   Operation 140 'mul' 'dataHard_V_123' <Predicate = true> <Delay = 3.42> <CoreInst = "Multiplier">   --->   Core 3 'Multiplier' <Latency = 0> <II = 1> <Delay = 3.42> <FuncUnit> <Opcode : 'mul'> <InPorts = 2> <OutPorts = 1>
ST_3 : Operation 141 [1/1] (3.42ns)   --->   "%dataHard_V_124 = mul i32 %dataHard_V_121, i32 %dataHard_V_104" [ellipse_solver.cpp:33]   --->   Operation 141 'mul' 'dataHard_V_124' <Predicate = true> <Delay = 3.42> <CoreInst = "Multiplier">   --->   Core 3 'Multiplier' <Latency = 0> <II = 1> <Delay = 3.42> <FuncUnit> <Opcode : 'mul'> <InPorts = 2> <OutPorts = 1>
ST_3 : Operation 142 [1/1] (3.42ns)   --->   "%dataHard_V_125 = mul i32 %dataHard_V_121, i32 %dataHard_V_111" [ellipse_solver.cpp:34]   --->   Operation 142 'mul' 'dataHard_V_125' <Predicate = true> <Delay = 3.42> <CoreInst = "Multiplier">   --->   Core 3 'Multiplier' <Latency = 0> <II = 1> <Delay = 3.42> <FuncUnit> <Opcode : 'mul'> <InPorts = 2> <OutPorts = 1>
ST_3 : Operation 143 [1/1] (0.00ns)   --->   "%store_ln22 = store i32 %dataHard_V_125, i32 %dataHard_V_90" [ellipse_solver.cpp:22]   --->   Operation 143 'store' 'store_ln22' <Predicate = (trunc_ln22 == 6)> <Delay = 0.00>
ST_3 : Operation 144 [1/1] (0.00ns)   --->   "%store_ln22 = store i32 %dataHard_V_124, i32 %dataHard_V_89" [ellipse_solver.cpp:22]   --->   Operation 144 'store' 'store_ln22' <Predicate = (trunc_ln22 == 6)> <Delay = 0.00>
ST_3 : Operation 145 [1/1] (0.00ns)   --->   "%store_ln22 = store i32 %dataHard_V_123, i32 %dataHard_V_88" [ellipse_solver.cpp:22]   --->   Operation 145 'store' 'store_ln22' <Predicate = (trunc_ln22 == 6)> <Delay = 0.00>
ST_3 : Operation 146 [1/1] (0.00ns)   --->   "%store_ln22 = store i32 %dataHard_V_122, i32 %dataHard_V_87" [ellipse_solver.cpp:22]   --->   Operation 146 'store' 'store_ln22' <Predicate = (trunc_ln22 == 6)> <Delay = 0.00>
ST_3 : Operation 147 [1/1] (0.00ns)   --->   "%store_ln22 = store i32 %dataHard_V_121, i32 %dataHard_V_86" [ellipse_solver.cpp:22]   --->   Operation 147 'store' 'store_ln22' <Predicate = (trunc_ln22 == 6)> <Delay = 0.00>
ST_3 : Operation 148 [1/1] (0.00ns)   --->   "%store_ln22 = store i32 %dataHard_V_107, i32 %dataHard_V_85" [ellipse_solver.cpp:22]   --->   Operation 148 'store' 'store_ln22' <Predicate = (trunc_ln22 == 6)> <Delay = 0.00>
ST_3 : Operation 149 [1/1] (0.00ns)   --->   "%store_ln22 = store i32 %dataHard_V_120, i32 %dataHard_V_84" [ellipse_solver.cpp:22]   --->   Operation 149 'store' 'store_ln22' <Predicate = (trunc_ln22 == 6)> <Delay = 0.00>
ST_3 : Operation 150 [1/1] (0.00ns)   --->   "%store_ln22 = store i32 %dataHard_V_119, i32 %dataHard_V_83" [ellipse_solver.cpp:22]   --->   Operation 150 'store' 'store_ln22' <Predicate = (trunc_ln22 == 6)> <Delay = 0.00>
ST_3 : Operation 151 [1/1] (0.00ns)   --->   "%store_ln22 = store i32 %dataHard_V_118, i32 %dataHard_V_82" [ellipse_solver.cpp:22]   --->   Operation 151 'store' 'store_ln22' <Predicate = (trunc_ln22 == 6)> <Delay = 0.00>
ST_3 : Operation 152 [1/1] (0.00ns)   --->   "%store_ln22 = store i32 %dataHard_V_105, i32 %dataHard_V_81" [ellipse_solver.cpp:22]   --->   Operation 152 'store' 'store_ln22' <Predicate = (trunc_ln22 == 6)> <Delay = 0.00>
ST_3 : Operation 153 [1/1] (0.00ns)   --->   "%store_ln22 = store i32 %dataHard_V_117, i32 %dataHard_V_80" [ellipse_solver.cpp:22]   --->   Operation 153 'store' 'store_ln22' <Predicate = (trunc_ln22 == 6)> <Delay = 0.00>
ST_3 : Operation 154 [1/1] (0.00ns)   --->   "%store_ln22 = store i32 %dataHard_V_111, i32 %dataHard_V_79" [ellipse_solver.cpp:22]   --->   Operation 154 'store' 'store_ln22' <Predicate = (trunc_ln22 == 6)> <Delay = 0.00>
ST_3 : Operation 155 [1/1] (0.00ns)   --->   "%store_ln22 = store i32 %dataHard_V_104, i32 %dataHard_V_78" [ellipse_solver.cpp:22]   --->   Operation 155 'store' 'store_ln22' <Predicate = (trunc_ln22 == 6)> <Delay = 0.00>
ST_3 : Operation 156 [1/1] (0.00ns)   --->   "%br_ln22 = br void %arrayidx14677.exit" [ellipse_solver.cpp:22]   --->   Operation 156 'br' 'br_ln22' <Predicate = (trunc_ln22 == 6)> <Delay = 0.00>
ST_3 : Operation 157 [1/1] (0.00ns)   --->   "%store_ln34 = store i32 %dataHard_V_125, i32 %dataHard_V_77" [ellipse_solver.cpp:34]   --->   Operation 157 'store' 'store_ln34' <Predicate = (trunc_ln22 == 5)> <Delay = 0.00>
ST_3 : Operation 158 [1/1] (0.00ns)   --->   "%store_ln34 = store i32 %dataHard_V_124, i32 %dataHard_V_76" [ellipse_solver.cpp:34]   --->   Operation 158 'store' 'store_ln34' <Predicate = (trunc_ln22 == 5)> <Delay = 0.00>
ST_3 : Operation 159 [1/1] (0.00ns)   --->   "%store_ln34 = store i32 %dataHard_V_123, i32 %dataHard_V_75" [ellipse_solver.cpp:34]   --->   Operation 159 'store' 'store_ln34' <Predicate = (trunc_ln22 == 5)> <Delay = 0.00>
ST_3 : Operation 160 [1/1] (0.00ns)   --->   "%store_ln34 = store i32 %dataHard_V_122, i32 %dataHard_V_74" [ellipse_solver.cpp:34]   --->   Operation 160 'store' 'store_ln34' <Predicate = (trunc_ln22 == 5)> <Delay = 0.00>
ST_3 : Operation 161 [1/1] (0.00ns)   --->   "%store_ln34 = store i32 %dataHard_V_121, i32 %dataHard_V_73" [ellipse_solver.cpp:34]   --->   Operation 161 'store' 'store_ln34' <Predicate = (trunc_ln22 == 5)> <Delay = 0.00>
ST_3 : Operation 162 [1/1] (0.00ns)   --->   "%store_ln34 = store i32 %dataHard_V_107, i32 %dataHard_V_72" [ellipse_solver.cpp:34]   --->   Operation 162 'store' 'store_ln34' <Predicate = (trunc_ln22 == 5)> <Delay = 0.00>
ST_3 : Operation 163 [1/1] (0.00ns)   --->   "%store_ln34 = store i32 %dataHard_V_120, i32 %dataHard_V_71" [ellipse_solver.cpp:34]   --->   Operation 163 'store' 'store_ln34' <Predicate = (trunc_ln22 == 5)> <Delay = 0.00>
ST_3 : Operation 164 [1/1] (0.00ns)   --->   "%store_ln34 = store i32 %dataHard_V_119, i32 %dataHard_V_70" [ellipse_solver.cpp:34]   --->   Operation 164 'store' 'store_ln34' <Predicate = (trunc_ln22 == 5)> <Delay = 0.00>
ST_3 : Operation 165 [1/1] (0.00ns)   --->   "%store_ln34 = store i32 %dataHard_V_118, i32 %dataHard_V_69" [ellipse_solver.cpp:34]   --->   Operation 165 'store' 'store_ln34' <Predicate = (trunc_ln22 == 5)> <Delay = 0.00>
ST_3 : Operation 166 [1/1] (0.00ns)   --->   "%store_ln34 = store i32 %dataHard_V_105, i32 %dataHard_V_68" [ellipse_solver.cpp:34]   --->   Operation 166 'store' 'store_ln34' <Predicate = (trunc_ln22 == 5)> <Delay = 0.00>
ST_3 : Operation 167 [1/1] (0.00ns)   --->   "%store_ln34 = store i32 %dataHard_V_117, i32 %dataHard_V_67" [ellipse_solver.cpp:34]   --->   Operation 167 'store' 'store_ln34' <Predicate = (trunc_ln22 == 5)> <Delay = 0.00>
ST_3 : Operation 168 [1/1] (0.00ns)   --->   "%store_ln34 = store i32 %dataHard_V_111, i32 %dataHard_V_66" [ellipse_solver.cpp:34]   --->   Operation 168 'store' 'store_ln34' <Predicate = (trunc_ln22 == 5)> <Delay = 0.00>
ST_3 : Operation 169 [1/1] (0.00ns)   --->   "%store_ln34 = store i32 %dataHard_V_104, i32 %dataHard_V_65" [ellipse_solver.cpp:34]   --->   Operation 169 'store' 'store_ln34' <Predicate = (trunc_ln22 == 5)> <Delay = 0.00>
ST_3 : Operation 170 [1/1] (0.00ns)   --->   "%br_ln34 = br void %arrayidx14677.exit" [ellipse_solver.cpp:34]   --->   Operation 170 'br' 'br_ln34' <Predicate = (trunc_ln22 == 5)> <Delay = 0.00>
ST_3 : Operation 171 [1/1] (0.00ns)   --->   "%store_ln34 = store i32 %dataHard_V_125, i32 %dataHard_V_64" [ellipse_solver.cpp:34]   --->   Operation 171 'store' 'store_ln34' <Predicate = (trunc_ln22 == 4)> <Delay = 0.00>
ST_3 : Operation 172 [1/1] (0.00ns)   --->   "%store_ln34 = store i32 %dataHard_V_124, i32 %dataHard_V_63" [ellipse_solver.cpp:34]   --->   Operation 172 'store' 'store_ln34' <Predicate = (trunc_ln22 == 4)> <Delay = 0.00>
ST_3 : Operation 173 [1/1] (0.00ns)   --->   "%store_ln34 = store i32 %dataHard_V_123, i32 %dataHard_V_62" [ellipse_solver.cpp:34]   --->   Operation 173 'store' 'store_ln34' <Predicate = (trunc_ln22 == 4)> <Delay = 0.00>
ST_3 : Operation 174 [1/1] (0.00ns)   --->   "%store_ln34 = store i32 %dataHard_V_122, i32 %dataHard_V_61" [ellipse_solver.cpp:34]   --->   Operation 174 'store' 'store_ln34' <Predicate = (trunc_ln22 == 4)> <Delay = 0.00>
ST_3 : Operation 175 [1/1] (0.00ns)   --->   "%store_ln34 = store i32 %dataHard_V_121, i32 %dataHard_V_60" [ellipse_solver.cpp:34]   --->   Operation 175 'store' 'store_ln34' <Predicate = (trunc_ln22 == 4)> <Delay = 0.00>
ST_3 : Operation 176 [1/1] (0.00ns)   --->   "%store_ln34 = store i32 %dataHard_V_107, i32 %dataHard_V_59" [ellipse_solver.cpp:34]   --->   Operation 176 'store' 'store_ln34' <Predicate = (trunc_ln22 == 4)> <Delay = 0.00>
ST_3 : Operation 177 [1/1] (0.00ns)   --->   "%store_ln34 = store i32 %dataHard_V_120, i32 %dataHard_V_58" [ellipse_solver.cpp:34]   --->   Operation 177 'store' 'store_ln34' <Predicate = (trunc_ln22 == 4)> <Delay = 0.00>
ST_3 : Operation 178 [1/1] (0.00ns)   --->   "%store_ln34 = store i32 %dataHard_V_119, i32 %dataHard_V_57" [ellipse_solver.cpp:34]   --->   Operation 178 'store' 'store_ln34' <Predicate = (trunc_ln22 == 4)> <Delay = 0.00>
ST_3 : Operation 179 [1/1] (0.00ns)   --->   "%store_ln34 = store i32 %dataHard_V_118, i32 %dataHard_V_56" [ellipse_solver.cpp:34]   --->   Operation 179 'store' 'store_ln34' <Predicate = (trunc_ln22 == 4)> <Delay = 0.00>
ST_3 : Operation 180 [1/1] (0.00ns)   --->   "%store_ln34 = store i32 %dataHard_V_105, i32 %dataHard_V_55" [ellipse_solver.cpp:34]   --->   Operation 180 'store' 'store_ln34' <Predicate = (trunc_ln22 == 4)> <Delay = 0.00>
ST_3 : Operation 181 [1/1] (0.00ns)   --->   "%store_ln34 = store i32 %dataHard_V_117, i32 %dataHard_V_54" [ellipse_solver.cpp:34]   --->   Operation 181 'store' 'store_ln34' <Predicate = (trunc_ln22 == 4)> <Delay = 0.00>
ST_3 : Operation 182 [1/1] (0.00ns)   --->   "%store_ln34 = store i32 %dataHard_V_111, i32 %dataHard_V_53" [ellipse_solver.cpp:34]   --->   Operation 182 'store' 'store_ln34' <Predicate = (trunc_ln22 == 4)> <Delay = 0.00>
ST_3 : Operation 183 [1/1] (0.00ns)   --->   "%store_ln34 = store i32 %dataHard_V_104, i32 %dataHard_V_52" [ellipse_solver.cpp:34]   --->   Operation 183 'store' 'store_ln34' <Predicate = (trunc_ln22 == 4)> <Delay = 0.00>
ST_3 : Operation 184 [1/1] (0.00ns)   --->   "%br_ln34 = br void %arrayidx14677.exit" [ellipse_solver.cpp:34]   --->   Operation 184 'br' 'br_ln34' <Predicate = (trunc_ln22 == 4)> <Delay = 0.00>
ST_3 : Operation 185 [1/1] (0.00ns)   --->   "%store_ln34 = store i32 %dataHard_V_125, i32 %dataHard_V_51" [ellipse_solver.cpp:34]   --->   Operation 185 'store' 'store_ln34' <Predicate = (trunc_ln22 == 3)> <Delay = 0.00>
ST_3 : Operation 186 [1/1] (0.00ns)   --->   "%store_ln34 = store i32 %dataHard_V_124, i32 %dataHard_V_50" [ellipse_solver.cpp:34]   --->   Operation 186 'store' 'store_ln34' <Predicate = (trunc_ln22 == 3)> <Delay = 0.00>
ST_3 : Operation 187 [1/1] (0.00ns)   --->   "%store_ln34 = store i32 %dataHard_V_123, i32 %dataHard_V_49" [ellipse_solver.cpp:34]   --->   Operation 187 'store' 'store_ln34' <Predicate = (trunc_ln22 == 3)> <Delay = 0.00>
ST_3 : Operation 188 [1/1] (0.00ns)   --->   "%store_ln34 = store i32 %dataHard_V_122, i32 %dataHard_V_48" [ellipse_solver.cpp:34]   --->   Operation 188 'store' 'store_ln34' <Predicate = (trunc_ln22 == 3)> <Delay = 0.00>
ST_3 : Operation 189 [1/1] (0.00ns)   --->   "%store_ln34 = store i32 %dataHard_V_121, i32 %dataHard_V_47" [ellipse_solver.cpp:34]   --->   Operation 189 'store' 'store_ln34' <Predicate = (trunc_ln22 == 3)> <Delay = 0.00>
ST_3 : Operation 190 [1/1] (0.00ns)   --->   "%store_ln34 = store i32 %dataHard_V_107, i32 %dataHard_V_46" [ellipse_solver.cpp:34]   --->   Operation 190 'store' 'store_ln34' <Predicate = (trunc_ln22 == 3)> <Delay = 0.00>
ST_3 : Operation 191 [1/1] (0.00ns)   --->   "%store_ln34 = store i32 %dataHard_V_120, i32 %dataHard_V_45" [ellipse_solver.cpp:34]   --->   Operation 191 'store' 'store_ln34' <Predicate = (trunc_ln22 == 3)> <Delay = 0.00>
ST_3 : Operation 192 [1/1] (0.00ns)   --->   "%store_ln34 = store i32 %dataHard_V_119, i32 %dataHard_V_44" [ellipse_solver.cpp:34]   --->   Operation 192 'store' 'store_ln34' <Predicate = (trunc_ln22 == 3)> <Delay = 0.00>
ST_3 : Operation 193 [1/1] (0.00ns)   --->   "%store_ln34 = store i32 %dataHard_V_118, i32 %dataHard_V_43" [ellipse_solver.cpp:34]   --->   Operation 193 'store' 'store_ln34' <Predicate = (trunc_ln22 == 3)> <Delay = 0.00>
ST_3 : Operation 194 [1/1] (0.00ns)   --->   "%store_ln34 = store i32 %dataHard_V_105, i32 %dataHard_V_42" [ellipse_solver.cpp:34]   --->   Operation 194 'store' 'store_ln34' <Predicate = (trunc_ln22 == 3)> <Delay = 0.00>
ST_3 : Operation 195 [1/1] (0.00ns)   --->   "%store_ln34 = store i32 %dataHard_V_117, i32 %dataHard_V_41" [ellipse_solver.cpp:34]   --->   Operation 195 'store' 'store_ln34' <Predicate = (trunc_ln22 == 3)> <Delay = 0.00>
ST_3 : Operation 196 [1/1] (0.00ns)   --->   "%store_ln34 = store i32 %dataHard_V_111, i32 %dataHard_V_40" [ellipse_solver.cpp:34]   --->   Operation 196 'store' 'store_ln34' <Predicate = (trunc_ln22 == 3)> <Delay = 0.00>
ST_3 : Operation 197 [1/1] (0.00ns)   --->   "%store_ln34 = store i32 %dataHard_V_104, i32 %dataHard_V_39" [ellipse_solver.cpp:34]   --->   Operation 197 'store' 'store_ln34' <Predicate = (trunc_ln22 == 3)> <Delay = 0.00>
ST_3 : Operation 198 [1/1] (0.00ns)   --->   "%br_ln34 = br void %arrayidx14677.exit" [ellipse_solver.cpp:34]   --->   Operation 198 'br' 'br_ln34' <Predicate = (trunc_ln22 == 3)> <Delay = 0.00>
ST_3 : Operation 199 [1/1] (0.00ns)   --->   "%store_ln34 = store i32 %dataHard_V_125, i32 %dataHard_V_38" [ellipse_solver.cpp:34]   --->   Operation 199 'store' 'store_ln34' <Predicate = (trunc_ln22 == 2)> <Delay = 0.00>
ST_3 : Operation 200 [1/1] (0.00ns)   --->   "%store_ln34 = store i32 %dataHard_V_124, i32 %dataHard_V_37" [ellipse_solver.cpp:34]   --->   Operation 200 'store' 'store_ln34' <Predicate = (trunc_ln22 == 2)> <Delay = 0.00>
ST_3 : Operation 201 [1/1] (0.00ns)   --->   "%store_ln34 = store i32 %dataHard_V_123, i32 %dataHard_V_36" [ellipse_solver.cpp:34]   --->   Operation 201 'store' 'store_ln34' <Predicate = (trunc_ln22 == 2)> <Delay = 0.00>
ST_3 : Operation 202 [1/1] (0.00ns)   --->   "%store_ln34 = store i32 %dataHard_V_122, i32 %dataHard_V_35" [ellipse_solver.cpp:34]   --->   Operation 202 'store' 'store_ln34' <Predicate = (trunc_ln22 == 2)> <Delay = 0.00>
ST_3 : Operation 203 [1/1] (0.00ns)   --->   "%store_ln34 = store i32 %dataHard_V_121, i32 %dataHard_V_34" [ellipse_solver.cpp:34]   --->   Operation 203 'store' 'store_ln34' <Predicate = (trunc_ln22 == 2)> <Delay = 0.00>
ST_3 : Operation 204 [1/1] (0.00ns)   --->   "%store_ln34 = store i32 %dataHard_V_107, i32 %dataHard_V_33" [ellipse_solver.cpp:34]   --->   Operation 204 'store' 'store_ln34' <Predicate = (trunc_ln22 == 2)> <Delay = 0.00>
ST_3 : Operation 205 [1/1] (0.00ns)   --->   "%store_ln34 = store i32 %dataHard_V_120, i32 %dataHard_V_32" [ellipse_solver.cpp:34]   --->   Operation 205 'store' 'store_ln34' <Predicate = (trunc_ln22 == 2)> <Delay = 0.00>
ST_3 : Operation 206 [1/1] (0.00ns)   --->   "%store_ln34 = store i32 %dataHard_V_119, i32 %dataHard_V_31" [ellipse_solver.cpp:34]   --->   Operation 206 'store' 'store_ln34' <Predicate = (trunc_ln22 == 2)> <Delay = 0.00>
ST_3 : Operation 207 [1/1] (0.00ns)   --->   "%store_ln34 = store i32 %dataHard_V_118, i32 %dataHard_V_30" [ellipse_solver.cpp:34]   --->   Operation 207 'store' 'store_ln34' <Predicate = (trunc_ln22 == 2)> <Delay = 0.00>
ST_3 : Operation 208 [1/1] (0.00ns)   --->   "%store_ln34 = store i32 %dataHard_V_105, i32 %dataHard_V_29" [ellipse_solver.cpp:34]   --->   Operation 208 'store' 'store_ln34' <Predicate = (trunc_ln22 == 2)> <Delay = 0.00>
ST_3 : Operation 209 [1/1] (0.00ns)   --->   "%store_ln34 = store i32 %dataHard_V_117, i32 %dataHard_V_28" [ellipse_solver.cpp:34]   --->   Operation 209 'store' 'store_ln34' <Predicate = (trunc_ln22 == 2)> <Delay = 0.00>
ST_3 : Operation 210 [1/1] (0.00ns)   --->   "%store_ln34 = store i32 %dataHard_V_111, i32 %dataHard_V_27" [ellipse_solver.cpp:34]   --->   Operation 210 'store' 'store_ln34' <Predicate = (trunc_ln22 == 2)> <Delay = 0.00>
ST_3 : Operation 211 [1/1] (0.00ns)   --->   "%store_ln34 = store i32 %dataHard_V_104, i32 %dataHard_V_26" [ellipse_solver.cpp:34]   --->   Operation 211 'store' 'store_ln34' <Predicate = (trunc_ln22 == 2)> <Delay = 0.00>
ST_3 : Operation 212 [1/1] (0.00ns)   --->   "%br_ln34 = br void %arrayidx14677.exit" [ellipse_solver.cpp:34]   --->   Operation 212 'br' 'br_ln34' <Predicate = (trunc_ln22 == 2)> <Delay = 0.00>
ST_3 : Operation 213 [1/1] (0.00ns)   --->   "%store_ln34 = store i32 %dataHard_V_125, i32 %dataHard_V_25" [ellipse_solver.cpp:34]   --->   Operation 213 'store' 'store_ln34' <Predicate = (trunc_ln22 == 1)> <Delay = 0.00>
ST_3 : Operation 214 [1/1] (0.00ns)   --->   "%store_ln34 = store i32 %dataHard_V_124, i32 %dataHard_V_24" [ellipse_solver.cpp:34]   --->   Operation 214 'store' 'store_ln34' <Predicate = (trunc_ln22 == 1)> <Delay = 0.00>
ST_3 : Operation 215 [1/1] (0.00ns)   --->   "%store_ln34 = store i32 %dataHard_V_123, i32 %dataHard_V_23" [ellipse_solver.cpp:34]   --->   Operation 215 'store' 'store_ln34' <Predicate = (trunc_ln22 == 1)> <Delay = 0.00>
ST_3 : Operation 216 [1/1] (0.00ns)   --->   "%store_ln34 = store i32 %dataHard_V_122, i32 %dataHard_V_22" [ellipse_solver.cpp:34]   --->   Operation 216 'store' 'store_ln34' <Predicate = (trunc_ln22 == 1)> <Delay = 0.00>
ST_3 : Operation 217 [1/1] (0.00ns)   --->   "%store_ln34 = store i32 %dataHard_V_121, i32 %dataHard_V_21" [ellipse_solver.cpp:34]   --->   Operation 217 'store' 'store_ln34' <Predicate = (trunc_ln22 == 1)> <Delay = 0.00>
ST_3 : Operation 218 [1/1] (0.00ns)   --->   "%store_ln34 = store i32 %dataHard_V_107, i32 %dataHard_V_20" [ellipse_solver.cpp:34]   --->   Operation 218 'store' 'store_ln34' <Predicate = (trunc_ln22 == 1)> <Delay = 0.00>
ST_3 : Operation 219 [1/1] (0.00ns)   --->   "%store_ln34 = store i32 %dataHard_V_120, i32 %dataHard_V_19" [ellipse_solver.cpp:34]   --->   Operation 219 'store' 'store_ln34' <Predicate = (trunc_ln22 == 1)> <Delay = 0.00>
ST_3 : Operation 220 [1/1] (0.00ns)   --->   "%store_ln34 = store i32 %dataHard_V_119, i32 %dataHard_V_18" [ellipse_solver.cpp:34]   --->   Operation 220 'store' 'store_ln34' <Predicate = (trunc_ln22 == 1)> <Delay = 0.00>
ST_3 : Operation 221 [1/1] (0.00ns)   --->   "%store_ln34 = store i32 %dataHard_V_118, i32 %dataHard_V_17" [ellipse_solver.cpp:34]   --->   Operation 221 'store' 'store_ln34' <Predicate = (trunc_ln22 == 1)> <Delay = 0.00>
ST_3 : Operation 222 [1/1] (0.00ns)   --->   "%store_ln34 = store i32 %dataHard_V_105, i32 %dataHard_V_16" [ellipse_solver.cpp:34]   --->   Operation 222 'store' 'store_ln34' <Predicate = (trunc_ln22 == 1)> <Delay = 0.00>
ST_3 : Operation 223 [1/1] (0.00ns)   --->   "%store_ln34 = store i32 %dataHard_V_117, i32 %dataHard_V_15" [ellipse_solver.cpp:34]   --->   Operation 223 'store' 'store_ln34' <Predicate = (trunc_ln22 == 1)> <Delay = 0.00>
ST_3 : Operation 224 [1/1] (0.00ns)   --->   "%store_ln34 = store i32 %dataHard_V_111, i32 %dataHard_V_14" [ellipse_solver.cpp:34]   --->   Operation 224 'store' 'store_ln34' <Predicate = (trunc_ln22 == 1)> <Delay = 0.00>
ST_3 : Operation 225 [1/1] (0.00ns)   --->   "%store_ln34 = store i32 %dataHard_V_104, i32 %dataHard_V_13" [ellipse_solver.cpp:34]   --->   Operation 225 'store' 'store_ln34' <Predicate = (trunc_ln22 == 1)> <Delay = 0.00>
ST_3 : Operation 226 [1/1] (0.00ns)   --->   "%br_ln34 = br void %arrayidx14677.exit" [ellipse_solver.cpp:34]   --->   Operation 226 'br' 'br_ln34' <Predicate = (trunc_ln22 == 1)> <Delay = 0.00>
ST_3 : Operation 227 [1/1] (0.00ns)   --->   "%store_ln22 = store i32 %dataHard_V_125, i32 %dataHard_V_12" [ellipse_solver.cpp:22]   --->   Operation 227 'store' 'store_ln22' <Predicate = (trunc_ln22 == 0)> <Delay = 0.00>
ST_3 : Operation 228 [1/1] (0.00ns)   --->   "%store_ln22 = store i32 %dataHard_V_124, i32 %dataHard_V_11" [ellipse_solver.cpp:22]   --->   Operation 228 'store' 'store_ln22' <Predicate = (trunc_ln22 == 0)> <Delay = 0.00>
ST_3 : Operation 229 [1/1] (0.00ns)   --->   "%store_ln22 = store i32 %dataHard_V_123, i32 %dataHard_V_10" [ellipse_solver.cpp:22]   --->   Operation 229 'store' 'store_ln22' <Predicate = (trunc_ln22 == 0)> <Delay = 0.00>
ST_3 : Operation 230 [1/1] (0.00ns)   --->   "%store_ln22 = store i32 %dataHard_V_122, i32 %dataHard_V_9" [ellipse_solver.cpp:22]   --->   Operation 230 'store' 'store_ln22' <Predicate = (trunc_ln22 == 0)> <Delay = 0.00>
ST_3 : Operation 231 [1/1] (0.00ns)   --->   "%store_ln22 = store i32 %dataHard_V_121, i32 %dataHard_V_8" [ellipse_solver.cpp:22]   --->   Operation 231 'store' 'store_ln22' <Predicate = (trunc_ln22 == 0)> <Delay = 0.00>
ST_3 : Operation 232 [1/1] (0.00ns)   --->   "%store_ln22 = store i32 %dataHard_V_107, i32 %dataHard_V_7" [ellipse_solver.cpp:22]   --->   Operation 232 'store' 'store_ln22' <Predicate = (trunc_ln22 == 0)> <Delay = 0.00>
ST_3 : Operation 233 [1/1] (0.00ns)   --->   "%store_ln22 = store i32 %dataHard_V_120, i32 %dataHard_V_6" [ellipse_solver.cpp:22]   --->   Operation 233 'store' 'store_ln22' <Predicate = (trunc_ln22 == 0)> <Delay = 0.00>
ST_3 : Operation 234 [1/1] (0.00ns)   --->   "%store_ln22 = store i32 %dataHard_V_119, i32 %dataHard_V_5" [ellipse_solver.cpp:22]   --->   Operation 234 'store' 'store_ln22' <Predicate = (trunc_ln22 == 0)> <Delay = 0.00>
ST_3 : Operation 235 [1/1] (0.00ns)   --->   "%store_ln22 = store i32 %dataHard_V_118, i32 %dataHard_V_4" [ellipse_solver.cpp:22]   --->   Operation 235 'store' 'store_ln22' <Predicate = (trunc_ln22 == 0)> <Delay = 0.00>
ST_3 : Operation 236 [1/1] (0.00ns)   --->   "%store_ln22 = store i32 %dataHard_V_105, i32 %dataHard_V_3" [ellipse_solver.cpp:22]   --->   Operation 236 'store' 'store_ln22' <Predicate = (trunc_ln22 == 0)> <Delay = 0.00>
ST_3 : Operation 237 [1/1] (0.00ns)   --->   "%store_ln22 = store i32 %dataHard_V_117, i32 %dataHard_V_2" [ellipse_solver.cpp:22]   --->   Operation 237 'store' 'store_ln22' <Predicate = (trunc_ln22 == 0)> <Delay = 0.00>
ST_3 : Operation 238 [1/1] (0.00ns)   --->   "%store_ln22 = store i32 %dataHard_V_111, i32 %dataHard_V_1" [ellipse_solver.cpp:22]   --->   Operation 238 'store' 'store_ln22' <Predicate = (trunc_ln22 == 0)> <Delay = 0.00>
ST_3 : Operation 239 [1/1] (0.42ns)   --->   "%store_ln22 = store i32 %dataHard_V_104, i32 %dataHard_V" [ellipse_solver.cpp:22]   --->   Operation 239 'store' 'store_ln22' <Predicate = (trunc_ln22 == 0)> <Delay = 0.42>
ST_3 : Operation 240 [1/1] (0.00ns)   --->   "%br_ln22 = br void %arrayidx14677.exit" [ellipse_solver.cpp:22]   --->   Operation 240 'br' 'br_ln22' <Predicate = (trunc_ln22 == 0)> <Delay = 0.00>
ST_3 : Operation 241 [1/1] (0.00ns)   --->   "%store_ln34 = store i32 %dataHard_V_125, i32 %dataHard_V_103" [ellipse_solver.cpp:34]   --->   Operation 241 'store' 'store_ln34' <Predicate = (trunc_ln22 == 7)> <Delay = 0.00>
ST_3 : Operation 242 [1/1] (0.00ns)   --->   "%store_ln34 = store i32 %dataHard_V_124, i32 %dataHard_V_102" [ellipse_solver.cpp:34]   --->   Operation 242 'store' 'store_ln34' <Predicate = (trunc_ln22 == 7)> <Delay = 0.00>
ST_3 : Operation 243 [1/1] (0.00ns)   --->   "%store_ln34 = store i32 %dataHard_V_123, i32 %dataHard_V_101" [ellipse_solver.cpp:34]   --->   Operation 243 'store' 'store_ln34' <Predicate = (trunc_ln22 == 7)> <Delay = 0.00>
ST_3 : Operation 244 [1/1] (0.00ns)   --->   "%store_ln34 = store i32 %dataHard_V_122, i32 %dataHard_V_100" [ellipse_solver.cpp:34]   --->   Operation 244 'store' 'store_ln34' <Predicate = (trunc_ln22 == 7)> <Delay = 0.00>
ST_3 : Operation 245 [1/1] (0.00ns)   --->   "%store_ln34 = store i32 %dataHard_V_121, i32 %dataHard_V_99" [ellipse_solver.cpp:34]   --->   Operation 245 'store' 'store_ln34' <Predicate = (trunc_ln22 == 7)> <Delay = 0.00>
ST_3 : Operation 246 [1/1] (0.00ns)   --->   "%store_ln34 = store i32 %dataHard_V_107, i32 %dataHard_V_98" [ellipse_solver.cpp:34]   --->   Operation 246 'store' 'store_ln34' <Predicate = (trunc_ln22 == 7)> <Delay = 0.00>
ST_3 : Operation 247 [1/1] (0.00ns)   --->   "%store_ln34 = store i32 %dataHard_V_120, i32 %dataHard_V_97" [ellipse_solver.cpp:34]   --->   Operation 247 'store' 'store_ln34' <Predicate = (trunc_ln22 == 7)> <Delay = 0.00>
ST_3 : Operation 248 [1/1] (0.00ns)   --->   "%store_ln34 = store i32 %dataHard_V_119, i32 %dataHard_V_96" [ellipse_solver.cpp:34]   --->   Operation 248 'store' 'store_ln34' <Predicate = (trunc_ln22 == 7)> <Delay = 0.00>
ST_3 : Operation 249 [1/1] (0.00ns)   --->   "%store_ln34 = store i32 %dataHard_V_118, i32 %dataHard_V_95" [ellipse_solver.cpp:34]   --->   Operation 249 'store' 'store_ln34' <Predicate = (trunc_ln22 == 7)> <Delay = 0.00>
ST_3 : Operation 250 [1/1] (0.00ns)   --->   "%store_ln34 = store i32 %dataHard_V_105, i32 %dataHard_V_94" [ellipse_solver.cpp:34]   --->   Operation 250 'store' 'store_ln34' <Predicate = (trunc_ln22 == 7)> <Delay = 0.00>
ST_3 : Operation 251 [1/1] (0.00ns)   --->   "%store_ln34 = store i32 %dataHard_V_117, i32 %dataHard_V_93" [ellipse_solver.cpp:34]   --->   Operation 251 'store' 'store_ln34' <Predicate = (trunc_ln22 == 7)> <Delay = 0.00>
ST_3 : Operation 252 [1/1] (0.00ns)   --->   "%store_ln34 = store i32 %dataHard_V_111, i32 %dataHard_V_92" [ellipse_solver.cpp:34]   --->   Operation 252 'store' 'store_ln34' <Predicate = (trunc_ln22 == 7)> <Delay = 0.00>
ST_3 : Operation 253 [1/1] (0.00ns)   --->   "%store_ln34 = store i32 %dataHard_V_104, i32 %dataHard_V_91" [ellipse_solver.cpp:34]   --->   Operation 253 'store' 'store_ln34' <Predicate = (trunc_ln22 == 7)> <Delay = 0.00>
ST_3 : Operation 254 [1/1] (0.00ns)   --->   "%br_ln34 = br void %arrayidx14677.exit" [ellipse_solver.cpp:34]   --->   Operation 254 'br' 'br_ln34' <Predicate = (trunc_ln22 == 7)> <Delay = 0.00>


============================================================
+ Verbose Summary: Timing violations
============================================================
Target clock period: 10ns, clock uncertainty: 2.7ns.

 <State 1>: 1.22ns
The critical path consists of the following:
	'alloca' operation ('i') [106]  (0 ns)
	'load' operation ('i', ellipse_solver.cpp:22) on local variable 'i' [216]  (0 ns)
	'add' operation ('add_ln20', ellipse_solver.cpp:20) [219]  (0.797 ns)
	'store' operation ('store_ln20', ellipse_solver.cpp:20) of variable 'add_ln20', ellipse_solver.cpp:20 on local variable 'i' [363]  (0.427 ns)

 <State 2>: 4.1ns
The critical path consists of the following:
	'load' operation ('__Val2__') on array 'dataPoints' [226]  (0.677 ns)
	'mul' operation ('dataHard.V', ellipse_solver.cpp:25) [229]  (3.42 ns)

 <State 3>: 6.84ns
The critical path consists of the following:
	'mul' operation ('dataHard.V', ellipse_solver.cpp:30) [236]  (3.42 ns)
	'mul' operation ('dataHard.V', ellipse_solver.cpp:34) [240]  (3.42 ns)
	'store' operation ('store_ln34', ellipse_solver.cpp:34) of variable 'dataHard.V', ellipse_solver.cpp:34 on local variable 'dataHard.V' [273]  (0 ns)


============================================================
+ Verbose Summary: Binding
============================================================
N/A
* FSMD analyzer results:
  - Output states:
 - Input state : 
  - Chain level:
	State 1
	State 2
	State 3


============================================================
+ Verbose Summary: Datapath Resource usage 
============================================================
N/A
