In file included from ellipse_solver.cpp:1:
In file included from /share/reconfig/xilinx_2022/Vitis_HLS/2022.2/common/technology/autopilot/ap_int.h:12:
/share/reconfig/xilinx_2022/Vitis_HLS/2022.2/common/technology/autopilot/ap_int_ref.h:678:9: warning: HLS pragma dump _XLX_SEP_ PragmaIsValid=1_XLX_SEP_ PragmaType=unroll_XLX_SEP_ PragmaContext=_XLX_SEP_ PragmaFunction=and_reduce_XLX_SEP_ PragmaOptions=_XLX_SEP_ [-Wdump-hls-pragmas]
#pragma HLS unroll
        ^
/share/reconfig/xilinx_2022/Vitis_HLS/2022.2/common/technology/autopilot/ap_int_ref.h:692:9: warning: HLS pragma dump _XLX_SEP_ PragmaIsValid=1_XLX_SEP_ PragmaType=unroll_XLX_SEP_ PragmaContext=_XLX_SEP_ PragmaFunction=or_reduce_XLX_SEP_ PragmaOptions=_XLX_SEP_ [-Wdump-hls-pragmas]
#pragma HLS unroll
        ^
/share/reconfig/xilinx_2022/Vitis_HLS/2022.2/common/technology/autopilot/ap_int_ref.h:706:9: warning: HLS pragma dump _XLX_SEP_ PragmaIsValid=1_XLX_SEP_ PragmaType=unroll_XLX_SEP_ PragmaContext=_XLX_SEP_ PragmaFunction=xor_reduce_XLX_SEP_ PragmaOptions=_XLX_SEP_ [-Wdump-hls-pragmas]
#pragma HLS unroll
        ^
/share/jbakos/data/designs/ellipse_solver/ellipse_solver/solution1/csynth.tcl:13:9: warning: HLS pragma dump _XLX_SEP_ PragmaIsValid=1_XLX_SEP_ PragmaType=top_XLX_SEP_ PragmaContext=directive_XLX_SEP_ PragmaFunction=ellipse_solver_XLX_SEP_ PragmaOptions=name=ellipse_solver_XLX_SEP_ [-Wdump-hls-pragmas]
#pragma HLSDIRECTIVE TOP name=ellipse_solver
        ^
ellipse_solver.cpp:7:9: warning: HLS pragma dump _XLX_SEP_ PragmaIsValid=1_XLX_SEP_ PragmaType=interface_XLX_SEP_ PragmaContext=_XLX_SEP_ PragmaFunction=ellipse_solver_XLX_SEP_ PragmaOptions=mode=s_axilite port=return_XLX_SEP_ [-Wdump-hls-pragmas]
#pragma HLS INTERFACE mode=s_axilite port=return
        ^
ellipse_solver.cpp:10:40: warning: unexpected pragma parameter 'bundle' [-Winvalid-hls-pragmas]
#pragma HLS INTERFACE mode=bram bundle=dataPoints port=dataPoints
                                       ^
ellipse_solver.cpp:10:9: warning: HLS pragma dump _XLX_SEP_ PragmaIsValid=0_XLX_SEP_ PragmaType=interface_XLX_SEP_ PragmaContext=_XLX_SEP_ PragmaFunction=ellipse_solver_XLX_SEP_ PragmaOptions=mode=bram bundle=dataPoints port=dataPoints_XLX_SEP_ [-Wdump-hls-pragmas]
#pragma HLS INTERFACE mode=bram bundle=dataPoints port=dataPoints
        ^
ellipse_solver.cpp:11:40: warning: unexpected pragma parameter 'bundle' [-Winvalid-hls-pragmas]
#pragma HLS INTERFACE mode=bram bundle=matrix port=matrix
                                       ^
ellipse_solver.cpp:11:9: warning: HLS pragma dump _XLX_SEP_ PragmaIsValid=0_XLX_SEP_ PragmaType=interface_XLX_SEP_ PragmaContext=_XLX_SEP_ PragmaFunction=ellipse_solver_XLX_SEP_ PragmaOptions=mode=bram bundle=matrix port=matrix_XLX_SEP_ [-Wdump-hls-pragmas]
#pragma HLS INTERFACE mode=bram bundle=matrix port=matrix
        ^
ellipse_solver.cpp:14:9: warning: HLS pragma dump _XLX_SEP_ PragmaIsValid=1_XLX_SEP_ PragmaType=array_partition_XLX_SEP_ PragmaContext=_XLX_SEP_ PragmaFunction=ellipse_solver_XLX_SEP_ PragmaOptions=variable=dataHard complete dim=1_XLX_SEP_ [-Wdump-hls-pragmas]
#pragma HLS ARRAY_PARTITION variable=dataHard complete dim=1
        ^
ellipse_solver.cpp:15:9: warning: HLS pragma dump _XLX_SEP_ PragmaIsValid=1_XLX_SEP_ PragmaType=array_partition_XLX_SEP_ PragmaContext=_XLX_SEP_ PragmaFunction=ellipse_solver_XLX_SEP_ PragmaOptions=variable=dataHard complete dim=2_XLX_SEP_ [-Wdump-hls-pragmas]
#pragma HLS ARRAY_PARTITION variable=dataHard complete dim=2
        ^
ellipse_solver.cpp:18:9: warning: HLS pragma dump _XLX_SEP_ PragmaIsValid=1_XLX_SEP_ PragmaType=array_partition_XLX_SEP_ PragmaContext=_XLX_SEP_ PragmaFunction=ellipse_solver_XLX_SEP_ PragmaOptions=variable=outData complete_XLX_SEP_ [-Wdump-hls-pragmas]
#pragma HLS ARRAY_PARTITION variable=outData complete
        ^
ellipse_solver.cpp:21:9: warning: HLS pragma dump _XLX_SEP_ PragmaIsValid=1_XLX_SEP_ PragmaType=pipeline_XLX_SEP_ PragmaContext=_XLX_SEP_ PragmaFunction=ellipse_solver_XLX_SEP_ PragmaOptions=_XLX_SEP_ [-Wdump-hls-pragmas]
#pragma HLS PIPELINE
        ^
ellipse_solver.cpp:38:9: warning: HLS pragma dump _XLX_SEP_ PragmaIsValid=1_XLX_SEP_ PragmaType=pipeline_XLX_SEP_ PragmaContext=_XLX_SEP_ PragmaFunction=ellipse_solver_XLX_SEP_ PragmaOptions=_XLX_SEP_ [-Wdump-hls-pragmas]
#pragma HLS PIPELINE
        ^
14 warnings generated.
