

================================================================
== Vitis HLS Report for 'ellipse_solver'
================================================================
* Date:           Mon Nov 20 13:30:33 2023

* Version:        2022.2 (Build 3670227 on Oct 13 2022)
* Project:        ellipse_solver
* Solution:       solution1 (Vivado IP Flow Target)
* Product family: zynquplus
* Target device:  xczu7ev-ffvc1156-2-e


================================================================
== Performance Estimates
================================================================
+ Timing: 
    * Summary: 
    +--------+----------+----------+------------+
    |  Clock |  Target  | Estimated| Uncertainty|
    +--------+----------+----------+------------+
    |ap_clk  |  10.00 ns|  6.840 ns|     2.70 ns|
    +--------+----------+----------+------------+

+ Latency: 
    * Summary: 
    +---------+---------+----------+----------+-----+-----+---------+
    |  Latency (cycles) |  Latency (absolute) |  Interval | Pipeline|
    |   min   |   max   |    min   |    max   | min | max |   Type  |
    +---------+---------+----------+----------+-----+-----+---------+
    |       49|       49|  0.490 us|  0.490 us|   50|   50|       no|
    +---------+---------+----------+----------+-----+-----+---------+

    + Detail: 
        * Instance: 
        N/A

        * Loop: 
        N/A

============================================================
+ Verbose Summary: Synthesis Manager
============================================================
InlineROM: 1
ExposeGlobal: 0
============================================================
+ Verbose Summary: CDFG Model
============================================================
IsTopModel: 1
ResetActiveHigh: 1
IsCombinational: 0
IsDatapathOnly: 0
HasWiredReturn: 1
HasMFsm: 0
HasVarLatency: 1
IsPipeline: 0
IsRtlPipelined: 0
IsInstanceOverlapped: 0
IsDontTouch: 0
HasImplIP: 0
IsGatedGlobalClock: 0


============================================================
+ Verbose Summary: Schedule
============================================================
* Number of FSM states : 19
* Pipeline : 0
* Dataflow Pipeline: 0

* FSM state transitions: 
1 --> 2 
2 --> 3 
3 --> 4 
4 --> 5 
5 --> 6 
6 --> 7 
7 --> 8 
8 --> 9 
9 --> 10 
10 --> 11 
11 --> 12 
12 --> 13 
13 --> 14 
14 --> 15 
15 --> 16 
16 --> 17 
17 --> 18 
18 --> 19 
19 --> 

* FSM state operations: 

State 1 <SV = 0> <Delay = 0.67>
ST_1 : Operation 20 [1/1] (0.00ns)   --->   "%outData_26_loc = alloca i64 1"   --->   Operation 20 'alloca' 'outData_26_loc' <Predicate = true> <Delay = 0.00>
ST_1 : Operation 21 [1/1] (0.00ns)   --->   "%outData_27_loc = alloca i64 1"   --->   Operation 21 'alloca' 'outData_27_loc' <Predicate = true> <Delay = 0.00>
ST_1 : Operation 22 [1/1] (0.00ns)   --->   "%outData_28_loc = alloca i64 1"   --->   Operation 22 'alloca' 'outData_28_loc' <Predicate = true> <Delay = 0.00>
ST_1 : Operation 23 [1/1] (0.00ns)   --->   "%outData_29_loc = alloca i64 1"   --->   Operation 23 'alloca' 'outData_29_loc' <Predicate = true> <Delay = 0.00>
ST_1 : Operation 24 [1/1] (0.00ns)   --->   "%outData_30_loc = alloca i64 1"   --->   Operation 24 'alloca' 'outData_30_loc' <Predicate = true> <Delay = 0.00>
ST_1 : Operation 25 [1/1] (0.00ns)   --->   "%outData_31_loc = alloca i64 1"   --->   Operation 25 'alloca' 'outData_31_loc' <Predicate = true> <Delay = 0.00>
ST_1 : Operation 26 [1/1] (0.00ns)   --->   "%outData_32_loc = alloca i64 1"   --->   Operation 26 'alloca' 'outData_32_loc' <Predicate = true> <Delay = 0.00>
ST_1 : Operation 27 [1/1] (0.00ns)   --->   "%outData_33_loc = alloca i64 1"   --->   Operation 27 'alloca' 'outData_33_loc' <Predicate = true> <Delay = 0.00>
ST_1 : Operation 28 [1/1] (0.00ns)   --->   "%outData_34_loc = alloca i64 1"   --->   Operation 28 'alloca' 'outData_34_loc' <Predicate = true> <Delay = 0.00>
ST_1 : Operation 29 [1/1] (0.00ns)   --->   "%outData_35_loc = alloca i64 1"   --->   Operation 29 'alloca' 'outData_35_loc' <Predicate = true> <Delay = 0.00>
ST_1 : Operation 30 [1/1] (0.00ns)   --->   "%outData_36_loc = alloca i64 1"   --->   Operation 30 'alloca' 'outData_36_loc' <Predicate = true> <Delay = 0.00>
ST_1 : Operation 31 [1/1] (0.00ns)   --->   "%outData_37_loc = alloca i64 1"   --->   Operation 31 'alloca' 'outData_37_loc' <Predicate = true> <Delay = 0.00>
ST_1 : Operation 32 [1/1] (0.00ns)   --->   "%outData_38_loc = alloca i64 1"   --->   Operation 32 'alloca' 'outData_38_loc' <Predicate = true> <Delay = 0.00>
ST_1 : Operation 33 [1/1] (0.00ns)   --->   "%dataHard_V_loc = alloca i64 1"   --->   Operation 33 'alloca' 'dataHard_V_loc' <Predicate = true> <Delay = 0.00>
ST_1 : Operation 34 [1/1] (0.00ns)   --->   "%dataHard_V_1_loc = alloca i64 1"   --->   Operation 34 'alloca' 'dataHard_V_1_loc' <Predicate = true> <Delay = 0.00>
ST_1 : Operation 35 [1/1] (0.00ns)   --->   "%dataHard_V_2_loc = alloca i64 1"   --->   Operation 35 'alloca' 'dataHard_V_2_loc' <Predicate = true> <Delay = 0.00>
ST_1 : Operation 36 [1/1] (0.00ns)   --->   "%dataHard_V_3_loc = alloca i64 1"   --->   Operation 36 'alloca' 'dataHard_V_3_loc' <Predicate = true> <Delay = 0.00>
ST_1 : Operation 37 [1/1] (0.00ns)   --->   "%dataHard_V_4_loc = alloca i64 1"   --->   Operation 37 'alloca' 'dataHard_V_4_loc' <Predicate = true> <Delay = 0.00>
ST_1 : Operation 38 [1/1] (0.00ns)   --->   "%dataHard_V_5_loc = alloca i64 1"   --->   Operation 38 'alloca' 'dataHard_V_5_loc' <Predicate = true> <Delay = 0.00>
ST_1 : Operation 39 [1/1] (0.00ns)   --->   "%dataHard_V_6_loc = alloca i64 1"   --->   Operation 39 'alloca' 'dataHard_V_6_loc' <Predicate = true> <Delay = 0.00>
ST_1 : Operation 40 [1/1] (0.00ns)   --->   "%dataHard_V_7_loc = alloca i64 1"   --->   Operation 40 'alloca' 'dataHard_V_7_loc' <Predicate = true> <Delay = 0.00>
ST_1 : Operation 41 [1/1] (0.00ns)   --->   "%dataHard_V_8_loc = alloca i64 1"   --->   Operation 41 'alloca' 'dataHard_V_8_loc' <Predicate = true> <Delay = 0.00>
ST_1 : Operation 42 [1/1] (0.00ns)   --->   "%dataHard_V_9_loc = alloca i64 1"   --->   Operation 42 'alloca' 'dataHard_V_9_loc' <Predicate = true> <Delay = 0.00>
ST_1 : Operation 43 [1/1] (0.00ns)   --->   "%dataHard_V_10_loc = alloca i64 1"   --->   Operation 43 'alloca' 'dataHard_V_10_loc' <Predicate = true> <Delay = 0.00>
ST_1 : Operation 44 [1/1] (0.00ns)   --->   "%dataHard_V_11_loc = alloca i64 1"   --->   Operation 44 'alloca' 'dataHard_V_11_loc' <Predicate = true> <Delay = 0.00>
ST_1 : Operation 45 [1/1] (0.00ns)   --->   "%dataHard_V_12_loc = alloca i64 1"   --->   Operation 45 'alloca' 'dataHard_V_12_loc' <Predicate = true> <Delay = 0.00>
ST_1 : Operation 46 [1/1] (0.00ns)   --->   "%dataHard_V_13_loc = alloca i64 1"   --->   Operation 46 'alloca' 'dataHard_V_13_loc' <Predicate = true> <Delay = 0.00>
ST_1 : Operation 47 [1/1] (0.00ns)   --->   "%dataHard_V_14_loc = alloca i64 1"   --->   Operation 47 'alloca' 'dataHard_V_14_loc' <Predicate = true> <Delay = 0.00>
ST_1 : Operation 48 [1/1] (0.00ns)   --->   "%dataHard_V_15_loc = alloca i64 1"   --->   Operation 48 'alloca' 'dataHard_V_15_loc' <Predicate = true> <Delay = 0.00>
ST_1 : Operation 49 [1/1] (0.00ns)   --->   "%dataHard_V_16_loc = alloca i64 1"   --->   Operation 49 'alloca' 'dataHard_V_16_loc' <Predicate = true> <Delay = 0.00>
ST_1 : Operation 50 [1/1] (0.00ns)   --->   "%dataHard_V_17_loc = alloca i64 1"   --->   Operation 50 'alloca' 'dataHard_V_17_loc' <Predicate = true> <Delay = 0.00>
ST_1 : Operation 51 [1/1] (0.00ns)   --->   "%dataHard_V_18_loc = alloca i64 1"   --->   Operation 51 'alloca' 'dataHard_V_18_loc' <Predicate = true> <Delay = 0.00>
ST_1 : Operation 52 [1/1] (0.00ns)   --->   "%dataHard_V_19_loc = alloca i64 1"   --->   Operation 52 'alloca' 'dataHard_V_19_loc' <Predicate = true> <Delay = 0.00>
ST_1 : Operation 53 [1/1] (0.00ns)   --->   "%dataHard_V_20_loc = alloca i64 1"   --->   Operation 53 'alloca' 'dataHard_V_20_loc' <Predicate = true> <Delay = 0.00>
ST_1 : Operation 54 [1/1] (0.00ns)   --->   "%dataHard_V_21_loc = alloca i64 1"   --->   Operation 54 'alloca' 'dataHard_V_21_loc' <Predicate = true> <Delay = 0.00>
ST_1 : Operation 55 [1/1] (0.00ns)   --->   "%dataHard_V_22_loc = alloca i64 1"   --->   Operation 55 'alloca' 'dataHard_V_22_loc' <Predicate = true> <Delay = 0.00>
ST_1 : Operation 56 [1/1] (0.00ns)   --->   "%dataHard_V_23_loc = alloca i64 1"   --->   Operation 56 'alloca' 'dataHard_V_23_loc' <Predicate = true> <Delay = 0.00>
ST_1 : Operation 57 [1/1] (0.00ns)   --->   "%dataHard_V_24_loc = alloca i64 1"   --->   Operation 57 'alloca' 'dataHard_V_24_loc' <Predicate = true> <Delay = 0.00>
ST_1 : Operation 58 [1/1] (0.00ns)   --->   "%dataHard_V_25_loc = alloca i64 1"   --->   Operation 58 'alloca' 'dataHard_V_25_loc' <Predicate = true> <Delay = 0.00>
ST_1 : Operation 59 [1/1] (0.00ns)   --->   "%dataHard_V_26_loc = alloca i64 1"   --->   Operation 59 'alloca' 'dataHard_V_26_loc' <Predicate = true> <Delay = 0.00>
ST_1 : Operation 60 [1/1] (0.00ns)   --->   "%dataHard_V_27_loc = alloca i64 1"   --->   Operation 60 'alloca' 'dataHard_V_27_loc' <Predicate = true> <Delay = 0.00>
ST_1 : Operation 61 [1/1] (0.00ns)   --->   "%dataHard_V_28_loc = alloca i64 1"   --->   Operation 61 'alloca' 'dataHard_V_28_loc' <Predicate = true> <Delay = 0.00>
ST_1 : Operation 62 [1/1] (0.00ns)   --->   "%dataHard_V_29_loc = alloca i64 1"   --->   Operation 62 'alloca' 'dataHard_V_29_loc' <Predicate = true> <Delay = 0.00>
ST_1 : Operation 63 [1/1] (0.00ns)   --->   "%dataHard_V_30_loc = alloca i64 1"   --->   Operation 63 'alloca' 'dataHard_V_30_loc' <Predicate = true> <Delay = 0.00>
ST_1 : Operation 64 [1/1] (0.00ns)   --->   "%dataHard_V_31_loc = alloca i64 1"   --->   Operation 64 'alloca' 'dataHard_V_31_loc' <Predicate = true> <Delay = 0.00>
ST_1 : Operation 65 [1/1] (0.00ns)   --->   "%dataHard_V_32_loc = alloca i64 1"   --->   Operation 65 'alloca' 'dataHard_V_32_loc' <Predicate = true> <Delay = 0.00>
ST_1 : Operation 66 [1/1] (0.00ns)   --->   "%dataHard_V_33_loc = alloca i64 1"   --->   Operation 66 'alloca' 'dataHard_V_33_loc' <Predicate = true> <Delay = 0.00>
ST_1 : Operation 67 [1/1] (0.00ns)   --->   "%dataHard_V_34_loc = alloca i64 1"   --->   Operation 67 'alloca' 'dataHard_V_34_loc' <Predicate = true> <Delay = 0.00>
ST_1 : Operation 68 [1/1] (0.00ns)   --->   "%dataHard_V_35_loc = alloca i64 1"   --->   Operation 68 'alloca' 'dataHard_V_35_loc' <Predicate = true> <Delay = 0.00>
ST_1 : Operation 69 [1/1] (0.00ns)   --->   "%dataHard_V_36_loc = alloca i64 1"   --->   Operation 69 'alloca' 'dataHard_V_36_loc' <Predicate = true> <Delay = 0.00>
ST_1 : Operation 70 [1/1] (0.00ns)   --->   "%dataHard_V_37_loc = alloca i64 1"   --->   Operation 70 'alloca' 'dataHard_V_37_loc' <Predicate = true> <Delay = 0.00>
ST_1 : Operation 71 [1/1] (0.00ns)   --->   "%dataHard_V_38_loc = alloca i64 1"   --->   Operation 71 'alloca' 'dataHard_V_38_loc' <Predicate = true> <Delay = 0.00>
ST_1 : Operation 72 [1/1] (0.00ns)   --->   "%dataHard_V_39_loc = alloca i64 1"   --->   Operation 72 'alloca' 'dataHard_V_39_loc' <Predicate = true> <Delay = 0.00>
ST_1 : Operation 73 [1/1] (0.00ns)   --->   "%dataHard_V_40_loc = alloca i64 1"   --->   Operation 73 'alloca' 'dataHard_V_40_loc' <Predicate = true> <Delay = 0.00>
ST_1 : Operation 74 [1/1] (0.00ns)   --->   "%dataHard_V_41_loc = alloca i64 1"   --->   Operation 74 'alloca' 'dataHard_V_41_loc' <Predicate = true> <Delay = 0.00>
ST_1 : Operation 75 [1/1] (0.00ns)   --->   "%dataHard_V_42_loc = alloca i64 1"   --->   Operation 75 'alloca' 'dataHard_V_42_loc' <Predicate = true> <Delay = 0.00>
ST_1 : Operation 76 [1/1] (0.00ns)   --->   "%dataHard_V_43_loc = alloca i64 1"   --->   Operation 76 'alloca' 'dataHard_V_43_loc' <Predicate = true> <Delay = 0.00>
ST_1 : Operation 77 [1/1] (0.00ns)   --->   "%dataHard_V_44_loc = alloca i64 1"   --->   Operation 77 'alloca' 'dataHard_V_44_loc' <Predicate = true> <Delay = 0.00>
ST_1 : Operation 78 [1/1] (0.00ns)   --->   "%dataHard_V_45_loc = alloca i64 1"   --->   Operation 78 'alloca' 'dataHard_V_45_loc' <Predicate = true> <Delay = 0.00>
ST_1 : Operation 79 [1/1] (0.00ns)   --->   "%dataHard_V_46_loc = alloca i64 1"   --->   Operation 79 'alloca' 'dataHard_V_46_loc' <Predicate = true> <Delay = 0.00>
ST_1 : Operation 80 [1/1] (0.00ns)   --->   "%dataHard_V_47_loc = alloca i64 1"   --->   Operation 80 'alloca' 'dataHard_V_47_loc' <Predicate = true> <Delay = 0.00>
ST_1 : Operation 81 [1/1] (0.00ns)   --->   "%dataHard_V_48_loc = alloca i64 1"   --->   Operation 81 'alloca' 'dataHard_V_48_loc' <Predicate = true> <Delay = 0.00>
ST_1 : Operation 82 [1/1] (0.00ns)   --->   "%dataHard_V_49_loc = alloca i64 1"   --->   Operation 82 'alloca' 'dataHard_V_49_loc' <Predicate = true> <Delay = 0.00>
ST_1 : Operation 83 [1/1] (0.00ns)   --->   "%dataHard_V_50_loc = alloca i64 1"   --->   Operation 83 'alloca' 'dataHard_V_50_loc' <Predicate = true> <Delay = 0.00>
ST_1 : Operation 84 [1/1] (0.00ns)   --->   "%dataHard_V_51_loc = alloca i64 1"   --->   Operation 84 'alloca' 'dataHard_V_51_loc' <Predicate = true> <Delay = 0.00>
ST_1 : Operation 85 [1/1] (0.00ns)   --->   "%dataHard_V_52_loc = alloca i64 1"   --->   Operation 85 'alloca' 'dataHard_V_52_loc' <Predicate = true> <Delay = 0.00>
ST_1 : Operation 86 [1/1] (0.00ns)   --->   "%dataHard_V_53_loc = alloca i64 1"   --->   Operation 86 'alloca' 'dataHard_V_53_loc' <Predicate = true> <Delay = 0.00>
ST_1 : Operation 87 [1/1] (0.00ns)   --->   "%dataHard_V_54_loc = alloca i64 1"   --->   Operation 87 'alloca' 'dataHard_V_54_loc' <Predicate = true> <Delay = 0.00>
ST_1 : Operation 88 [1/1] (0.00ns)   --->   "%dataHard_V_55_loc = alloca i64 1"   --->   Operation 88 'alloca' 'dataHard_V_55_loc' <Predicate = true> <Delay = 0.00>
ST_1 : Operation 89 [1/1] (0.00ns)   --->   "%dataHard_V_56_loc = alloca i64 1"   --->   Operation 89 'alloca' 'dataHard_V_56_loc' <Predicate = true> <Delay = 0.00>
ST_1 : Operation 90 [1/1] (0.00ns)   --->   "%dataHard_V_57_loc = alloca i64 1"   --->   Operation 90 'alloca' 'dataHard_V_57_loc' <Predicate = true> <Delay = 0.00>
ST_1 : Operation 91 [1/1] (0.00ns)   --->   "%dataHard_V_58_loc = alloca i64 1"   --->   Operation 91 'alloca' 'dataHard_V_58_loc' <Predicate = true> <Delay = 0.00>
ST_1 : Operation 92 [1/1] (0.00ns)   --->   "%dataHard_V_59_loc = alloca i64 1"   --->   Operation 92 'alloca' 'dataHard_V_59_loc' <Predicate = true> <Delay = 0.00>
ST_1 : Operation 93 [1/1] (0.00ns)   --->   "%dataHard_V_60_loc = alloca i64 1"   --->   Operation 93 'alloca' 'dataHard_V_60_loc' <Predicate = true> <Delay = 0.00>
ST_1 : Operation 94 [1/1] (0.00ns)   --->   "%dataHard_V_61_loc = alloca i64 1"   --->   Operation 94 'alloca' 'dataHard_V_61_loc' <Predicate = true> <Delay = 0.00>
ST_1 : Operation 95 [1/1] (0.00ns)   --->   "%dataHard_V_62_loc = alloca i64 1"   --->   Operation 95 'alloca' 'dataHard_V_62_loc' <Predicate = true> <Delay = 0.00>
ST_1 : Operation 96 [1/1] (0.00ns)   --->   "%dataHard_V_63_loc = alloca i64 1"   --->   Operation 96 'alloca' 'dataHard_V_63_loc' <Predicate = true> <Delay = 0.00>
ST_1 : Operation 97 [1/1] (0.00ns)   --->   "%dataHard_V_64_loc = alloca i64 1"   --->   Operation 97 'alloca' 'dataHard_V_64_loc' <Predicate = true> <Delay = 0.00>
ST_1 : Operation 98 [1/1] (0.00ns)   --->   "%dataHard_V_65_loc = alloca i64 1"   --->   Operation 98 'alloca' 'dataHard_V_65_loc' <Predicate = true> <Delay = 0.00>
ST_1 : Operation 99 [1/1] (0.00ns)   --->   "%dataHard_V_66_loc = alloca i64 1"   --->   Operation 99 'alloca' 'dataHard_V_66_loc' <Predicate = true> <Delay = 0.00>
ST_1 : Operation 100 [1/1] (0.00ns)   --->   "%dataHard_V_67_loc = alloca i64 1"   --->   Operation 100 'alloca' 'dataHard_V_67_loc' <Predicate = true> <Delay = 0.00>
ST_1 : Operation 101 [1/1] (0.00ns)   --->   "%dataHard_V_68_loc = alloca i64 1"   --->   Operation 101 'alloca' 'dataHard_V_68_loc' <Predicate = true> <Delay = 0.00>
ST_1 : Operation 102 [1/1] (0.00ns)   --->   "%dataHard_V_69_loc = alloca i64 1"   --->   Operation 102 'alloca' 'dataHard_V_69_loc' <Predicate = true> <Delay = 0.00>
ST_1 : Operation 103 [1/1] (0.00ns)   --->   "%dataHard_V_70_loc = alloca i64 1"   --->   Operation 103 'alloca' 'dataHard_V_70_loc' <Predicate = true> <Delay = 0.00>
ST_1 : Operation 104 [1/1] (0.00ns)   --->   "%dataHard_V_71_loc = alloca i64 1"   --->   Operation 104 'alloca' 'dataHard_V_71_loc' <Predicate = true> <Delay = 0.00>
ST_1 : Operation 105 [1/1] (0.00ns)   --->   "%dataHard_V_72_loc = alloca i64 1"   --->   Operation 105 'alloca' 'dataHard_V_72_loc' <Predicate = true> <Delay = 0.00>
ST_1 : Operation 106 [1/1] (0.00ns)   --->   "%dataHard_V_73_loc = alloca i64 1"   --->   Operation 106 'alloca' 'dataHard_V_73_loc' <Predicate = true> <Delay = 0.00>
ST_1 : Operation 107 [1/1] (0.00ns)   --->   "%dataHard_V_74_loc = alloca i64 1"   --->   Operation 107 'alloca' 'dataHard_V_74_loc' <Predicate = true> <Delay = 0.00>
ST_1 : Operation 108 [1/1] (0.00ns)   --->   "%dataHard_V_75_loc = alloca i64 1"   --->   Operation 108 'alloca' 'dataHard_V_75_loc' <Predicate = true> <Delay = 0.00>
ST_1 : Operation 109 [1/1] (0.00ns)   --->   "%dataHard_V_76_loc = alloca i64 1"   --->   Operation 109 'alloca' 'dataHard_V_76_loc' <Predicate = true> <Delay = 0.00>
ST_1 : Operation 110 [1/1] (0.00ns)   --->   "%dataHard_V_77_loc = alloca i64 1"   --->   Operation 110 'alloca' 'dataHard_V_77_loc' <Predicate = true> <Delay = 0.00>
ST_1 : Operation 111 [1/1] (0.00ns)   --->   "%dataHard_V_78_loc = alloca i64 1"   --->   Operation 111 'alloca' 'dataHard_V_78_loc' <Predicate = true> <Delay = 0.00>
ST_1 : Operation 112 [1/1] (0.00ns)   --->   "%dataHard_V_79_loc = alloca i64 1"   --->   Operation 112 'alloca' 'dataHard_V_79_loc' <Predicate = true> <Delay = 0.00>
ST_1 : Operation 113 [1/1] (0.00ns)   --->   "%dataHard_V_80_loc = alloca i64 1"   --->   Operation 113 'alloca' 'dataHard_V_80_loc' <Predicate = true> <Delay = 0.00>
ST_1 : Operation 114 [1/1] (0.00ns)   --->   "%dataHard_V_81_loc = alloca i64 1"   --->   Operation 114 'alloca' 'dataHard_V_81_loc' <Predicate = true> <Delay = 0.00>
ST_1 : Operation 115 [1/1] (0.00ns)   --->   "%dataHard_V_82_loc = alloca i64 1"   --->   Operation 115 'alloca' 'dataHard_V_82_loc' <Predicate = true> <Delay = 0.00>
ST_1 : Operation 116 [1/1] (0.00ns)   --->   "%dataHard_V_83_loc = alloca i64 1"   --->   Operation 116 'alloca' 'dataHard_V_83_loc' <Predicate = true> <Delay = 0.00>
ST_1 : Operation 117 [1/1] (0.00ns)   --->   "%dataHard_V_84_loc = alloca i64 1"   --->   Operation 117 'alloca' 'dataHard_V_84_loc' <Predicate = true> <Delay = 0.00>
ST_1 : Operation 118 [1/1] (0.00ns)   --->   "%dataHard_V_85_loc = alloca i64 1"   --->   Operation 118 'alloca' 'dataHard_V_85_loc' <Predicate = true> <Delay = 0.00>
ST_1 : Operation 119 [1/1] (0.00ns)   --->   "%dataHard_V_86_loc = alloca i64 1"   --->   Operation 119 'alloca' 'dataHard_V_86_loc' <Predicate = true> <Delay = 0.00>
ST_1 : Operation 120 [1/1] (0.00ns)   --->   "%dataHard_V_87_loc = alloca i64 1"   --->   Operation 120 'alloca' 'dataHard_V_87_loc' <Predicate = true> <Delay = 0.00>
ST_1 : Operation 121 [1/1] (0.00ns)   --->   "%dataHard_V_88_loc = alloca i64 1"   --->   Operation 121 'alloca' 'dataHard_V_88_loc' <Predicate = true> <Delay = 0.00>
ST_1 : Operation 122 [1/1] (0.00ns)   --->   "%dataHard_V_89_loc = alloca i64 1"   --->   Operation 122 'alloca' 'dataHard_V_89_loc' <Predicate = true> <Delay = 0.00>
ST_1 : Operation 123 [1/1] (0.00ns)   --->   "%dataHard_V_90_loc = alloca i64 1"   --->   Operation 123 'alloca' 'dataHard_V_90_loc' <Predicate = true> <Delay = 0.00>
ST_1 : Operation 124 [1/1] (0.00ns)   --->   "%dataHard_V_91_loc = alloca i64 1"   --->   Operation 124 'alloca' 'dataHard_V_91_loc' <Predicate = true> <Delay = 0.00>
ST_1 : Operation 125 [1/1] (0.00ns)   --->   "%dataHard_V_92_loc = alloca i64 1"   --->   Operation 125 'alloca' 'dataHard_V_92_loc' <Predicate = true> <Delay = 0.00>
ST_1 : Operation 126 [1/1] (0.00ns)   --->   "%dataHard_V_93_loc = alloca i64 1"   --->   Operation 126 'alloca' 'dataHard_V_93_loc' <Predicate = true> <Delay = 0.00>
ST_1 : Operation 127 [1/1] (0.00ns)   --->   "%dataHard_V_94_loc = alloca i64 1"   --->   Operation 127 'alloca' 'dataHard_V_94_loc' <Predicate = true> <Delay = 0.00>
ST_1 : Operation 128 [1/1] (0.00ns)   --->   "%dataHard_V_95_loc = alloca i64 1"   --->   Operation 128 'alloca' 'dataHard_V_95_loc' <Predicate = true> <Delay = 0.00>
ST_1 : Operation 129 [1/1] (0.00ns)   --->   "%dataHard_V_96_loc = alloca i64 1"   --->   Operation 129 'alloca' 'dataHard_V_96_loc' <Predicate = true> <Delay = 0.00>
ST_1 : Operation 130 [1/1] (0.00ns)   --->   "%dataHard_V_97_loc = alloca i64 1"   --->   Operation 130 'alloca' 'dataHard_V_97_loc' <Predicate = true> <Delay = 0.00>
ST_1 : Operation 131 [1/1] (0.00ns)   --->   "%dataHard_V_98_loc = alloca i64 1"   --->   Operation 131 'alloca' 'dataHard_V_98_loc' <Predicate = true> <Delay = 0.00>
ST_1 : Operation 132 [1/1] (0.00ns)   --->   "%dataHard_V_99_loc = alloca i64 1"   --->   Operation 132 'alloca' 'dataHard_V_99_loc' <Predicate = true> <Delay = 0.00>
ST_1 : Operation 133 [1/1] (0.00ns)   --->   "%dataHard_V_100_loc = alloca i64 1"   --->   Operation 133 'alloca' 'dataHard_V_100_loc' <Predicate = true> <Delay = 0.00>
ST_1 : Operation 134 [1/1] (0.00ns)   --->   "%dataHard_V_101_loc = alloca i64 1"   --->   Operation 134 'alloca' 'dataHard_V_101_loc' <Predicate = true> <Delay = 0.00>
ST_1 : Operation 135 [1/1] (0.00ns)   --->   "%dataHard_V_102_loc = alloca i64 1"   --->   Operation 135 'alloca' 'dataHard_V_102_loc' <Predicate = true> <Delay = 0.00>
ST_1 : Operation 136 [1/1] (0.00ns)   --->   "%dataHard_V_103_loc = alloca i64 1"   --->   Operation 136 'alloca' 'dataHard_V_103_loc' <Predicate = true> <Delay = 0.00>
ST_1 : Operation 137 [1/1] (0.00ns)   --->   "%outData_loc = alloca i64 1"   --->   Operation 137 'alloca' 'outData_loc' <Predicate = true> <Delay = 0.00>
ST_1 : Operation 138 [1/1] (0.00ns)   --->   "%outData_1_loc = alloca i64 1"   --->   Operation 138 'alloca' 'outData_1_loc' <Predicate = true> <Delay = 0.00>
ST_1 : Operation 139 [1/1] (0.00ns)   --->   "%outData_2_loc = alloca i64 1"   --->   Operation 139 'alloca' 'outData_2_loc' <Predicate = true> <Delay = 0.00>
ST_1 : Operation 140 [1/1] (0.00ns)   --->   "%outData_3_loc = alloca i64 1"   --->   Operation 140 'alloca' 'outData_3_loc' <Predicate = true> <Delay = 0.00>
ST_1 : Operation 141 [1/1] (0.00ns)   --->   "%outData_4_loc = alloca i64 1"   --->   Operation 141 'alloca' 'outData_4_loc' <Predicate = true> <Delay = 0.00>
ST_1 : Operation 142 [1/1] (0.00ns)   --->   "%outData_5_loc = alloca i64 1"   --->   Operation 142 'alloca' 'outData_5_loc' <Predicate = true> <Delay = 0.00>
ST_1 : Operation 143 [1/1] (0.00ns)   --->   "%outData_6_loc = alloca i64 1"   --->   Operation 143 'alloca' 'outData_6_loc' <Predicate = true> <Delay = 0.00>
ST_1 : Operation 144 [1/1] (0.00ns)   --->   "%outData_7_loc = alloca i64 1"   --->   Operation 144 'alloca' 'outData_7_loc' <Predicate = true> <Delay = 0.00>
ST_1 : Operation 145 [1/1] (0.00ns)   --->   "%outData_8_loc = alloca i64 1"   --->   Operation 145 'alloca' 'outData_8_loc' <Predicate = true> <Delay = 0.00>
ST_1 : Operation 146 [1/1] (0.00ns)   --->   "%outData_9_loc = alloca i64 1"   --->   Operation 146 'alloca' 'outData_9_loc' <Predicate = true> <Delay = 0.00>
ST_1 : Operation 147 [1/1] (0.00ns)   --->   "%outData_10_loc = alloca i64 1"   --->   Operation 147 'alloca' 'outData_10_loc' <Predicate = true> <Delay = 0.00>
ST_1 : Operation 148 [1/1] (0.00ns)   --->   "%outData_11_loc = alloca i64 1"   --->   Operation 148 'alloca' 'outData_11_loc' <Predicate = true> <Delay = 0.00>
ST_1 : Operation 149 [1/1] (0.00ns)   --->   "%outData_12_loc = alloca i64 1"   --->   Operation 149 'alloca' 'outData_12_loc' <Predicate = true> <Delay = 0.00>
ST_1 : Operation 150 [1/1] (0.00ns)   --->   "%matrix_addr_28 = getelementptr i32 %matrix, i64 0, i64 28" [ellipse_solver.cpp:75]   --->   Operation 150 'getelementptr' 'matrix_addr_28' <Predicate = true> <Delay = 0.00>
ST_1 : Operation 151 [2/2] (0.00ns)   --->   "%call_ln0 = call void @ellipse_solver_Pipeline_1, i32 %outData_12_loc, i32 %outData_11_loc, i32 %outData_10_loc, i32 %outData_9_loc, i32 %outData_8_loc, i32 %outData_7_loc, i32 %outData_6_loc, i32 %outData_5_loc, i32 %outData_4_loc, i32 %outData_3_loc, i32 %outData_2_loc, i32 %outData_1_loc, i32 %outData_loc"   --->   Operation 151 'call' 'call_ln0' <Predicate = true> <Delay = 0.00> <CoreType = "Generic">   --->   Core 0 '' <Latency = 0> <II = 1> <Delay = 1.00> <Generic> <Opcode : >
ST_1 : Operation 152 [2/2] (0.00ns)   --->   "%call_ln0 = call void @ellipse_solver_Pipeline_first_loop, i64 %dataPoints, i32 %dataHard_V_103_loc, i32 %dataHard_V_102_loc, i32 %dataHard_V_101_loc, i32 %dataHard_V_100_loc, i32 %dataHard_V_99_loc, i32 %dataHard_V_98_loc, i32 %dataHard_V_97_loc, i32 %dataHard_V_96_loc, i32 %dataHard_V_95_loc, i32 %dataHard_V_94_loc, i32 %dataHard_V_93_loc, i32 %dataHard_V_92_loc, i32 %dataHard_V_91_loc, i32 %dataHard_V_90_loc, i32 %dataHard_V_89_loc, i32 %dataHard_V_88_loc, i32 %dataHard_V_87_loc, i32 %dataHard_V_86_loc, i32 %dataHard_V_85_loc, i32 %dataHard_V_84_loc, i32 %dataHard_V_83_loc, i32 %dataHard_V_82_loc, i32 %dataHard_V_81_loc, i32 %dataHard_V_80_loc, i32 %dataHard_V_79_loc, i32 %dataHard_V_78_loc, i32 %dataHard_V_77_loc, i32 %dataHard_V_76_loc, i32 %dataHard_V_75_loc, i32 %dataHard_V_74_loc, i32 %dataHard_V_73_loc, i32 %dataHard_V_72_loc, i32 %dataHard_V_71_loc, i32 %dataHard_V_70_loc, i32 %dataHard_V_69_loc, i32 %dataHard_V_68_loc, i32 %dataHard_V_67_loc, i32 %dataHard_V_66_loc, i32 %dataHard_V_65_loc, i32 %dataHard_V_64_loc, i32 %dataHard_V_63_loc, i32 %dataHard_V_62_loc, i32 %dataHard_V_61_loc, i32 %dataHard_V_60_loc, i32 %dataHard_V_59_loc, i32 %dataHard_V_58_loc, i32 %dataHard_V_57_loc, i32 %dataHard_V_56_loc, i32 %dataHard_V_55_loc, i32 %dataHard_V_54_loc, i32 %dataHard_V_53_loc, i32 %dataHard_V_52_loc, i32 %dataHard_V_51_loc, i32 %dataHard_V_50_loc, i32 %dataHard_V_49_loc, i32 %dataHard_V_48_loc, i32 %dataHard_V_47_loc, i32 %dataHard_V_46_loc, i32 %dataHard_V_45_loc, i32 %dataHard_V_44_loc, i32 %dataHard_V_43_loc, i32 %dataHard_V_42_loc, i32 %dataHard_V_41_loc, i32 %dataHard_V_40_loc, i32 %dataHard_V_39_loc, i32 %dataHard_V_38_loc, i32 %dataHard_V_37_loc, i32 %dataHard_V_36_loc, i32 %dataHard_V_35_loc, i32 %dataHard_V_34_loc, i32 %dataHard_V_33_loc, i32 %dataHard_V_32_loc, i32 %dataHard_V_31_loc, i32 %dataHard_V_30_loc, i32 %dataHard_V_29_loc, i32 %dataHard_V_28_loc, i32 %dataHard_V_27_loc, i32 %dataHard_V_26_loc, i32 %dataHard_V_25_loc, i32 %dataHard_V_24_loc, i32 %dataHard_V_23_loc, i32 %dataHard_V_22_loc, i32 %dataHard_V_21_loc, i32 %dataHard_V_20_loc, i32 %dataHard_V_19_loc, i32 %dataHard_V_18_loc, i32 %dataHard_V_17_loc, i32 %dataHard_V_16_loc, i32 %dataHard_V_15_loc, i32 %dataHard_V_14_loc, i32 %dataHard_V_13_loc, i32 %dataHard_V_12_loc, i32 %dataHard_V_11_loc, i32 %dataHard_V_10_loc, i32 %dataHard_V_9_loc, i32 %dataHard_V_8_loc, i32 %dataHard_V_7_loc, i32 %dataHard_V_6_loc, i32 %dataHard_V_5_loc, i32 %dataHard_V_4_loc, i32 %dataHard_V_3_loc, i32 %dataHard_V_2_loc, i32 %dataHard_V_1_loc, i32 %dataHard_V_loc"   --->   Operation 152 'call' 'call_ln0' <Predicate = true> <Delay = 0.00> <CoreType = "Generic">   --->   Core 0 '' <Latency = 0> <II = 1> <Delay = 1.00> <Generic> <Opcode : >
ST_1 : Operation 153 [1/1] (0.67ns)   --->   "%store_ln75 = store i32 8, i5 %matrix_addr_28" [ellipse_solver.cpp:75]   --->   Operation 153 'store' 'store_ln75' <Predicate = true> <Delay = 0.67> <CoreInst = "RAM">   --->   Core 83 'RAM' <Latency = 1> <II = 1> <Delay = 0.67> <Storage> <Opcode : 'load' 'store'> <Ports = 2> <Width = 32> <Depth = 30> <RAM>

State 2 <SV = 1> <Delay = 1.14>
ST_2 : Operation 154 [1/2] (1.14ns)   --->   "%call_ln0 = call void @ellipse_solver_Pipeline_1, i32 %outData_12_loc, i32 %outData_11_loc, i32 %outData_10_loc, i32 %outData_9_loc, i32 %outData_8_loc, i32 %outData_7_loc, i32 %outData_6_loc, i32 %outData_5_loc, i32 %outData_4_loc, i32 %outData_3_loc, i32 %outData_2_loc, i32 %outData_1_loc, i32 %outData_loc"   --->   Operation 154 'call' 'call_ln0' <Predicate = true> <Delay = 1.14> <CoreType = "Generic">   --->   Core 0 '' <Latency = 0> <II = 1> <Delay = 1.00> <Generic> <Opcode : >
ST_2 : Operation 155 [1/2] (0.00ns)   --->   "%call_ln0 = call void @ellipse_solver_Pipeline_first_loop, i64 %dataPoints, i32 %dataHard_V_103_loc, i32 %dataHard_V_102_loc, i32 %dataHard_V_101_loc, i32 %dataHard_V_100_loc, i32 %dataHard_V_99_loc, i32 %dataHard_V_98_loc, i32 %dataHard_V_97_loc, i32 %dataHard_V_96_loc, i32 %dataHard_V_95_loc, i32 %dataHard_V_94_loc, i32 %dataHard_V_93_loc, i32 %dataHard_V_92_loc, i32 %dataHard_V_91_loc, i32 %dataHard_V_90_loc, i32 %dataHard_V_89_loc, i32 %dataHard_V_88_loc, i32 %dataHard_V_87_loc, i32 %dataHard_V_86_loc, i32 %dataHard_V_85_loc, i32 %dataHard_V_84_loc, i32 %dataHard_V_83_loc, i32 %dataHard_V_82_loc, i32 %dataHard_V_81_loc, i32 %dataHard_V_80_loc, i32 %dataHard_V_79_loc, i32 %dataHard_V_78_loc, i32 %dataHard_V_77_loc, i32 %dataHard_V_76_loc, i32 %dataHard_V_75_loc, i32 %dataHard_V_74_loc, i32 %dataHard_V_73_loc, i32 %dataHard_V_72_loc, i32 %dataHard_V_71_loc, i32 %dataHard_V_70_loc, i32 %dataHard_V_69_loc, i32 %dataHard_V_68_loc, i32 %dataHard_V_67_loc, i32 %dataHard_V_66_loc, i32 %dataHard_V_65_loc, i32 %dataHard_V_64_loc, i32 %dataHard_V_63_loc, i32 %dataHard_V_62_loc, i32 %dataHard_V_61_loc, i32 %dataHard_V_60_loc, i32 %dataHard_V_59_loc, i32 %dataHard_V_58_loc, i32 %dataHard_V_57_loc, i32 %dataHard_V_56_loc, i32 %dataHard_V_55_loc, i32 %dataHard_V_54_loc, i32 %dataHard_V_53_loc, i32 %dataHard_V_52_loc, i32 %dataHard_V_51_loc, i32 %dataHard_V_50_loc, i32 %dataHard_V_49_loc, i32 %dataHard_V_48_loc, i32 %dataHard_V_47_loc, i32 %dataHard_V_46_loc, i32 %dataHard_V_45_loc, i32 %dataHard_V_44_loc, i32 %dataHard_V_43_loc, i32 %dataHard_V_42_loc, i32 %dataHard_V_41_loc, i32 %dataHard_V_40_loc, i32 %dataHard_V_39_loc, i32 %dataHard_V_38_loc, i32 %dataHard_V_37_loc, i32 %dataHard_V_36_loc, i32 %dataHard_V_35_loc, i32 %dataHard_V_34_loc, i32 %dataHard_V_33_loc, i32 %dataHard_V_32_loc, i32 %dataHard_V_31_loc, i32 %dataHard_V_30_loc, i32 %dataHard_V_29_loc, i32 %dataHard_V_28_loc, i32 %dataHard_V_27_loc, i32 %dataHard_V_26_loc, i32 %dataHard_V_25_loc, i32 %dataHard_V_24_loc, i32 %dataHard_V_23_loc, i32 %dataHard_V_22_loc, i32 %dataHard_V_21_loc, i32 %dataHard_V_20_loc, i32 %dataHard_V_19_loc, i32 %dataHard_V_18_loc, i32 %dataHard_V_17_loc, i32 %dataHard_V_16_loc, i32 %dataHard_V_15_loc, i32 %dataHard_V_14_loc, i32 %dataHard_V_13_loc, i32 %dataHard_V_12_loc, i32 %dataHard_V_11_loc, i32 %dataHard_V_10_loc, i32 %dataHard_V_9_loc, i32 %dataHard_V_8_loc, i32 %dataHard_V_7_loc, i32 %dataHard_V_6_loc, i32 %dataHard_V_5_loc, i32 %dataHard_V_4_loc, i32 %dataHard_V_3_loc, i32 %dataHard_V_2_loc, i32 %dataHard_V_1_loc, i32 %dataHard_V_loc"   --->   Operation 155 'call' 'call_ln0' <Predicate = true> <Delay = 0.00> <CoreType = "Generic">   --->   Core 0 '' <Latency = 0> <II = 1> <Delay = 1.00> <Generic> <Opcode : >

State 3 <SV = 2> <Delay = 0.42>
ST_3 : Operation 156 [1/1] (0.00ns)   --->   "%outData_12_loc_load = load i32 %outData_12_loc"   --->   Operation 156 'load' 'outData_12_loc_load' <Predicate = true> <Delay = 0.00>
ST_3 : Operation 157 [1/1] (0.00ns)   --->   "%outData_11_loc_load = load i32 %outData_11_loc"   --->   Operation 157 'load' 'outData_11_loc_load' <Predicate = true> <Delay = 0.00>
ST_3 : Operation 158 [1/1] (0.00ns)   --->   "%outData_10_loc_load = load i32 %outData_10_loc"   --->   Operation 158 'load' 'outData_10_loc_load' <Predicate = true> <Delay = 0.00>
ST_3 : Operation 159 [1/1] (0.00ns)   --->   "%outData_9_loc_load = load i32 %outData_9_loc"   --->   Operation 159 'load' 'outData_9_loc_load' <Predicate = true> <Delay = 0.00>
ST_3 : Operation 160 [1/1] (0.00ns)   --->   "%outData_8_loc_load = load i32 %outData_8_loc"   --->   Operation 160 'load' 'outData_8_loc_load' <Predicate = true> <Delay = 0.00>
ST_3 : Operation 161 [1/1] (0.00ns)   --->   "%outData_7_loc_load = load i32 %outData_7_loc"   --->   Operation 161 'load' 'outData_7_loc_load' <Predicate = true> <Delay = 0.00>
ST_3 : Operation 162 [1/1] (0.00ns)   --->   "%outData_6_loc_load = load i32 %outData_6_loc"   --->   Operation 162 'load' 'outData_6_loc_load' <Predicate = true> <Delay = 0.00>
ST_3 : Operation 163 [1/1] (0.00ns)   --->   "%outData_5_loc_load = load i32 %outData_5_loc"   --->   Operation 163 'load' 'outData_5_loc_load' <Predicate = true> <Delay = 0.00>
ST_3 : Operation 164 [1/1] (0.00ns)   --->   "%outData_4_loc_load = load i32 %outData_4_loc"   --->   Operation 164 'load' 'outData_4_loc_load' <Predicate = true> <Delay = 0.00>
ST_3 : Operation 165 [1/1] (0.00ns)   --->   "%outData_3_loc_load = load i32 %outData_3_loc"   --->   Operation 165 'load' 'outData_3_loc_load' <Predicate = true> <Delay = 0.00>
ST_3 : Operation 166 [1/1] (0.00ns)   --->   "%outData_2_loc_load = load i32 %outData_2_loc"   --->   Operation 166 'load' 'outData_2_loc_load' <Predicate = true> <Delay = 0.00>
ST_3 : Operation 167 [1/1] (0.00ns)   --->   "%outData_1_loc_load = load i32 %outData_1_loc"   --->   Operation 167 'load' 'outData_1_loc_load' <Predicate = true> <Delay = 0.00>
ST_3 : Operation 168 [1/1] (0.00ns)   --->   "%outData_loc_load = load i32 %outData_loc"   --->   Operation 168 'load' 'outData_loc_load' <Predicate = true> <Delay = 0.00>
ST_3 : Operation 169 [1/1] (0.00ns)   --->   "%dataHard_V_103_loc_load = load i32 %dataHard_V_103_loc"   --->   Operation 169 'load' 'dataHard_V_103_loc_load' <Predicate = true> <Delay = 0.00>
ST_3 : Operation 170 [1/1] (0.00ns)   --->   "%dataHard_V_102_loc_load = load i32 %dataHard_V_102_loc"   --->   Operation 170 'load' 'dataHard_V_102_loc_load' <Predicate = true> <Delay = 0.00>
ST_3 : Operation 171 [1/1] (0.00ns)   --->   "%dataHard_V_101_loc_load = load i32 %dataHard_V_101_loc"   --->   Operation 171 'load' 'dataHard_V_101_loc_load' <Predicate = true> <Delay = 0.00>
ST_3 : Operation 172 [1/1] (0.00ns)   --->   "%dataHard_V_100_loc_load = load i32 %dataHard_V_100_loc"   --->   Operation 172 'load' 'dataHard_V_100_loc_load' <Predicate = true> <Delay = 0.00>
ST_3 : Operation 173 [1/1] (0.00ns)   --->   "%dataHard_V_99_loc_load = load i32 %dataHard_V_99_loc"   --->   Operation 173 'load' 'dataHard_V_99_loc_load' <Predicate = true> <Delay = 0.00>
ST_3 : Operation 174 [1/1] (0.00ns)   --->   "%dataHard_V_98_loc_load = load i32 %dataHard_V_98_loc"   --->   Operation 174 'load' 'dataHard_V_98_loc_load' <Predicate = true> <Delay = 0.00>
ST_3 : Operation 175 [1/1] (0.00ns)   --->   "%dataHard_V_97_loc_load = load i32 %dataHard_V_97_loc"   --->   Operation 175 'load' 'dataHard_V_97_loc_load' <Predicate = true> <Delay = 0.00>
ST_3 : Operation 176 [1/1] (0.00ns)   --->   "%dataHard_V_96_loc_load = load i32 %dataHard_V_96_loc"   --->   Operation 176 'load' 'dataHard_V_96_loc_load' <Predicate = true> <Delay = 0.00>
ST_3 : Operation 177 [1/1] (0.00ns)   --->   "%dataHard_V_95_loc_load = load i32 %dataHard_V_95_loc"   --->   Operation 177 'load' 'dataHard_V_95_loc_load' <Predicate = true> <Delay = 0.00>
ST_3 : Operation 178 [1/1] (0.00ns)   --->   "%dataHard_V_94_loc_load = load i32 %dataHard_V_94_loc"   --->   Operation 178 'load' 'dataHard_V_94_loc_load' <Predicate = true> <Delay = 0.00>
ST_3 : Operation 179 [1/1] (0.00ns)   --->   "%dataHard_V_93_loc_load = load i32 %dataHard_V_93_loc"   --->   Operation 179 'load' 'dataHard_V_93_loc_load' <Predicate = true> <Delay = 0.00>
ST_3 : Operation 180 [1/1] (0.00ns)   --->   "%dataHard_V_92_loc_load = load i32 %dataHard_V_92_loc"   --->   Operation 180 'load' 'dataHard_V_92_loc_load' <Predicate = true> <Delay = 0.00>
ST_3 : Operation 181 [1/1] (0.00ns)   --->   "%dataHard_V_91_loc_load = load i32 %dataHard_V_91_loc"   --->   Operation 181 'load' 'dataHard_V_91_loc_load' <Predicate = true> <Delay = 0.00>
ST_3 : Operation 182 [1/1] (0.00ns)   --->   "%dataHard_V_90_loc_load = load i32 %dataHard_V_90_loc"   --->   Operation 182 'load' 'dataHard_V_90_loc_load' <Predicate = true> <Delay = 0.00>
ST_3 : Operation 183 [1/1] (0.00ns)   --->   "%dataHard_V_89_loc_load = load i32 %dataHard_V_89_loc"   --->   Operation 183 'load' 'dataHard_V_89_loc_load' <Predicate = true> <Delay = 0.00>
ST_3 : Operation 184 [1/1] (0.00ns)   --->   "%dataHard_V_88_loc_load = load i32 %dataHard_V_88_loc"   --->   Operation 184 'load' 'dataHard_V_88_loc_load' <Predicate = true> <Delay = 0.00>
ST_3 : Operation 185 [1/1] (0.00ns)   --->   "%dataHard_V_87_loc_load = load i32 %dataHard_V_87_loc"   --->   Operation 185 'load' 'dataHard_V_87_loc_load' <Predicate = true> <Delay = 0.00>
ST_3 : Operation 186 [1/1] (0.00ns)   --->   "%dataHard_V_86_loc_load = load i32 %dataHard_V_86_loc"   --->   Operation 186 'load' 'dataHard_V_86_loc_load' <Predicate = true> <Delay = 0.00>
ST_3 : Operation 187 [1/1] (0.00ns)   --->   "%dataHard_V_85_loc_load = load i32 %dataHard_V_85_loc"   --->   Operation 187 'load' 'dataHard_V_85_loc_load' <Predicate = true> <Delay = 0.00>
ST_3 : Operation 188 [1/1] (0.00ns)   --->   "%dataHard_V_84_loc_load = load i32 %dataHard_V_84_loc"   --->   Operation 188 'load' 'dataHard_V_84_loc_load' <Predicate = true> <Delay = 0.00>
ST_3 : Operation 189 [1/1] (0.00ns)   --->   "%dataHard_V_83_loc_load = load i32 %dataHard_V_83_loc"   --->   Operation 189 'load' 'dataHard_V_83_loc_load' <Predicate = true> <Delay = 0.00>
ST_3 : Operation 190 [1/1] (0.00ns)   --->   "%dataHard_V_82_loc_load = load i32 %dataHard_V_82_loc"   --->   Operation 190 'load' 'dataHard_V_82_loc_load' <Predicate = true> <Delay = 0.00>
ST_3 : Operation 191 [1/1] (0.00ns)   --->   "%dataHard_V_81_loc_load = load i32 %dataHard_V_81_loc"   --->   Operation 191 'load' 'dataHard_V_81_loc_load' <Predicate = true> <Delay = 0.00>
ST_3 : Operation 192 [1/1] (0.00ns)   --->   "%dataHard_V_80_loc_load = load i32 %dataHard_V_80_loc"   --->   Operation 192 'load' 'dataHard_V_80_loc_load' <Predicate = true> <Delay = 0.00>
ST_3 : Operation 193 [1/1] (0.00ns)   --->   "%dataHard_V_79_loc_load = load i32 %dataHard_V_79_loc"   --->   Operation 193 'load' 'dataHard_V_79_loc_load' <Predicate = true> <Delay = 0.00>
ST_3 : Operation 194 [1/1] (0.00ns)   --->   "%dataHard_V_78_loc_load = load i32 %dataHard_V_78_loc"   --->   Operation 194 'load' 'dataHard_V_78_loc_load' <Predicate = true> <Delay = 0.00>
ST_3 : Operation 195 [1/1] (0.00ns)   --->   "%dataHard_V_77_loc_load = load i32 %dataHard_V_77_loc"   --->   Operation 195 'load' 'dataHard_V_77_loc_load' <Predicate = true> <Delay = 0.00>
ST_3 : Operation 196 [1/1] (0.00ns)   --->   "%dataHard_V_76_loc_load = load i32 %dataHard_V_76_loc"   --->   Operation 196 'load' 'dataHard_V_76_loc_load' <Predicate = true> <Delay = 0.00>
ST_3 : Operation 197 [1/1] (0.00ns)   --->   "%dataHard_V_75_loc_load = load i32 %dataHard_V_75_loc"   --->   Operation 197 'load' 'dataHard_V_75_loc_load' <Predicate = true> <Delay = 0.00>
ST_3 : Operation 198 [1/1] (0.00ns)   --->   "%dataHard_V_74_loc_load = load i32 %dataHard_V_74_loc"   --->   Operation 198 'load' 'dataHard_V_74_loc_load' <Predicate = true> <Delay = 0.00>
ST_3 : Operation 199 [1/1] (0.00ns)   --->   "%dataHard_V_73_loc_load = load i32 %dataHard_V_73_loc"   --->   Operation 199 'load' 'dataHard_V_73_loc_load' <Predicate = true> <Delay = 0.00>
ST_3 : Operation 200 [1/1] (0.00ns)   --->   "%dataHard_V_72_loc_load = load i32 %dataHard_V_72_loc"   --->   Operation 200 'load' 'dataHard_V_72_loc_load' <Predicate = true> <Delay = 0.00>
ST_3 : Operation 201 [1/1] (0.00ns)   --->   "%dataHard_V_71_loc_load = load i32 %dataHard_V_71_loc"   --->   Operation 201 'load' 'dataHard_V_71_loc_load' <Predicate = true> <Delay = 0.00>
ST_3 : Operation 202 [1/1] (0.00ns)   --->   "%dataHard_V_70_loc_load = load i32 %dataHard_V_70_loc"   --->   Operation 202 'load' 'dataHard_V_70_loc_load' <Predicate = true> <Delay = 0.00>
ST_3 : Operation 203 [1/1] (0.00ns)   --->   "%dataHard_V_69_loc_load = load i32 %dataHard_V_69_loc"   --->   Operation 203 'load' 'dataHard_V_69_loc_load' <Predicate = true> <Delay = 0.00>
ST_3 : Operation 204 [1/1] (0.00ns)   --->   "%dataHard_V_68_loc_load = load i32 %dataHard_V_68_loc"   --->   Operation 204 'load' 'dataHard_V_68_loc_load' <Predicate = true> <Delay = 0.00>
ST_3 : Operation 205 [1/1] (0.00ns)   --->   "%dataHard_V_67_loc_load = load i32 %dataHard_V_67_loc"   --->   Operation 205 'load' 'dataHard_V_67_loc_load' <Predicate = true> <Delay = 0.00>
ST_3 : Operation 206 [1/1] (0.00ns)   --->   "%dataHard_V_66_loc_load = load i32 %dataHard_V_66_loc"   --->   Operation 206 'load' 'dataHard_V_66_loc_load' <Predicate = true> <Delay = 0.00>
ST_3 : Operation 207 [1/1] (0.00ns)   --->   "%dataHard_V_65_loc_load = load i32 %dataHard_V_65_loc"   --->   Operation 207 'load' 'dataHard_V_65_loc_load' <Predicate = true> <Delay = 0.00>
ST_3 : Operation 208 [1/1] (0.00ns)   --->   "%dataHard_V_64_loc_load = load i32 %dataHard_V_64_loc"   --->   Operation 208 'load' 'dataHard_V_64_loc_load' <Predicate = true> <Delay = 0.00>
ST_3 : Operation 209 [1/1] (0.00ns)   --->   "%dataHard_V_63_loc_load = load i32 %dataHard_V_63_loc"   --->   Operation 209 'load' 'dataHard_V_63_loc_load' <Predicate = true> <Delay = 0.00>
ST_3 : Operation 210 [1/1] (0.00ns)   --->   "%dataHard_V_62_loc_load = load i32 %dataHard_V_62_loc"   --->   Operation 210 'load' 'dataHard_V_62_loc_load' <Predicate = true> <Delay = 0.00>
ST_3 : Operation 211 [1/1] (0.00ns)   --->   "%dataHard_V_61_loc_load = load i32 %dataHard_V_61_loc"   --->   Operation 211 'load' 'dataHard_V_61_loc_load' <Predicate = true> <Delay = 0.00>
ST_3 : Operation 212 [1/1] (0.00ns)   --->   "%dataHard_V_60_loc_load = load i32 %dataHard_V_60_loc"   --->   Operation 212 'load' 'dataHard_V_60_loc_load' <Predicate = true> <Delay = 0.00>
ST_3 : Operation 213 [1/1] (0.00ns)   --->   "%dataHard_V_59_loc_load = load i32 %dataHard_V_59_loc"   --->   Operation 213 'load' 'dataHard_V_59_loc_load' <Predicate = true> <Delay = 0.00>
ST_3 : Operation 214 [1/1] (0.00ns)   --->   "%dataHard_V_58_loc_load = load i32 %dataHard_V_58_loc"   --->   Operation 214 'load' 'dataHard_V_58_loc_load' <Predicate = true> <Delay = 0.00>
ST_3 : Operation 215 [1/1] (0.00ns)   --->   "%dataHard_V_57_loc_load = load i32 %dataHard_V_57_loc"   --->   Operation 215 'load' 'dataHard_V_57_loc_load' <Predicate = true> <Delay = 0.00>
ST_3 : Operation 216 [1/1] (0.00ns)   --->   "%dataHard_V_56_loc_load = load i32 %dataHard_V_56_loc"   --->   Operation 216 'load' 'dataHard_V_56_loc_load' <Predicate = true> <Delay = 0.00>
ST_3 : Operation 217 [1/1] (0.00ns)   --->   "%dataHard_V_55_loc_load = load i32 %dataHard_V_55_loc"   --->   Operation 217 'load' 'dataHard_V_55_loc_load' <Predicate = true> <Delay = 0.00>
ST_3 : Operation 218 [1/1] (0.00ns)   --->   "%dataHard_V_54_loc_load = load i32 %dataHard_V_54_loc"   --->   Operation 218 'load' 'dataHard_V_54_loc_load' <Predicate = true> <Delay = 0.00>
ST_3 : Operation 219 [1/1] (0.00ns)   --->   "%dataHard_V_53_loc_load = load i32 %dataHard_V_53_loc"   --->   Operation 219 'load' 'dataHard_V_53_loc_load' <Predicate = true> <Delay = 0.00>
ST_3 : Operation 220 [1/1] (0.00ns)   --->   "%dataHard_V_52_loc_load = load i32 %dataHard_V_52_loc"   --->   Operation 220 'load' 'dataHard_V_52_loc_load' <Predicate = true> <Delay = 0.00>
ST_3 : Operation 221 [1/1] (0.00ns)   --->   "%dataHard_V_51_loc_load = load i32 %dataHard_V_51_loc"   --->   Operation 221 'load' 'dataHard_V_51_loc_load' <Predicate = true> <Delay = 0.00>
ST_3 : Operation 222 [1/1] (0.00ns)   --->   "%dataHard_V_50_loc_load = load i32 %dataHard_V_50_loc"   --->   Operation 222 'load' 'dataHard_V_50_loc_load' <Predicate = true> <Delay = 0.00>
ST_3 : Operation 223 [1/1] (0.00ns)   --->   "%dataHard_V_49_loc_load = load i32 %dataHard_V_49_loc"   --->   Operation 223 'load' 'dataHard_V_49_loc_load' <Predicate = true> <Delay = 0.00>
ST_3 : Operation 224 [1/1] (0.00ns)   --->   "%dataHard_V_48_loc_load = load i32 %dataHard_V_48_loc"   --->   Operation 224 'load' 'dataHard_V_48_loc_load' <Predicate = true> <Delay = 0.00>
ST_3 : Operation 225 [1/1] (0.00ns)   --->   "%dataHard_V_47_loc_load = load i32 %dataHard_V_47_loc"   --->   Operation 225 'load' 'dataHard_V_47_loc_load' <Predicate = true> <Delay = 0.00>
ST_3 : Operation 226 [1/1] (0.00ns)   --->   "%dataHard_V_46_loc_load = load i32 %dataHard_V_46_loc"   --->   Operation 226 'load' 'dataHard_V_46_loc_load' <Predicate = true> <Delay = 0.00>
ST_3 : Operation 227 [1/1] (0.00ns)   --->   "%dataHard_V_45_loc_load = load i32 %dataHard_V_45_loc"   --->   Operation 227 'load' 'dataHard_V_45_loc_load' <Predicate = true> <Delay = 0.00>
ST_3 : Operation 228 [1/1] (0.00ns)   --->   "%dataHard_V_44_loc_load = load i32 %dataHard_V_44_loc"   --->   Operation 228 'load' 'dataHard_V_44_loc_load' <Predicate = true> <Delay = 0.00>
ST_3 : Operation 229 [1/1] (0.00ns)   --->   "%dataHard_V_43_loc_load = load i32 %dataHard_V_43_loc"   --->   Operation 229 'load' 'dataHard_V_43_loc_load' <Predicate = true> <Delay = 0.00>
ST_3 : Operation 230 [1/1] (0.00ns)   --->   "%dataHard_V_42_loc_load = load i32 %dataHard_V_42_loc"   --->   Operation 230 'load' 'dataHard_V_42_loc_load' <Predicate = true> <Delay = 0.00>
ST_3 : Operation 231 [1/1] (0.00ns)   --->   "%dataHard_V_41_loc_load = load i32 %dataHard_V_41_loc"   --->   Operation 231 'load' 'dataHard_V_41_loc_load' <Predicate = true> <Delay = 0.00>
ST_3 : Operation 232 [1/1] (0.00ns)   --->   "%dataHard_V_40_loc_load = load i32 %dataHard_V_40_loc"   --->   Operation 232 'load' 'dataHard_V_40_loc_load' <Predicate = true> <Delay = 0.00>
ST_3 : Operation 233 [1/1] (0.00ns)   --->   "%dataHard_V_39_loc_load = load i32 %dataHard_V_39_loc"   --->   Operation 233 'load' 'dataHard_V_39_loc_load' <Predicate = true> <Delay = 0.00>
ST_3 : Operation 234 [1/1] (0.00ns)   --->   "%dataHard_V_38_loc_load = load i32 %dataHard_V_38_loc"   --->   Operation 234 'load' 'dataHard_V_38_loc_load' <Predicate = true> <Delay = 0.00>
ST_3 : Operation 235 [1/1] (0.00ns)   --->   "%dataHard_V_37_loc_load = load i32 %dataHard_V_37_loc"   --->   Operation 235 'load' 'dataHard_V_37_loc_load' <Predicate = true> <Delay = 0.00>
ST_3 : Operation 236 [1/1] (0.00ns)   --->   "%dataHard_V_36_loc_load = load i32 %dataHard_V_36_loc"   --->   Operation 236 'load' 'dataHard_V_36_loc_load' <Predicate = true> <Delay = 0.00>
ST_3 : Operation 237 [1/1] (0.00ns)   --->   "%dataHard_V_35_loc_load = load i32 %dataHard_V_35_loc"   --->   Operation 237 'load' 'dataHard_V_35_loc_load' <Predicate = true> <Delay = 0.00>
ST_3 : Operation 238 [1/1] (0.00ns)   --->   "%dataHard_V_34_loc_load = load i32 %dataHard_V_34_loc"   --->   Operation 238 'load' 'dataHard_V_34_loc_load' <Predicate = true> <Delay = 0.00>
ST_3 : Operation 239 [1/1] (0.00ns)   --->   "%dataHard_V_33_loc_load = load i32 %dataHard_V_33_loc"   --->   Operation 239 'load' 'dataHard_V_33_loc_load' <Predicate = true> <Delay = 0.00>
ST_3 : Operation 240 [1/1] (0.00ns)   --->   "%dataHard_V_32_loc_load = load i32 %dataHard_V_32_loc"   --->   Operation 240 'load' 'dataHard_V_32_loc_load' <Predicate = true> <Delay = 0.00>
ST_3 : Operation 241 [1/1] (0.00ns)   --->   "%dataHard_V_31_loc_load = load i32 %dataHard_V_31_loc"   --->   Operation 241 'load' 'dataHard_V_31_loc_load' <Predicate = true> <Delay = 0.00>
ST_3 : Operation 242 [1/1] (0.00ns)   --->   "%dataHard_V_30_loc_load = load i32 %dataHard_V_30_loc"   --->   Operation 242 'load' 'dataHard_V_30_loc_load' <Predicate = true> <Delay = 0.00>
ST_3 : Operation 243 [1/1] (0.00ns)   --->   "%dataHard_V_29_loc_load = load i32 %dataHard_V_29_loc"   --->   Operation 243 'load' 'dataHard_V_29_loc_load' <Predicate = true> <Delay = 0.00>
ST_3 : Operation 244 [1/1] (0.00ns)   --->   "%dataHard_V_28_loc_load = load i32 %dataHard_V_28_loc"   --->   Operation 244 'load' 'dataHard_V_28_loc_load' <Predicate = true> <Delay = 0.00>
ST_3 : Operation 245 [1/1] (0.00ns)   --->   "%dataHard_V_27_loc_load = load i32 %dataHard_V_27_loc"   --->   Operation 245 'load' 'dataHard_V_27_loc_load' <Predicate = true> <Delay = 0.00>
ST_3 : Operation 246 [1/1] (0.00ns)   --->   "%dataHard_V_26_loc_load = load i32 %dataHard_V_26_loc"   --->   Operation 246 'load' 'dataHard_V_26_loc_load' <Predicate = true> <Delay = 0.00>
ST_3 : Operation 247 [1/1] (0.00ns)   --->   "%dataHard_V_25_loc_load = load i32 %dataHard_V_25_loc"   --->   Operation 247 'load' 'dataHard_V_25_loc_load' <Predicate = true> <Delay = 0.00>
ST_3 : Operation 248 [1/1] (0.00ns)   --->   "%dataHard_V_24_loc_load = load i32 %dataHard_V_24_loc"   --->   Operation 248 'load' 'dataHard_V_24_loc_load' <Predicate = true> <Delay = 0.00>
ST_3 : Operation 249 [1/1] (0.00ns)   --->   "%dataHard_V_23_loc_load = load i32 %dataHard_V_23_loc"   --->   Operation 249 'load' 'dataHard_V_23_loc_load' <Predicate = true> <Delay = 0.00>
ST_3 : Operation 250 [1/1] (0.00ns)   --->   "%dataHard_V_22_loc_load = load i32 %dataHard_V_22_loc"   --->   Operation 250 'load' 'dataHard_V_22_loc_load' <Predicate = true> <Delay = 0.00>
ST_3 : Operation 251 [1/1] (0.00ns)   --->   "%dataHard_V_21_loc_load = load i32 %dataHard_V_21_loc"   --->   Operation 251 'load' 'dataHard_V_21_loc_load' <Predicate = true> <Delay = 0.00>
ST_3 : Operation 252 [1/1] (0.00ns)   --->   "%dataHard_V_20_loc_load = load i32 %dataHard_V_20_loc"   --->   Operation 252 'load' 'dataHard_V_20_loc_load' <Predicate = true> <Delay = 0.00>
ST_3 : Operation 253 [1/1] (0.00ns)   --->   "%dataHard_V_19_loc_load = load i32 %dataHard_V_19_loc"   --->   Operation 253 'load' 'dataHard_V_19_loc_load' <Predicate = true> <Delay = 0.00>
ST_3 : Operation 254 [1/1] (0.00ns)   --->   "%dataHard_V_18_loc_load = load i32 %dataHard_V_18_loc"   --->   Operation 254 'load' 'dataHard_V_18_loc_load' <Predicate = true> <Delay = 0.00>
ST_3 : Operation 255 [1/1] (0.00ns)   --->   "%dataHard_V_17_loc_load = load i32 %dataHard_V_17_loc"   --->   Operation 255 'load' 'dataHard_V_17_loc_load' <Predicate = true> <Delay = 0.00>
ST_3 : Operation 256 [1/1] (0.00ns)   --->   "%dataHard_V_16_loc_load = load i32 %dataHard_V_16_loc"   --->   Operation 256 'load' 'dataHard_V_16_loc_load' <Predicate = true> <Delay = 0.00>
ST_3 : Operation 257 [1/1] (0.00ns)   --->   "%dataHard_V_15_loc_load = load i32 %dataHard_V_15_loc"   --->   Operation 257 'load' 'dataHard_V_15_loc_load' <Predicate = true> <Delay = 0.00>
ST_3 : Operation 258 [1/1] (0.00ns)   --->   "%dataHard_V_14_loc_load = load i32 %dataHard_V_14_loc"   --->   Operation 258 'load' 'dataHard_V_14_loc_load' <Predicate = true> <Delay = 0.00>
ST_3 : Operation 259 [1/1] (0.00ns)   --->   "%dataHard_V_13_loc_load = load i32 %dataHard_V_13_loc"   --->   Operation 259 'load' 'dataHard_V_13_loc_load' <Predicate = true> <Delay = 0.00>
ST_3 : Operation 260 [1/1] (0.00ns)   --->   "%dataHard_V_12_loc_load = load i32 %dataHard_V_12_loc"   --->   Operation 260 'load' 'dataHard_V_12_loc_load' <Predicate = true> <Delay = 0.00>
ST_3 : Operation 261 [1/1] (0.00ns)   --->   "%dataHard_V_11_loc_load = load i32 %dataHard_V_11_loc"   --->   Operation 261 'load' 'dataHard_V_11_loc_load' <Predicate = true> <Delay = 0.00>
ST_3 : Operation 262 [1/1] (0.00ns)   --->   "%dataHard_V_10_loc_load = load i32 %dataHard_V_10_loc"   --->   Operation 262 'load' 'dataHard_V_10_loc_load' <Predicate = true> <Delay = 0.00>
ST_3 : Operation 263 [1/1] (0.00ns)   --->   "%dataHard_V_9_loc_load = load i32 %dataHard_V_9_loc"   --->   Operation 263 'load' 'dataHard_V_9_loc_load' <Predicate = true> <Delay = 0.00>
ST_3 : Operation 264 [1/1] (0.00ns)   --->   "%dataHard_V_8_loc_load = load i32 %dataHard_V_8_loc"   --->   Operation 264 'load' 'dataHard_V_8_loc_load' <Predicate = true> <Delay = 0.00>
ST_3 : Operation 265 [1/1] (0.00ns)   --->   "%dataHard_V_7_loc_load = load i32 %dataHard_V_7_loc"   --->   Operation 265 'load' 'dataHard_V_7_loc_load' <Predicate = true> <Delay = 0.00>
ST_3 : Operation 266 [1/1] (0.00ns)   --->   "%dataHard_V_6_loc_load = load i32 %dataHard_V_6_loc"   --->   Operation 266 'load' 'dataHard_V_6_loc_load' <Predicate = true> <Delay = 0.00>
ST_3 : Operation 267 [1/1] (0.00ns)   --->   "%dataHard_V_5_loc_load = load i32 %dataHard_V_5_loc"   --->   Operation 267 'load' 'dataHard_V_5_loc_load' <Predicate = true> <Delay = 0.00>
ST_3 : Operation 268 [1/1] (0.00ns)   --->   "%dataHard_V_4_loc_load = load i32 %dataHard_V_4_loc"   --->   Operation 268 'load' 'dataHard_V_4_loc_load' <Predicate = true> <Delay = 0.00>
ST_3 : Operation 269 [1/1] (0.00ns)   --->   "%dataHard_V_3_loc_load = load i32 %dataHard_V_3_loc"   --->   Operation 269 'load' 'dataHard_V_3_loc_load' <Predicate = true> <Delay = 0.00>
ST_3 : Operation 270 [1/1] (0.00ns)   --->   "%dataHard_V_2_loc_load = load i32 %dataHard_V_2_loc"   --->   Operation 270 'load' 'dataHard_V_2_loc_load' <Predicate = true> <Delay = 0.00>
ST_3 : Operation 271 [1/1] (0.00ns)   --->   "%dataHard_V_1_loc_load = load i32 %dataHard_V_1_loc"   --->   Operation 271 'load' 'dataHard_V_1_loc_load' <Predicate = true> <Delay = 0.00>
ST_3 : Operation 272 [1/1] (0.00ns)   --->   "%dataHard_V_loc_load = load i32 %dataHard_V_loc"   --->   Operation 272 'load' 'dataHard_V_loc_load' <Predicate = true> <Delay = 0.00>
ST_3 : Operation 273 [2/2] (0.42ns)   --->   "%call_ln0 = call void @ellipse_solver_Pipeline_second_loop, i32 %outData_12_loc_load, i32 %outData_11_loc_load, i32 %outData_10_loc_load, i32 %outData_9_loc_load, i32 %outData_8_loc_load, i32 %outData_7_loc_load, i32 %outData_6_loc_load, i32 %outData_5_loc_load, i32 %outData_4_loc_load, i32 %outData_3_loc_load, i32 %outData_2_loc_load, i32 %outData_1_loc_load, i32 %outData_loc_load, i32 %dataHard_V_loc_load, i32 %dataHard_V_1_loc_load, i32 %dataHard_V_2_loc_load, i32 %dataHard_V_3_loc_load, i32 %dataHard_V_4_loc_load, i32 %dataHard_V_5_loc_load, i32 %dataHard_V_6_loc_load, i32 %dataHard_V_7_loc_load, i32 %dataHard_V_8_loc_load, i32 %dataHard_V_9_loc_load, i32 %dataHard_V_10_loc_load, i32 %dataHard_V_11_loc_load, i32 %dataHard_V_12_loc_load, i32 %dataHard_V_13_loc_load, i32 %dataHard_V_14_loc_load, i32 %dataHard_V_15_loc_load, i32 %dataHard_V_16_loc_load, i32 %dataHard_V_17_loc_load, i32 %dataHard_V_18_loc_load, i32 %dataHard_V_19_loc_load, i32 %dataHard_V_20_loc_load, i32 %dataHard_V_21_loc_load, i32 %dataHard_V_22_loc_load, i32 %dataHard_V_23_loc_load, i32 %dataHard_V_24_loc_load, i32 %dataHard_V_25_loc_load, i32 %dataHard_V_26_loc_load, i32 %dataHard_V_27_loc_load, i32 %dataHard_V_28_loc_load, i32 %dataHard_V_29_loc_load, i32 %dataHard_V_30_loc_load, i32 %dataHard_V_31_loc_load, i32 %dataHard_V_32_loc_load, i32 %dataHard_V_33_loc_load, i32 %dataHard_V_34_loc_load, i32 %dataHard_V_35_loc_load, i32 %dataHard_V_36_loc_load, i32 %dataHard_V_37_loc_load, i32 %dataHard_V_38_loc_load, i32 %dataHard_V_39_loc_load, i32 %dataHard_V_40_loc_load, i32 %dataHard_V_41_loc_load, i32 %dataHard_V_42_loc_load, i32 %dataHard_V_43_loc_load, i32 %dataHard_V_44_loc_load, i32 %dataHard_V_45_loc_load, i32 %dataHard_V_46_loc_load, i32 %dataHard_V_47_loc_load, i32 %dataHard_V_48_loc_load, i32 %dataHard_V_49_loc_load, i32 %dataHard_V_50_loc_load, i32 %dataHard_V_51_loc_load, i32 %dataHard_V_52_loc_load, i32 %dataHard_V_53_loc_load, i32 %dataHard_V_54_loc_load, i32 %dataHard_V_55_loc_load, i32 %dataHard_V_56_loc_load, i32 %dataHard_V_57_loc_load, i32 %dataHard_V_58_loc_load, i32 %dataHard_V_59_loc_load, i32 %dataHard_V_60_loc_load, i32 %dataHard_V_61_loc_load, i32 %dataHard_V_62_loc_load, i32 %dataHard_V_63_loc_load, i32 %dataHard_V_64_loc_load, i32 %dataHard_V_65_loc_load, i32 %dataHard_V_66_loc_load, i32 %dataHard_V_67_loc_load, i32 %dataHard_V_68_loc_load, i32 %dataHard_V_69_loc_load, i32 %dataHard_V_70_loc_load, i32 %dataHard_V_71_loc_load, i32 %dataHard_V_72_loc_load, i32 %dataHard_V_73_loc_load, i32 %dataHard_V_74_loc_load, i32 %dataHard_V_75_loc_load, i32 %dataHard_V_76_loc_load, i32 %dataHard_V_77_loc_load, i32 %dataHard_V_78_loc_load, i32 %dataHard_V_79_loc_load, i32 %dataHard_V_80_loc_load, i32 %dataHard_V_81_loc_load, i32 %dataHard_V_82_loc_load, i32 %dataHard_V_83_loc_load, i32 %dataHard_V_84_loc_load, i32 %dataHard_V_85_loc_load, i32 %dataHard_V_86_loc_load, i32 %dataHard_V_87_loc_load, i32 %dataHard_V_88_loc_load, i32 %dataHard_V_89_loc_load, i32 %dataHard_V_90_loc_load, i32 %dataHard_V_91_loc_load, i32 %dataHard_V_92_loc_load, i32 %dataHard_V_93_loc_load, i32 %dataHard_V_94_loc_load, i32 %dataHard_V_95_loc_load, i32 %dataHard_V_96_loc_load, i32 %dataHard_V_97_loc_load, i32 %dataHard_V_98_loc_load, i32 %dataHard_V_99_loc_load, i32 %dataHard_V_100_loc_load, i32 %dataHard_V_101_loc_load, i32 %dataHard_V_102_loc_load, i32 %dataHard_V_103_loc_load, i32 %outData_38_loc, i32 %outData_37_loc, i32 %outData_36_loc, i32 %outData_35_loc, i32 %outData_34_loc, i32 %outData_33_loc, i32 %outData_32_loc, i32 %outData_31_loc, i32 %outData_30_loc, i32 %outData_29_loc, i32 %outData_28_loc, i32 %outData_27_loc, i32 %outData_26_loc"   --->   Operation 273 'call' 'call_ln0' <Predicate = true> <Delay = 0.42> <CoreType = "Generic">   --->   Core 0 '' <Latency = 0> <II = 1> <Delay = 1.00> <Generic> <Opcode : >

State 4 <SV = 3> <Delay = 0.72>
ST_4 : Operation 274 [1/2] (0.72ns)   --->   "%call_ln0 = call void @ellipse_solver_Pipeline_second_loop, i32 %outData_12_loc_load, i32 %outData_11_loc_load, i32 %outData_10_loc_load, i32 %outData_9_loc_load, i32 %outData_8_loc_load, i32 %outData_7_loc_load, i32 %outData_6_loc_load, i32 %outData_5_loc_load, i32 %outData_4_loc_load, i32 %outData_3_loc_load, i32 %outData_2_loc_load, i32 %outData_1_loc_load, i32 %outData_loc_load, i32 %dataHard_V_loc_load, i32 %dataHard_V_1_loc_load, i32 %dataHard_V_2_loc_load, i32 %dataHard_V_3_loc_load, i32 %dataHard_V_4_loc_load, i32 %dataHard_V_5_loc_load, i32 %dataHard_V_6_loc_load, i32 %dataHard_V_7_loc_load, i32 %dataHard_V_8_loc_load, i32 %dataHard_V_9_loc_load, i32 %dataHard_V_10_loc_load, i32 %dataHard_V_11_loc_load, i32 %dataHard_V_12_loc_load, i32 %dataHard_V_13_loc_load, i32 %dataHard_V_14_loc_load, i32 %dataHard_V_15_loc_load, i32 %dataHard_V_16_loc_load, i32 %dataHard_V_17_loc_load, i32 %dataHard_V_18_loc_load, i32 %dataHard_V_19_loc_load, i32 %dataHard_V_20_loc_load, i32 %dataHard_V_21_loc_load, i32 %dataHard_V_22_loc_load, i32 %dataHard_V_23_loc_load, i32 %dataHard_V_24_loc_load, i32 %dataHard_V_25_loc_load, i32 %dataHard_V_26_loc_load, i32 %dataHard_V_27_loc_load, i32 %dataHard_V_28_loc_load, i32 %dataHard_V_29_loc_load, i32 %dataHard_V_30_loc_load, i32 %dataHard_V_31_loc_load, i32 %dataHard_V_32_loc_load, i32 %dataHard_V_33_loc_load, i32 %dataHard_V_34_loc_load, i32 %dataHard_V_35_loc_load, i32 %dataHard_V_36_loc_load, i32 %dataHard_V_37_loc_load, i32 %dataHard_V_38_loc_load, i32 %dataHard_V_39_loc_load, i32 %dataHard_V_40_loc_load, i32 %dataHard_V_41_loc_load, i32 %dataHard_V_42_loc_load, i32 %dataHard_V_43_loc_load, i32 %dataHard_V_44_loc_load, i32 %dataHard_V_45_loc_load, i32 %dataHard_V_46_loc_load, i32 %dataHard_V_47_loc_load, i32 %dataHard_V_48_loc_load, i32 %dataHard_V_49_loc_load, i32 %dataHard_V_50_loc_load, i32 %dataHard_V_51_loc_load, i32 %dataHard_V_52_loc_load, i32 %dataHard_V_53_loc_load, i32 %dataHard_V_54_loc_load, i32 %dataHard_V_55_loc_load, i32 %dataHard_V_56_loc_load, i32 %dataHard_V_57_loc_load, i32 %dataHard_V_58_loc_load, i32 %dataHard_V_59_loc_load, i32 %dataHard_V_60_loc_load, i32 %dataHard_V_61_loc_load, i32 %dataHard_V_62_loc_load, i32 %dataHard_V_63_loc_load, i32 %dataHard_V_64_loc_load, i32 %dataHard_V_65_loc_load, i32 %dataHard_V_66_loc_load, i32 %dataHard_V_67_loc_load, i32 %dataHard_V_68_loc_load, i32 %dataHard_V_69_loc_load, i32 %dataHard_V_70_loc_load, i32 %dataHard_V_71_loc_load, i32 %dataHard_V_72_loc_load, i32 %dataHard_V_73_loc_load, i32 %dataHard_V_74_loc_load, i32 %dataHard_V_75_loc_load, i32 %dataHard_V_76_loc_load, i32 %dataHard_V_77_loc_load, i32 %dataHard_V_78_loc_load, i32 %dataHard_V_79_loc_load, i32 %dataHard_V_80_loc_load, i32 %dataHard_V_81_loc_load, i32 %dataHard_V_82_loc_load, i32 %dataHard_V_83_loc_load, i32 %dataHard_V_84_loc_load, i32 %dataHard_V_85_loc_load, i32 %dataHard_V_86_loc_load, i32 %dataHard_V_87_loc_load, i32 %dataHard_V_88_loc_load, i32 %dataHard_V_89_loc_load, i32 %dataHard_V_90_loc_load, i32 %dataHard_V_91_loc_load, i32 %dataHard_V_92_loc_load, i32 %dataHard_V_93_loc_load, i32 %dataHard_V_94_loc_load, i32 %dataHard_V_95_loc_load, i32 %dataHard_V_96_loc_load, i32 %dataHard_V_97_loc_load, i32 %dataHard_V_98_loc_load, i32 %dataHard_V_99_loc_load, i32 %dataHard_V_100_loc_load, i32 %dataHard_V_101_loc_load, i32 %dataHard_V_102_loc_load, i32 %dataHard_V_103_loc_load, i32 %outData_38_loc, i32 %outData_37_loc, i32 %outData_36_loc, i32 %outData_35_loc, i32 %outData_34_loc, i32 %outData_33_loc, i32 %outData_32_loc, i32 %outData_31_loc, i32 %outData_30_loc, i32 %outData_29_loc, i32 %outData_28_loc, i32 %outData_27_loc, i32 %outData_26_loc"   --->   Operation 274 'call' 'call_ln0' <Predicate = true> <Delay = 0.72> <CoreType = "Generic">   --->   Core 0 '' <Latency = 0> <II = 1> <Delay = 1.00> <Generic> <Opcode : >

State 5 <SV = 4> <Delay = 0.67>
ST_5 : Operation 275 [1/1] (0.00ns)   --->   "%matrix_addr = getelementptr i32 %matrix, i64 0, i64 0" [ellipse_solver.cpp:47]   --->   Operation 275 'getelementptr' 'matrix_addr' <Predicate = true> <Delay = 0.00>
ST_5 : Operation 276 [1/1] (0.00ns)   --->   "%matrix_addr_1 = getelementptr i32 %matrix, i64 0, i64 1" [ellipse_solver.cpp:48]   --->   Operation 276 'getelementptr' 'matrix_addr_1' <Predicate = true> <Delay = 0.00>
ST_5 : Operation 277 [1/1] (0.00ns)   --->   "%outData_38_loc_load = load i32 %outData_38_loc"   --->   Operation 277 'load' 'outData_38_loc_load' <Predicate = true> <Delay = 0.00>
ST_5 : Operation 278 [1/1] (0.00ns)   --->   "%outData_37_loc_load = load i32 %outData_37_loc"   --->   Operation 278 'load' 'outData_37_loc_load' <Predicate = true> <Delay = 0.00>
ST_5 : Operation 279 [1/1] (0.67ns)   --->   "%store_ln47 = store i32 %outData_38_loc_load, i5 %matrix_addr" [ellipse_solver.cpp:47]   --->   Operation 279 'store' 'store_ln47' <Predicate = true> <Delay = 0.67> <CoreInst = "RAM">   --->   Core 83 'RAM' <Latency = 1> <II = 1> <Delay = 0.67> <Storage> <Opcode : 'load' 'store'> <Ports = 2> <Width = 32> <Depth = 30> <RAM>
ST_5 : Operation 280 [1/1] (0.67ns)   --->   "%store_ln48 = store i32 %outData_37_loc_load, i5 %matrix_addr_1" [ellipse_solver.cpp:48]   --->   Operation 280 'store' 'store_ln48' <Predicate = true> <Delay = 0.67> <CoreInst = "RAM">   --->   Core 83 'RAM' <Latency = 1> <II = 1> <Delay = 0.67> <Storage> <Opcode : 'load' 'store'> <Ports = 2> <Width = 32> <Depth = 30> <RAM>

State 6 <SV = 5> <Delay = 0.67>
ST_6 : Operation 281 [1/1] (0.00ns)   --->   "%matrix_addr_2 = getelementptr i32 %matrix, i64 0, i64 2" [ellipse_solver.cpp:49]   --->   Operation 281 'getelementptr' 'matrix_addr_2' <Predicate = true> <Delay = 0.00>
ST_6 : Operation 282 [1/1] (0.00ns)   --->   "%matrix_addr_3 = getelementptr i32 %matrix, i64 0, i64 3" [ellipse_solver.cpp:50]   --->   Operation 282 'getelementptr' 'matrix_addr_3' <Predicate = true> <Delay = 0.00>
ST_6 : Operation 283 [1/1] (0.00ns)   --->   "%outData_34_loc_load = load i32 %outData_34_loc"   --->   Operation 283 'load' 'outData_34_loc_load' <Predicate = true> <Delay = 0.00>
ST_6 : Operation 284 [1/1] (0.00ns)   --->   "%outData_32_loc_load = load i32 %outData_32_loc"   --->   Operation 284 'load' 'outData_32_loc_load' <Predicate = true> <Delay = 0.00>
ST_6 : Operation 285 [1/1] (0.67ns)   --->   "%store_ln49 = store i32 %outData_32_loc_load, i5 %matrix_addr_2" [ellipse_solver.cpp:49]   --->   Operation 285 'store' 'store_ln49' <Predicate = true> <Delay = 0.67> <CoreInst = "RAM">   --->   Core 83 'RAM' <Latency = 1> <II = 1> <Delay = 0.67> <Storage> <Opcode : 'load' 'store'> <Ports = 2> <Width = 32> <Depth = 30> <RAM>
ST_6 : Operation 286 [1/1] (0.67ns)   --->   "%store_ln50 = store i32 %outData_34_loc_load, i5 %matrix_addr_3" [ellipse_solver.cpp:50]   --->   Operation 286 'store' 'store_ln50' <Predicate = true> <Delay = 0.67> <CoreInst = "RAM">   --->   Core 83 'RAM' <Latency = 1> <II = 1> <Delay = 0.67> <Storage> <Opcode : 'load' 'store'> <Ports = 2> <Width = 32> <Depth = 30> <RAM>

State 7 <SV = 6> <Delay = 1.69>
ST_7 : Operation 287 [1/1] (0.00ns)   --->   "%matrix_addr_4 = getelementptr i32 %matrix, i64 0, i64 4" [ellipse_solver.cpp:51]   --->   Operation 287 'getelementptr' 'matrix_addr_4' <Predicate = true> <Delay = 0.00>
ST_7 : Operation 288 [1/1] (0.00ns)   --->   "%matrix_addr_5 = getelementptr i32 %matrix, i64 0, i64 5" [ellipse_solver.cpp:52]   --->   Operation 288 'getelementptr' 'matrix_addr_5' <Predicate = true> <Delay = 0.00>
ST_7 : Operation 289 [1/1] (0.00ns)   --->   "%outData_35_loc_load = load i32 %outData_35_loc"   --->   Operation 289 'load' 'outData_35_loc_load' <Predicate = true> <Delay = 0.00>
ST_7 : Operation 290 [1/1] (0.00ns)   --->   "%outData_30_loc_load = load i32 %outData_30_loc"   --->   Operation 290 'load' 'outData_30_loc_load' <Predicate = true> <Delay = 0.00>
ST_7 : Operation 291 [1/1] (0.67ns)   --->   "%store_ln51 = store i32 %outData_30_loc_load, i5 %matrix_addr_4" [ellipse_solver.cpp:51]   --->   Operation 291 'store' 'store_ln51' <Predicate = true> <Delay = 0.67> <CoreInst = "RAM">   --->   Core 83 'RAM' <Latency = 1> <II = 1> <Delay = 0.67> <Storage> <Opcode : 'load' 'store'> <Ports = 2> <Width = 32> <Depth = 30> <RAM>
ST_7 : Operation 292 [1/1] (1.01ns)   --->   "%sub_ln52 = sub i32 0, i32 %outData_35_loc_load" [ellipse_solver.cpp:52]   --->   Operation 292 'sub' 'sub_ln52' <Predicate = true> <Delay = 1.01> <CoreInst = "Adder">   --->   Core 1 'Adder' <Latency = 0> <II = 1> <Delay = 1.01> <FuncUnit> <Opcode : 'add' 'sub'> <InPorts = 2> <OutPorts = 1>
ST_7 : Operation 293 [1/1] (0.67ns)   --->   "%store_ln52 = store i32 %sub_ln52, i5 %matrix_addr_5" [ellipse_solver.cpp:52]   --->   Operation 293 'store' 'store_ln52' <Predicate = true> <Delay = 0.67> <CoreInst = "RAM">   --->   Core 83 'RAM' <Latency = 1> <II = 1> <Delay = 0.67> <Storage> <Opcode : 'load' 'store'> <Ports = 2> <Width = 32> <Depth = 30> <RAM>

State 8 <SV = 7> <Delay = 0.67>
ST_8 : Operation 294 [1/1] (0.00ns)   --->   "%matrix_addr_6 = getelementptr i32 %matrix, i64 0, i64 6" [ellipse_solver.cpp:53]   --->   Operation 294 'getelementptr' 'matrix_addr_6' <Predicate = true> <Delay = 0.00>
ST_8 : Operation 295 [1/1] (0.00ns)   --->   "%matrix_addr_7 = getelementptr i32 %matrix, i64 0, i64 7" [ellipse_solver.cpp:54]   --->   Operation 295 'getelementptr' 'matrix_addr_7' <Predicate = true> <Delay = 0.00>
ST_8 : Operation 296 [1/1] (0.67ns)   --->   "%store_ln53 = store i32 %outData_37_loc_load, i5 %matrix_addr_6" [ellipse_solver.cpp:53]   --->   Operation 296 'store' 'store_ln53' <Predicate = true> <Delay = 0.67> <CoreInst = "RAM">   --->   Core 83 'RAM' <Latency = 1> <II = 1> <Delay = 0.67> <Storage> <Opcode : 'load' 'store'> <Ports = 2> <Width = 32> <Depth = 30> <RAM>
ST_8 : Operation 297 [1/1] (0.67ns)   --->   "%store_ln54 = store i32 %outData_35_loc_load, i5 %matrix_addr_7" [ellipse_solver.cpp:54]   --->   Operation 297 'store' 'store_ln54' <Predicate = true> <Delay = 0.67> <CoreInst = "RAM">   --->   Core 83 'RAM' <Latency = 1> <II = 1> <Delay = 0.67> <Storage> <Opcode : 'load' 'store'> <Ports = 2> <Width = 32> <Depth = 30> <RAM>

State 9 <SV = 8> <Delay = 0.67>
ST_9 : Operation 298 [1/1] (0.00ns)   --->   "%matrix_addr_8 = getelementptr i32 %matrix, i64 0, i64 8" [ellipse_solver.cpp:55]   --->   Operation 298 'getelementptr' 'matrix_addr_8' <Predicate = true> <Delay = 0.00>
ST_9 : Operation 299 [1/1] (0.00ns)   --->   "%matrix_addr_9 = getelementptr i32 %matrix, i64 0, i64 9" [ellipse_solver.cpp:56]   --->   Operation 299 'getelementptr' 'matrix_addr_9' <Predicate = true> <Delay = 0.00>
ST_9 : Operation 300 [1/1] (0.00ns)   --->   "%outData_31_loc_load = load i32 %outData_31_loc"   --->   Operation 300 'load' 'outData_31_loc_load' <Predicate = true> <Delay = 0.00>
ST_9 : Operation 301 [1/1] (0.67ns)   --->   "%store_ln55 = store i32 %outData_31_loc_load, i5 %matrix_addr_8" [ellipse_solver.cpp:55]   --->   Operation 301 'store' 'store_ln55' <Predicate = true> <Delay = 0.67> <CoreInst = "RAM">   --->   Core 83 'RAM' <Latency = 1> <II = 1> <Delay = 0.67> <Storage> <Opcode : 'load' 'store'> <Ports = 2> <Width = 32> <Depth = 30> <RAM>
ST_9 : Operation 302 [1/1] (0.67ns)   --->   "%store_ln56 = store i32 %outData_32_loc_load, i5 %matrix_addr_9" [ellipse_solver.cpp:56]   --->   Operation 302 'store' 'store_ln56' <Predicate = true> <Delay = 0.67> <CoreInst = "RAM">   --->   Core 83 'RAM' <Latency = 1> <II = 1> <Delay = 0.67> <Storage> <Opcode : 'load' 'store'> <Ports = 2> <Width = 32> <Depth = 30> <RAM>

State 10 <SV = 9> <Delay = 1.69>
ST_10 : Operation 303 [1/1] (0.00ns)   --->   "%matrix_addr_10 = getelementptr i32 %matrix, i64 0, i64 10" [ellipse_solver.cpp:57]   --->   Operation 303 'getelementptr' 'matrix_addr_10' <Predicate = true> <Delay = 0.00>
ST_10 : Operation 304 [1/1] (0.00ns)   --->   "%matrix_addr_11 = getelementptr i32 %matrix, i64 0, i64 11" [ellipse_solver.cpp:58]   --->   Operation 304 'getelementptr' 'matrix_addr_11' <Predicate = true> <Delay = 0.00>
ST_10 : Operation 305 [1/1] (0.00ns)   --->   "%outData_36_loc_load = load i32 %outData_36_loc"   --->   Operation 305 'load' 'outData_36_loc_load' <Predicate = true> <Delay = 0.00>
ST_10 : Operation 306 [1/1] (0.00ns)   --->   "%outData_28_loc_load = load i32 %outData_28_loc"   --->   Operation 306 'load' 'outData_28_loc_load' <Predicate = true> <Delay = 0.00>
ST_10 : Operation 307 [1/1] (0.67ns)   --->   "%store_ln57 = store i32 %outData_28_loc_load, i5 %matrix_addr_10" [ellipse_solver.cpp:57]   --->   Operation 307 'store' 'store_ln57' <Predicate = true> <Delay = 0.67> <CoreInst = "RAM">   --->   Core 83 'RAM' <Latency = 1> <II = 1> <Delay = 0.67> <Storage> <Opcode : 'load' 'store'> <Ports = 2> <Width = 32> <Depth = 30> <RAM>
ST_10 : Operation 308 [1/1] (1.01ns)   --->   "%sub_ln58 = sub i32 0, i32 %outData_36_loc_load" [ellipse_solver.cpp:58]   --->   Operation 308 'sub' 'sub_ln58' <Predicate = true> <Delay = 1.01> <CoreInst = "Adder">   --->   Core 1 'Adder' <Latency = 0> <II = 1> <Delay = 1.01> <FuncUnit> <Opcode : 'add' 'sub'> <InPorts = 2> <OutPorts = 1>
ST_10 : Operation 309 [1/1] (0.67ns)   --->   "%store_ln58 = store i32 %sub_ln58, i5 %matrix_addr_11" [ellipse_solver.cpp:58]   --->   Operation 309 'store' 'store_ln58' <Predicate = true> <Delay = 0.67> <CoreInst = "RAM">   --->   Core 83 'RAM' <Latency = 1> <II = 1> <Delay = 0.67> <Storage> <Opcode : 'load' 'store'> <Ports = 2> <Width = 32> <Depth = 30> <RAM>

State 11 <SV = 10> <Delay = 0.67>
ST_11 : Operation 310 [1/1] (0.00ns)   --->   "%matrix_addr_12 = getelementptr i32 %matrix, i64 0, i64 12" [ellipse_solver.cpp:59]   --->   Operation 310 'getelementptr' 'matrix_addr_12' <Predicate = true> <Delay = 0.00>
ST_11 : Operation 311 [1/1] (0.00ns)   --->   "%matrix_addr_13 = getelementptr i32 %matrix, i64 0, i64 13" [ellipse_solver.cpp:60]   --->   Operation 311 'getelementptr' 'matrix_addr_13' <Predicate = true> <Delay = 0.00>
ST_11 : Operation 312 [1/1] (0.67ns)   --->   "%store_ln59 = store i32 %outData_32_loc_load, i5 %matrix_addr_12" [ellipse_solver.cpp:59]   --->   Operation 312 'store' 'store_ln59' <Predicate = true> <Delay = 0.67> <CoreInst = "RAM">   --->   Core 83 'RAM' <Latency = 1> <II = 1> <Delay = 0.67> <Storage> <Opcode : 'load' 'store'> <Ports = 2> <Width = 32> <Depth = 30> <RAM>
ST_11 : Operation 313 [1/1] (0.67ns)   --->   "%store_ln60 = store i32 %outData_31_loc_load, i5 %matrix_addr_13" [ellipse_solver.cpp:60]   --->   Operation 313 'store' 'store_ln60' <Predicate = true> <Delay = 0.67> <CoreInst = "RAM">   --->   Core 83 'RAM' <Latency = 1> <II = 1> <Delay = 0.67> <Storage> <Opcode : 'load' 'store'> <Ports = 2> <Width = 32> <Depth = 30> <RAM>

State 12 <SV = 11> <Delay = 0.67>
ST_12 : Operation 314 [1/1] (0.00ns)   --->   "%matrix_addr_14 = getelementptr i32 %matrix, i64 0, i64 14" [ellipse_solver.cpp:61]   --->   Operation 314 'getelementptr' 'matrix_addr_14' <Predicate = true> <Delay = 0.00>
ST_12 : Operation 315 [1/1] (0.00ns)   --->   "%matrix_addr_15 = getelementptr i32 %matrix, i64 0, i64 15" [ellipse_solver.cpp:62]   --->   Operation 315 'getelementptr' 'matrix_addr_15' <Predicate = true> <Delay = 0.00>
ST_12 : Operation 316 [1/1] (0.00ns)   --->   "%outData_29_loc_load = load i32 %outData_29_loc"   --->   Operation 316 'load' 'outData_29_loc_load' <Predicate = true> <Delay = 0.00>
ST_12 : Operation 317 [1/1] (0.67ns)   --->   "%store_ln61 = store i32 %outData_29_loc_load, i5 %matrix_addr_14" [ellipse_solver.cpp:61]   --->   Operation 317 'store' 'store_ln61' <Predicate = true> <Delay = 0.67> <CoreInst = "RAM">   --->   Core 83 'RAM' <Latency = 1> <II = 1> <Delay = 0.67> <Storage> <Opcode : 'load' 'store'> <Ports = 2> <Width = 32> <Depth = 30> <RAM>
ST_12 : Operation 318 [1/1] (0.67ns)   --->   "%store_ln62 = store i32 %outData_28_loc_load, i5 %matrix_addr_15" [ellipse_solver.cpp:62]   --->   Operation 318 'store' 'store_ln62' <Predicate = true> <Delay = 0.67> <CoreInst = "RAM">   --->   Core 83 'RAM' <Latency = 1> <II = 1> <Delay = 0.67> <Storage> <Opcode : 'load' 'store'> <Ports = 2> <Width = 32> <Depth = 30> <RAM>

State 13 <SV = 12> <Delay = 1.69>
ST_13 : Operation 319 [1/1] (0.00ns)   --->   "%matrix_addr_16 = getelementptr i32 %matrix, i64 0, i64 16" [ellipse_solver.cpp:63]   --->   Operation 319 'getelementptr' 'matrix_addr_16' <Predicate = true> <Delay = 0.00>
ST_13 : Operation 320 [1/1] (0.00ns)   --->   "%matrix_addr_17 = getelementptr i32 %matrix, i64 0, i64 17" [ellipse_solver.cpp:64]   --->   Operation 320 'getelementptr' 'matrix_addr_17' <Predicate = true> <Delay = 0.00>
ST_13 : Operation 321 [1/1] (0.00ns)   --->   "%outData_33_loc_load = load i32 %outData_33_loc"   --->   Operation 321 'load' 'outData_33_loc_load' <Predicate = true> <Delay = 0.00>
ST_13 : Operation 322 [1/1] (0.00ns)   --->   "%outData_26_loc_load = load i32 %outData_26_loc"   --->   Operation 322 'load' 'outData_26_loc_load' <Predicate = true> <Delay = 0.00>
ST_13 : Operation 323 [1/1] (0.67ns)   --->   "%store_ln63 = store i32 %outData_26_loc_load, i5 %matrix_addr_16" [ellipse_solver.cpp:63]   --->   Operation 323 'store' 'store_ln63' <Predicate = true> <Delay = 0.67> <CoreInst = "RAM">   --->   Core 83 'RAM' <Latency = 1> <II = 1> <Delay = 0.67> <Storage> <Opcode : 'load' 'store'> <Ports = 2> <Width = 32> <Depth = 30> <RAM>
ST_13 : Operation 324 [1/1] (1.01ns)   --->   "%sub_ln64 = sub i32 0, i32 %outData_33_loc_load" [ellipse_solver.cpp:64]   --->   Operation 324 'sub' 'sub_ln64' <Predicate = true> <Delay = 1.01> <CoreInst = "Adder">   --->   Core 1 'Adder' <Latency = 0> <II = 1> <Delay = 1.01> <FuncUnit> <Opcode : 'add' 'sub'> <InPorts = 2> <OutPorts = 1>
ST_13 : Operation 325 [1/1] (0.67ns)   --->   "%store_ln64 = store i32 %sub_ln64, i5 %matrix_addr_17" [ellipse_solver.cpp:64]   --->   Operation 325 'store' 'store_ln64' <Predicate = true> <Delay = 0.67> <CoreInst = "RAM">   --->   Core 83 'RAM' <Latency = 1> <II = 1> <Delay = 0.67> <Storage> <Opcode : 'load' 'store'> <Ports = 2> <Width = 32> <Depth = 30> <RAM>

State 14 <SV = 13> <Delay = 0.67>
ST_14 : Operation 326 [1/1] (0.00ns)   --->   "%matrix_addr_18 = getelementptr i32 %matrix, i64 0, i64 18" [ellipse_solver.cpp:65]   --->   Operation 326 'getelementptr' 'matrix_addr_18' <Predicate = true> <Delay = 0.00>
ST_14 : Operation 327 [1/1] (0.00ns)   --->   "%matrix_addr_19 = getelementptr i32 %matrix, i64 0, i64 19" [ellipse_solver.cpp:66]   --->   Operation 327 'getelementptr' 'matrix_addr_19' <Predicate = true> <Delay = 0.00>
ST_14 : Operation 328 [1/1] (0.67ns)   --->   "%store_ln65 = store i32 %outData_34_loc_load, i5 %matrix_addr_18" [ellipse_solver.cpp:65]   --->   Operation 328 'store' 'store_ln65' <Predicate = true> <Delay = 0.67> <CoreInst = "RAM">   --->   Core 83 'RAM' <Latency = 1> <II = 1> <Delay = 0.67> <Storage> <Opcode : 'load' 'store'> <Ports = 2> <Width = 32> <Depth = 30> <RAM>
ST_14 : Operation 329 [1/1] (0.67ns)   --->   "%store_ln66 = store i32 %outData_32_loc_load, i5 %matrix_addr_19" [ellipse_solver.cpp:66]   --->   Operation 329 'store' 'store_ln66' <Predicate = true> <Delay = 0.67> <CoreInst = "RAM">   --->   Core 83 'RAM' <Latency = 1> <II = 1> <Delay = 0.67> <Storage> <Opcode : 'load' 'store'> <Ports = 2> <Width = 32> <Depth = 30> <RAM>

State 15 <SV = 14> <Delay = 0.67>
ST_15 : Operation 330 [1/1] (0.00ns)   --->   "%matrix_addr_20 = getelementptr i32 %matrix, i64 0, i64 20" [ellipse_solver.cpp:67]   --->   Operation 330 'getelementptr' 'matrix_addr_20' <Predicate = true> <Delay = 0.00>
ST_15 : Operation 331 [1/1] (0.00ns)   --->   "%matrix_addr_21 = getelementptr i32 %matrix, i64 0, i64 21" [ellipse_solver.cpp:68]   --->   Operation 331 'getelementptr' 'matrix_addr_21' <Predicate = true> <Delay = 0.00>
ST_15 : Operation 332 [1/1] (0.67ns)   --->   "%store_ln67 = store i32 %outData_28_loc_load, i5 %matrix_addr_20" [ellipse_solver.cpp:67]   --->   Operation 332 'store' 'store_ln67' <Predicate = true> <Delay = 0.67> <CoreInst = "RAM">   --->   Core 83 'RAM' <Latency = 1> <II = 1> <Delay = 0.67> <Storage> <Opcode : 'load' 'store'> <Ports = 2> <Width = 32> <Depth = 30> <RAM>
ST_15 : Operation 333 [1/1] (0.67ns)   --->   "%store_ln68 = store i32 %outData_30_loc_load, i5 %matrix_addr_21" [ellipse_solver.cpp:68]   --->   Operation 333 'store' 'store_ln68' <Predicate = true> <Delay = 0.67> <CoreInst = "RAM">   --->   Core 83 'RAM' <Latency = 1> <II = 1> <Delay = 0.67> <Storage> <Opcode : 'load' 'store'> <Ports = 2> <Width = 32> <Depth = 30> <RAM>

State 16 <SV = 15> <Delay = 1.69>
ST_16 : Operation 334 [1/1] (0.00ns)   --->   "%matrix_addr_22 = getelementptr i32 %matrix, i64 0, i64 22" [ellipse_solver.cpp:69]   --->   Operation 334 'getelementptr' 'matrix_addr_22' <Predicate = true> <Delay = 0.00>
ST_16 : Operation 335 [1/1] (0.00ns)   --->   "%matrix_addr_23 = getelementptr i32 %matrix, i64 0, i64 23" [ellipse_solver.cpp:70]   --->   Operation 335 'getelementptr' 'matrix_addr_23' <Predicate = true> <Delay = 0.00>
ST_16 : Operation 336 [1/1] (0.00ns)   --->   "%outData_27_loc_load = load i32 %outData_27_loc"   --->   Operation 336 'load' 'outData_27_loc_load' <Predicate = true> <Delay = 0.00>
ST_16 : Operation 337 [1/1] (0.67ns)   --->   "%store_ln69 = store i32 %outData_27_loc_load, i5 %matrix_addr_22" [ellipse_solver.cpp:69]   --->   Operation 337 'store' 'store_ln69' <Predicate = true> <Delay = 0.67> <CoreInst = "RAM">   --->   Core 83 'RAM' <Latency = 1> <II = 1> <Delay = 0.67> <Storage> <Opcode : 'load' 'store'> <Ports = 2> <Width = 32> <Depth = 30> <RAM>
ST_16 : Operation 338 [1/1] (1.01ns)   --->   "%sub_ln70 = sub i32 0, i32 %outData_31_loc_load" [ellipse_solver.cpp:70]   --->   Operation 338 'sub' 'sub_ln70' <Predicate = true> <Delay = 1.01> <CoreInst = "Adder">   --->   Core 1 'Adder' <Latency = 0> <II = 1> <Delay = 1.01> <FuncUnit> <Opcode : 'add' 'sub'> <InPorts = 2> <OutPorts = 1>
ST_16 : Operation 339 [1/1] (0.67ns)   --->   "%store_ln70 = store i32 %sub_ln70, i5 %matrix_addr_23" [ellipse_solver.cpp:70]   --->   Operation 339 'store' 'store_ln70' <Predicate = true> <Delay = 0.67> <CoreInst = "RAM">   --->   Core 83 'RAM' <Latency = 1> <II = 1> <Delay = 0.67> <Storage> <Opcode : 'load' 'store'> <Ports = 2> <Width = 32> <Depth = 30> <RAM>

State 17 <SV = 16> <Delay = 0.67>
ST_17 : Operation 340 [1/1] (0.00ns)   --->   "%matrix_addr_24 = getelementptr i32 %matrix, i64 0, i64 24" [ellipse_solver.cpp:71]   --->   Operation 340 'getelementptr' 'matrix_addr_24' <Predicate = true> <Delay = 0.00>
ST_17 : Operation 341 [1/1] (0.00ns)   --->   "%matrix_addr_25 = getelementptr i32 %matrix, i64 0, i64 25" [ellipse_solver.cpp:72]   --->   Operation 341 'getelementptr' 'matrix_addr_25' <Predicate = true> <Delay = 0.00>
ST_17 : Operation 342 [1/1] (0.67ns)   --->   "%store_ln71 = store i32 %outData_30_loc_load, i5 %matrix_addr_24" [ellipse_solver.cpp:71]   --->   Operation 342 'store' 'store_ln71' <Predicate = true> <Delay = 0.67> <CoreInst = "RAM">   --->   Core 83 'RAM' <Latency = 1> <II = 1> <Delay = 0.67> <Storage> <Opcode : 'load' 'store'> <Ports = 2> <Width = 32> <Depth = 30> <RAM>
ST_17 : Operation 343 [1/1] (0.67ns)   --->   "%store_ln72 = store i32 %outData_28_loc_load, i5 %matrix_addr_25" [ellipse_solver.cpp:72]   --->   Operation 343 'store' 'store_ln72' <Predicate = true> <Delay = 0.67> <CoreInst = "RAM">   --->   Core 83 'RAM' <Latency = 1> <II = 1> <Delay = 0.67> <Storage> <Opcode : 'load' 'store'> <Ports = 2> <Width = 32> <Depth = 30> <RAM>

State 18 <SV = 17> <Delay = 0.67>
ST_18 : Operation 344 [1/1] (0.00ns)   --->   "%matrix_addr_26 = getelementptr i32 %matrix, i64 0, i64 26" [ellipse_solver.cpp:73]   --->   Operation 344 'getelementptr' 'matrix_addr_26' <Predicate = true> <Delay = 0.00>
ST_18 : Operation 345 [1/1] (0.00ns)   --->   "%matrix_addr_27 = getelementptr i32 %matrix, i64 0, i64 27" [ellipse_solver.cpp:74]   --->   Operation 345 'getelementptr' 'matrix_addr_27' <Predicate = true> <Delay = 0.00>
ST_18 : Operation 346 [1/1] (0.67ns)   --->   "%store_ln73 = store i32 %outData_26_loc_load, i5 %matrix_addr_26" [ellipse_solver.cpp:73]   --->   Operation 346 'store' 'store_ln73' <Predicate = true> <Delay = 0.67> <CoreInst = "RAM">   --->   Core 83 'RAM' <Latency = 1> <II = 1> <Delay = 0.67> <Storage> <Opcode : 'load' 'store'> <Ports = 2> <Width = 32> <Depth = 30> <RAM>
ST_18 : Operation 347 [1/1] (0.67ns)   --->   "%store_ln74 = store i32 %outData_27_loc_load, i5 %matrix_addr_27" [ellipse_solver.cpp:74]   --->   Operation 347 'store' 'store_ln74' <Predicate = true> <Delay = 0.67> <CoreInst = "RAM">   --->   Core 83 'RAM' <Latency = 1> <II = 1> <Delay = 0.67> <Storage> <Opcode : 'load' 'store'> <Ports = 2> <Width = 32> <Depth = 30> <RAM>

State 19 <SV = 18> <Delay = 1.69>
ST_19 : Operation 348 [1/1] (0.00ns)   --->   "%matrix_addr_29 = getelementptr i32 %matrix, i64 0, i64 29" [ellipse_solver.cpp:76]   --->   Operation 348 'getelementptr' 'matrix_addr_29' <Predicate = true> <Delay = 0.00>
ST_19 : Operation 349 [1/1] (0.00ns)   --->   "%spectopmodule_ln5 = spectopmodule void @_ssdm_op_SpecTopModule, void @empty_3" [ellipse_solver.cpp:5]   --->   Operation 349 'spectopmodule' 'spectopmodule_ln5' <Predicate = true> <Delay = 0.00>
ST_19 : Operation 350 [1/1] (0.00ns)   --->   "%specinterface_ln0 = specinterface void @_ssdm_op_SpecInterface, i64 %dataPoints, void @empty, i32 0, i32 0, void @empty_0, i32 4294967295, i32 0, void @empty_0, void @empty_0, void @empty_0, i32 0, i32 0, i32 0, i32 0, void @empty_0, void @empty_0, i32 4294967295, i32 0"   --->   Operation 350 'specinterface' 'specinterface_ln0' <Predicate = true> <Delay = 0.00>
ST_19 : Operation 351 [1/1] (0.00ns)   --->   "%specbitsmap_ln0 = specbitsmap void @_ssdm_op_SpecBitsMap, i64 %dataPoints"   --->   Operation 351 'specbitsmap' 'specbitsmap_ln0' <Predicate = true> <Delay = 0.00>
ST_19 : Operation 352 [1/1] (0.00ns)   --->   "%specinterface_ln0 = specinterface void @_ssdm_op_SpecInterface, i32 %matrix, void @empty, i32 0, i32 0, void @empty_0, i32 4294967295, i32 0, void @empty_0, void @empty_0, void @empty_0, i32 0, i32 0, i32 0, i32 0, void @empty_0, void @empty_0, i32 4294967295, i32 0"   --->   Operation 352 'specinterface' 'specinterface_ln0' <Predicate = true> <Delay = 0.00>
ST_19 : Operation 353 [1/1] (0.00ns)   --->   "%specbitsmap_ln0 = specbitsmap void @_ssdm_op_SpecBitsMap, i32 %matrix"   --->   Operation 353 'specbitsmap' 'specbitsmap_ln0' <Predicate = true> <Delay = 0.00>
ST_19 : Operation 354 [1/1] (0.00ns)   --->   "%specinterface_ln0 = specinterface void @_ssdm_op_SpecInterface, i32 0, void @empty_1, i32 0, i32 0, void @empty_0, i32 0, i32 0, void @empty_2, void @empty_0, void @empty_0, i32 0, i32 0, i32 0, i32 0, void @empty_0, void @empty_0, i32 4294967295, i32 0"   --->   Operation 354 'specinterface' 'specinterface_ln0' <Predicate = true> <Delay = 0.00>
ST_19 : Operation 355 [1/1] (1.01ns)   --->   "%sub_ln76 = sub i32 0, i32 %outData_29_loc_load" [ellipse_solver.cpp:76]   --->   Operation 355 'sub' 'sub_ln76' <Predicate = true> <Delay = 1.01> <CoreInst = "Adder">   --->   Core 1 'Adder' <Latency = 0> <II = 1> <Delay = 1.01> <FuncUnit> <Opcode : 'add' 'sub'> <InPorts = 2> <OutPorts = 1>
ST_19 : Operation 356 [1/1] (0.67ns)   --->   "%store_ln76 = store i32 %sub_ln76, i5 %matrix_addr_29" [ellipse_solver.cpp:76]   --->   Operation 356 'store' 'store_ln76' <Predicate = true> <Delay = 0.67> <CoreInst = "RAM">   --->   Core 83 'RAM' <Latency = 1> <II = 1> <Delay = 0.67> <Storage> <Opcode : 'load' 'store'> <Ports = 2> <Width = 32> <Depth = 30> <RAM>
ST_19 : Operation 357 [1/1] (0.00ns)   --->   "%ret_ln77 = ret" [ellipse_solver.cpp:77]   --->   Operation 357 'ret' 'ret_ln77' <Predicate = true> <Delay = 0.00>


============================================================
+ Verbose Summary: Timing violations
============================================================
Target clock period: 10ns, clock uncertainty: 2.7ns.

 <State 1>: 0.677ns
The critical path consists of the following:
	'getelementptr' operation ('matrix_addr_28', ellipse_solver.cpp:75) [161]  (0 ns)
	'store' operation ('store_ln75', ellipse_solver.cpp:75) of constant 8 on array 'matrix' [334]  (0.677 ns)

 <State 2>: 1.15ns
The critical path consists of the following:
	'call' operation ('call_ln0') to 'ellipse_solver_Pipeline_1' [169]  (1.15 ns)

 <State 3>: 0.427ns
The critical path consists of the following:
	'load' operation ('outData_12_loc_load') on local variable 'outData_12_loc' [170]  (0 ns)
	'call' operation ('call_ln0') to 'ellipse_solver_Pipeline_second_loop' [288]  (0.427 ns)

 <State 4>: 0.721ns
The critical path consists of the following:
	'call' operation ('call_ln0') to 'ellipse_solver_Pipeline_second_loop' [288]  (0.721 ns)

 <State 5>: 0.677ns
The critical path consists of the following:
	'getelementptr' operation ('matrix_addr', ellipse_solver.cpp:47) [133]  (0 ns)
	'store' operation ('store_ln47', ellipse_solver.cpp:47) of variable 'outData_38_loc_load' on array 'matrix' [302]  (0.677 ns)

 <State 6>: 0.677ns
The critical path consists of the following:
	'getelementptr' operation ('matrix_addr_2', ellipse_solver.cpp:49) [135]  (0 ns)
	'store' operation ('store_ln49', ellipse_solver.cpp:49) of variable 'outData_32_loc_load' on array 'matrix' [304]  (0.677 ns)

 <State 7>: 1.69ns
The critical path consists of the following:
	'load' operation ('outData_35_loc_load') on local variable 'outData_35_loc' [292]  (0 ns)
	'sub' operation ('sub_ln52', ellipse_solver.cpp:52) [307]  (1.02 ns)
	'store' operation ('store_ln52', ellipse_solver.cpp:52) of variable 'sub_ln52', ellipse_solver.cpp:52 on array 'matrix' [308]  (0.677 ns)

 <State 8>: 0.677ns
The critical path consists of the following:
	'getelementptr' operation ('matrix_addr_6', ellipse_solver.cpp:53) [139]  (0 ns)
	'store' operation ('store_ln53', ellipse_solver.cpp:53) of variable 'outData_37_loc_load' on array 'matrix' [309]  (0.677 ns)

 <State 9>: 0.677ns
The critical path consists of the following:
	'getelementptr' operation ('matrix_addr_8', ellipse_solver.cpp:55) [141]  (0 ns)
	'store' operation ('store_ln55', ellipse_solver.cpp:55) of variable 'outData_31_loc_load' on array 'matrix' [311]  (0.677 ns)

 <State 10>: 1.69ns
The critical path consists of the following:
	'load' operation ('outData_36_loc_load') on local variable 'outData_36_loc' [291]  (0 ns)
	'sub' operation ('sub_ln58', ellipse_solver.cpp:58) [314]  (1.02 ns)
	'store' operation ('store_ln58', ellipse_solver.cpp:58) of variable 'sub_ln58', ellipse_solver.cpp:58 on array 'matrix' [315]  (0.677 ns)

 <State 11>: 0.677ns
The critical path consists of the following:
	'getelementptr' operation ('matrix_addr_12', ellipse_solver.cpp:59) [145]  (0 ns)
	'store' operation ('store_ln59', ellipse_solver.cpp:59) of variable 'outData_32_loc_load' on array 'matrix' [316]  (0.677 ns)

 <State 12>: 0.677ns
The critical path consists of the following:
	'getelementptr' operation ('matrix_addr_14', ellipse_solver.cpp:61) [147]  (0 ns)
	'store' operation ('store_ln61', ellipse_solver.cpp:61) of variable 'outData_29_loc_load' on array 'matrix' [318]  (0.677 ns)

 <State 13>: 1.69ns
The critical path consists of the following:
	'load' operation ('outData_33_loc_load') on local variable 'outData_33_loc' [294]  (0 ns)
	'sub' operation ('sub_ln64', ellipse_solver.cpp:64) [321]  (1.02 ns)
	'store' operation ('store_ln64', ellipse_solver.cpp:64) of variable 'sub_ln64', ellipse_solver.cpp:64 on array 'matrix' [322]  (0.677 ns)

 <State 14>: 0.677ns
The critical path consists of the following:
	'getelementptr' operation ('matrix_addr_18', ellipse_solver.cpp:65) [151]  (0 ns)
	'store' operation ('store_ln65', ellipse_solver.cpp:65) of variable 'outData_34_loc_load' on array 'matrix' [323]  (0.677 ns)

 <State 15>: 0.677ns
The critical path consists of the following:
	'getelementptr' operation ('matrix_addr_20', ellipse_solver.cpp:67) [153]  (0 ns)
	'store' operation ('store_ln67', ellipse_solver.cpp:67) of variable 'outData_28_loc_load' on array 'matrix' [325]  (0.677 ns)

 <State 16>: 1.69ns
The critical path consists of the following:
	'sub' operation ('sub_ln70', ellipse_solver.cpp:70) [328]  (1.02 ns)
	'store' operation ('store_ln70', ellipse_solver.cpp:70) of variable 'sub_ln70', ellipse_solver.cpp:70 on array 'matrix' [329]  (0.677 ns)

 <State 17>: 0.677ns
The critical path consists of the following:
	'getelementptr' operation ('matrix_addr_24', ellipse_solver.cpp:71) [157]  (0 ns)
	'store' operation ('store_ln71', ellipse_solver.cpp:71) of variable 'outData_30_loc_load' on array 'matrix' [330]  (0.677 ns)

 <State 18>: 0.677ns
The critical path consists of the following:
	'getelementptr' operation ('matrix_addr_26', ellipse_solver.cpp:73) [159]  (0 ns)
	'store' operation ('store_ln73', ellipse_solver.cpp:73) of variable 'outData_26_loc_load' on array 'matrix' [332]  (0.677 ns)

 <State 19>: 1.69ns
The critical path consists of the following:
	'sub' operation ('sub_ln76', ellipse_solver.cpp:76) [335]  (1.02 ns)
	'store' operation ('store_ln76', ellipse_solver.cpp:76) of variable 'sub_ln76', ellipse_solver.cpp:76 on array 'matrix' [336]  (0.677 ns)


============================================================
+ Verbose Summary: Binding
============================================================
N/A
* FSMD analyzer results:
  - Output states:
 - Input state : 
  - Chain level:
	State 1
	State 2
	State 3
	State 4
	State 5
	State 6
	State 7
	State 8
	State 9
	State 10
	State 11
	State 12
	State 13
	State 14
	State 15
	State 16
	State 17
	State 18
	State 19


============================================================
+ Verbose Summary: Datapath Resource usage 
============================================================
N/A
